2020-09-03 13:46:42,911 [Ángela] Created project [Inception_Test2](58)
2020-09-03 13:46:42,925 [Ángela] Created permission [MANAGER] for user [Ángela] on project [Inception_Test2](58)
2020-09-03 13:46:42,926 [Ángela] Created permission [CURATOR] for user [Ángela] on project [Inception_Test2](58)
2020-09-03 13:46:42,926 [Ángela] Created permission [ANNOTATOR] for user [Ángela] on project [Inception_Test2](58)
2020-09-03 13:46:42,930 [Ángela] Created layer [de.tudarmstadt.ukp.dkpro.core.api.segmentation.type.Token](697) in project [Inception_Test2](58)
2020-09-03 13:46:42,930 [Ángela] Created layer [de.tudarmstadt.ukp.dkpro.core.api.segmentation.type.SurfaceForm](698) in project [Inception_Test2](58)
2020-09-03 13:46:42,936 [Ángela] Created layer [de.tudarmstadt.ukp.dkpro.core.api.semantics.type.SemArg](699) in project [Inception_Test2](58)
2020-09-03 13:46:42,941 [Ángela] Created layer [de.tudarmstadt.ukp.dkpro.core.api.semantics.type.SemPred](700) in project [Inception_Test2](58)
2020-09-03 13:46:42,942 [Ángela] Created layer [de.tudarmstadt.ukp.dkpro.core.api.lexmorph.type.morph.MorphologicalFeatures](701) in project [Inception_Test2](58)
2020-09-03 13:46:42,945 [Ángela] Created layer [de.tudarmstadt.ukp.dkpro.core.api.segmentation.type.Lemma](702) in project [Inception_Test2](58)
2020-09-03 13:46:42,947 [Ángela] Created layer [de.tudarmstadt.ukp.dkpro.core.api.transform.type.SofaChangeAnnotation](703) in project [Inception_Test2](58)
2020-09-03 13:46:42,955 [Ángela] Created tagset [Operation](468) in project [Inception_Test2](58)
2020-09-03 13:46:42,958 [Ángela] Created tag [replace](7604) in tagset [Operation](468) in project [Inception_Test2](58)
2020-09-03 13:46:42,960 [Ángela] Created tag [insert_before](7605) in tagset [Operation](468) in project [Inception_Test2](58)
2020-09-03 13:46:42,963 [Ángela] Created tag [insert_after](7606) in tagset [Operation](468) in project [Inception_Test2](58)
2020-09-03 13:46:42,965 [Ángela] Created tag [delete](7607) in tagset [Operation](468) in project [Inception_Test2](58)
2020-09-03 13:46:42,968 [Ángela] Created layer [de.tudarmstadt.ukp.dkpro.core.api.syntax.type.chunk.Chunk](704) in project [Inception_Test2](58)
2020-09-03 13:46:42,975 [Ángela] Created tagset [Named Entity tags](469) in project [Inception_Test2](58)
2020-09-03 13:46:42,977 [Ángela] Created tag [LOC](7608) in tagset [Named Entity tags](469) in project [Inception_Test2](58)
2020-09-03 13:46:42,980 [Ángela] Created tag [LOCderiv](7609) in tagset [Named Entity tags](469) in project [Inception_Test2](58)
2020-09-03 13:46:42,982 [Ángela] Created tag [LOCpart](7610) in tagset [Named Entity tags](469) in project [Inception_Test2](58)
2020-09-03 13:46:42,985 [Ángela] Created tag [ORG](7611) in tagset [Named Entity tags](469) in project [Inception_Test2](58)
2020-09-03 13:46:42,987 [Ángela] Created tag [ORGderiv](7612) in tagset [Named Entity tags](469) in project [Inception_Test2](58)
2020-09-03 13:46:42,990 [Ángela] Created tag [ORGpart](7613) in tagset [Named Entity tags](469) in project [Inception_Test2](58)
2020-09-03 13:46:42,992 [Ángela] Created tag [OTH](7614) in tagset [Named Entity tags](469) in project [Inception_Test2](58)
2020-09-03 13:46:42,995 [Ángela] Created tag [OTHderiv](7615) in tagset [Named Entity tags](469) in project [Inception_Test2](58)
2020-09-03 13:46:42,997 [Ángela] Created tag [OTHpart](7616) in tagset [Named Entity tags](469) in project [Inception_Test2](58)
2020-09-03 13:46:43,000 [Ángela] Created tag [PER](7617) in tagset [Named Entity tags](469) in project [Inception_Test2](58)
2020-09-03 13:46:43,002 [Ángela] Created tag [PERderiv](7618) in tagset [Named Entity tags](469) in project [Inception_Test2](58)
2020-09-03 13:46:43,005 [Ángela] Created tag [PERpart](7619) in tagset [Named Entity tags](469) in project [Inception_Test2](58)
2020-09-03 13:46:43,005 [Ángela] Created layer [de.tudarmstadt.ukp.dkpro.core.api.ner.type.NamedEntity](705) in project [Inception_Test2](58)
2020-09-03 13:46:43,013 [Ángela] Created tagset [UD Universal POS tags (v2)](470) in project [Inception_Test2](58)
2020-09-03 13:46:43,015 [Ángela] Created tag [ADJ](7620) in tagset [UD Universal POS tags (v2)](470) in project [Inception_Test2](58)
2020-09-03 13:46:43,017 [Ángela] Created tag [ADP](7621) in tagset [UD Universal POS tags (v2)](470) in project [Inception_Test2](58)
2020-09-03 13:46:43,020 [Ángela] Created tag [ADV](7622) in tagset [UD Universal POS tags (v2)](470) in project [Inception_Test2](58)
2020-09-03 13:46:43,023 [Ángela] Created tag [AUX](7623) in tagset [UD Universal POS tags (v2)](470) in project [Inception_Test2](58)
2020-09-03 13:46:43,025 [Ángela] Created tag [CCONJ](7624) in tagset [UD Universal POS tags (v2)](470) in project [Inception_Test2](58)
2020-09-03 13:46:43,027 [Ángela] Created tag [DET](7625) in tagset [UD Universal POS tags (v2)](470) in project [Inception_Test2](58)
2020-09-03 13:46:43,030 [Ángela] Created tag [INTJ](7626) in tagset [UD Universal POS tags (v2)](470) in project [Inception_Test2](58)
2020-09-03 13:46:43,032 [Ángela] Created tag [NOUN](7627) in tagset [UD Universal POS tags (v2)](470) in project [Inception_Test2](58)
2020-09-03 13:46:43,034 [Ángela] Created tag [NUM](7628) in tagset [UD Universal POS tags (v2)](470) in project [Inception_Test2](58)
2020-09-03 13:46:43,036 [Ángela] Created tag [PART](7629) in tagset [UD Universal POS tags (v2)](470) in project [Inception_Test2](58)
2020-09-03 13:46:43,039 [Ángela] Created tag [PRON](7630) in tagset [UD Universal POS tags (v2)](470) in project [Inception_Test2](58)
2020-09-03 13:46:43,041 [Ángela] Created tag [PROPN](7631) in tagset [UD Universal POS tags (v2)](470) in project [Inception_Test2](58)
2020-09-03 13:46:43,043 [Ángela] Created tag [PUNCT](7632) in tagset [UD Universal POS tags (v2)](470) in project [Inception_Test2](58)
2020-09-03 13:46:43,046 [Ángela] Created tag [SCONJ](7633) in tagset [UD Universal POS tags (v2)](470) in project [Inception_Test2](58)
2020-09-03 13:46:43,048 [Ángela] Created tag [SYM](7634) in tagset [UD Universal POS tags (v2)](470) in project [Inception_Test2](58)
2020-09-03 13:46:43,051 [Ángela] Created tag [VERB](7635) in tagset [UD Universal POS tags (v2)](470) in project [Inception_Test2](58)
2020-09-03 13:46:43,056 [Ángela] Created tag [X](7636) in tagset [UD Universal POS tags (v2)](470) in project [Inception_Test2](58)
2020-09-03 13:46:43,057 [Ángela] Created layer [de.tudarmstadt.ukp.dkpro.core.api.lexmorph.type.pos.POS](706) in project [Inception_Test2](58)
2020-09-03 13:46:43,065 [Ángela] Created tagset [Coreference mentions](471) in project [Inception_Test2](58)
2020-09-03 13:46:43,067 [Ángela] Created tag [nam](7637) in tagset [Coreference mentions](471) in project [Inception_Test2](58)
2020-09-03 13:46:43,071 [Ángela] Created tagset [Coreference relations](472) in project [Inception_Test2](58)
2020-09-03 13:46:43,074 [Ángela] Created tag [anaphoric](7638) in tagset [Coreference relations](472) in project [Inception_Test2](58)
2020-09-03 13:46:43,074 [Ángela] Created layer [de.tudarmstadt.ukp.dkpro.core.api.coref.type.Coreference](707) in project [Inception_Test2](58)
2020-09-03 13:46:43,082 [Ángela] Created tagset [UD Universal Dependencies (v2)](473) in project [Inception_Test2](58)
2020-09-03 13:46:43,085 [Ángela] Created tag [acl](7639) in tagset [UD Universal Dependencies (v2)](473) in project [Inception_Test2](58)
2020-09-03 13:46:43,087 [Ángela] Created tag [advcl](7640) in tagset [UD Universal Dependencies (v2)](473) in project [Inception_Test2](58)
2020-09-03 13:46:43,089 [Ángela] Created tag [advmod](7641) in tagset [UD Universal Dependencies (v2)](473) in project [Inception_Test2](58)
2020-09-03 13:46:43,091 [Ángela] Created tag [amod](7642) in tagset [UD Universal Dependencies (v2)](473) in project [Inception_Test2](58)
2020-09-03 13:46:43,094 [Ángela] Created tag [appos](7643) in tagset [UD Universal Dependencies (v2)](473) in project [Inception_Test2](58)
2020-09-03 13:46:43,096 [Ángela] Created tag [aux](7644) in tagset [UD Universal Dependencies (v2)](473) in project [Inception_Test2](58)
2020-09-03 13:46:43,098 [Ángela] Created tag [case](7645) in tagset [UD Universal Dependencies (v2)](473) in project [Inception_Test2](58)
2020-09-03 13:46:43,100 [Ángela] Created tag [cc](7646) in tagset [UD Universal Dependencies (v2)](473) in project [Inception_Test2](58)
2020-09-03 13:46:43,102 [Ángela] Created tag [ccomp](7647) in tagset [UD Universal Dependencies (v2)](473) in project [Inception_Test2](58)
2020-09-03 13:46:43,105 [Ángela] Created tag [clf](7648) in tagset [UD Universal Dependencies (v2)](473) in project [Inception_Test2](58)
2020-09-03 13:46:43,107 [Ángela] Created tag [compound](7649) in tagset [UD Universal Dependencies (v2)](473) in project [Inception_Test2](58)
2020-09-03 13:46:43,109 [Ángela] Created tag [conj](7650) in tagset [UD Universal Dependencies (v2)](473) in project [Inception_Test2](58)
2020-09-03 13:46:43,111 [Ángela] Created tag [cop](7651) in tagset [UD Universal Dependencies (v2)](473) in project [Inception_Test2](58)
2020-09-03 13:46:43,114 [Ángela] Created tag [csubj](7652) in tagset [UD Universal Dependencies (v2)](473) in project [Inception_Test2](58)
2020-09-03 13:46:43,117 [Ángela] Created tag [dep](7653) in tagset [UD Universal Dependencies (v2)](473) in project [Inception_Test2](58)
2020-09-03 13:46:43,119 [Ángela] Created tag [det](7654) in tagset [UD Universal Dependencies (v2)](473) in project [Inception_Test2](58)
2020-09-03 13:46:43,122 [Ángela] Created tag [discourse](7655) in tagset [UD Universal Dependencies (v2)](473) in project [Inception_Test2](58)
2020-09-03 13:46:43,124 [Ángela] Created tag [dislocated](7656) in tagset [UD Universal Dependencies (v2)](473) in project [Inception_Test2](58)
2020-09-03 13:46:43,126 [Ángela] Created tag [expl](7657) in tagset [UD Universal Dependencies (v2)](473) in project [Inception_Test2](58)
2020-09-03 13:46:43,129 [Ángela] Created tag [fixed](7658) in tagset [UD Universal Dependencies (v2)](473) in project [Inception_Test2](58)
2020-09-03 13:46:43,131 [Ángela] Created tag [flat](7659) in tagset [UD Universal Dependencies (v2)](473) in project [Inception_Test2](58)
2020-09-03 13:46:43,133 [Ángela] Created tag [goeswith](7660) in tagset [UD Universal Dependencies (v2)](473) in project [Inception_Test2](58)
2020-09-03 13:46:43,136 [Ángela] Created tag [iobj](7661) in tagset [UD Universal Dependencies (v2)](473) in project [Inception_Test2](58)
2020-09-03 13:46:43,138 [Ángela] Created tag [list](7662) in tagset [UD Universal Dependencies (v2)](473) in project [Inception_Test2](58)
2020-09-03 13:46:43,140 [Ángela] Created tag [mark](7663) in tagset [UD Universal Dependencies (v2)](473) in project [Inception_Test2](58)
2020-09-03 13:46:43,142 [Ángela] Created tag [nmod](7664) in tagset [UD Universal Dependencies (v2)](473) in project [Inception_Test2](58)
2020-09-03 13:46:43,145 [Ángela] Created tag [nsubj](7665) in tagset [UD Universal Dependencies (v2)](473) in project [Inception_Test2](58)
2020-09-03 13:46:43,147 [Ángela] Created tag [nummod](7666) in tagset [UD Universal Dependencies (v2)](473) in project [Inception_Test2](58)
2020-09-03 13:46:43,149 [Ángela] Created tag [obj](7667) in tagset [UD Universal Dependencies (v2)](473) in project [Inception_Test2](58)
2020-09-03 13:46:43,151 [Ángela] Created tag [obl](7668) in tagset [UD Universal Dependencies (v2)](473) in project [Inception_Test2](58)
2020-09-03 13:46:43,154 [Ángela] Created tag [orphan](7669) in tagset [UD Universal Dependencies (v2)](473) in project [Inception_Test2](58)
2020-09-03 13:46:43,156 [Ángela] Created tag [parataxis](7670) in tagset [UD Universal Dependencies (v2)](473) in project [Inception_Test2](58)
2020-09-03 13:46:43,158 [Ángela] Created tag [punct](7671) in tagset [UD Universal Dependencies (v2)](473) in project [Inception_Test2](58)
2020-09-03 13:46:43,160 [Ángela] Created tag [reparandum](7672) in tagset [UD Universal Dependencies (v2)](473) in project [Inception_Test2](58)
2020-09-03 13:46:43,163 [Ángela] Created tag [root](7673) in tagset [UD Universal Dependencies (v2)](473) in project [Inception_Test2](58)
2020-09-03 13:46:43,165 [Ángela] Created tag [vocative](7674) in tagset [UD Universal Dependencies (v2)](473) in project [Inception_Test2](58)
2020-09-03 13:46:43,167 [Ángela] Created tag [xcomp](7675) in tagset [UD Universal Dependencies (v2)](473) in project [Inception_Test2](58)
2020-09-03 13:46:43,176 [Ángela] Created layer [de.tudarmstadt.ukp.dkpro.core.api.syntax.type.dependency.Dependency](708) in project [Inception_Test2](58)
2020-09-03 13:46:43,180 [Ángela] Created tagset [Dependency flavors](474) in project [Inception_Test2](58)
2020-09-03 13:46:43,183 [Ángela] Created tag [basic](7676) in tagset [Dependency flavors](474) in project [Inception_Test2](58)
2020-09-03 13:46:43,185 [Ángela] Created tag [enhanced](7677) in tagset [Dependency flavors](474) in project [Inception_Test2](58)
2020-09-03 13:52:22,253 [Ángela] Imported source document [Test](1880) to project [Inception_Test2](58)
2020-09-03 13:52:46,730 [Ángela] Created layer [de.tudarmstadt.ukp.dkpro.core.api.ner.type.NamedEntity](705) in project [Inception_Test2](58)
2020-09-03 13:52:46,734 [Ángela] Created tagset [Named Entity](475) in project [Inception_Test2](58)
2020-09-03 13:52:46,735 [Ángela] Created tag [ADDRESS](7678) in tagset [Named Entity](475) in project [Inception_Test2](58)
2020-09-03 13:52:46,735 [Ángela] Created tag [AGE](7679) in tagset [Named Entity](475) in project [Inception_Test2](58)
2020-09-03 13:52:46,735 [Ángela] Created tag [AMOUNT](7680) in tagset [Named Entity](475) in project [Inception_Test2](58)
2020-09-03 13:52:46,735 [Ángela] Created tag [DATE](7681) in tagset [Named Entity](475) in project [Inception_Test2](58)
2020-09-03 13:52:46,736 [Ángela] Created tag [ETHNIC CATEGORY](7682) in tagset [Named Entity](475) in project [Inception_Test2](58)
2020-09-03 13:52:46,736 [Ángela] Created tag [FINANCIAL](7683) in tagset [Named Entity](475) in project [Inception_Test2](58)
2020-09-03 13:52:46,736 [Ángela] Created tag [MARITAL STATUS](7684) in tagset [Named Entity](475) in project [Inception_Test2](58)
2020-09-03 13:52:46,737 [Ángela] Created tag [NATIONALITY](7685) in tagset [Named Entity](475) in project [Inception_Test2](58)
2020-09-03 13:52:46,737 [Ángela] Created tag [ORGANISATION](7686) in tagset [Named Entity](475) in project [Inception_Test2](58)
2020-09-03 13:52:46,737 [Ángela] Created tag [PERSON](7687) in tagset [Named Entity](475) in project [Inception_Test2](58)
2020-09-03 13:52:46,737 [Ángela] Created tag [PROFESSION](7688) in tagset [Named Entity](475) in project [Inception_Test2](58)
2020-09-03 13:52:46,738 [Ángela] Created tag [TIME](7689) in tagset [Named Entity](475) in project [Inception_Test2](58)
2020-09-03 13:52:46,738 [Ángela] Created tag [build year](7690) in tagset [Named Entity](475) in project [Inception_Test2](58)
2020-09-03 13:52:46,738 [Ángela] Created tag [building](7691) in tagset [Named Entity](475) in project [Inception_Test2](58)
2020-09-03 13:52:46,739 [Ángela] Created tag [calendar event](7692) in tagset [Named Entity](475) in project [Inception_Test2](58)
2020-09-03 13:52:46,739 [Ángela] Created tag [city](7693) in tagset [Named Entity](475) in project [Inception_Test2](58)
2020-09-03 13:52:46,739 [Ángela] Created tag [colour](7694) in tagset [Named Entity](475) in project [Inception_Test2](58)
2020-09-03 13:52:46,740 [Ángela] Created tag [country](7695) in tagset [Named Entity](475) in project [Inception_Test2](58)
2020-09-03 13:52:46,740 [Ángela] Created tag [day](7696) in tagset [Named Entity](475) in project [Inception_Test2](58)
2020-09-03 13:52:46,740 [Ángela] Created tag [day of week](7697) in tagset [Named Entity](475) in project [Inception_Test2](58)
2020-09-03 13:52:46,740 [Ángela] Created tag [email](7698) in tagset [Named Entity](475) in project [Inception_Test2](58)
2020-09-03 13:52:46,741 [Ángela] Created tag [family name](7699) in tagset [Named Entity](475) in project [Inception_Test2](58)
2020-09-03 13:52:46,741 [Ángela] Created tag [family name - female](7700) in tagset [Named Entity](475) in project [Inception_Test2](58)
2020-09-03 13:52:46,741 [Ángela] Created tag [family name - male](7701) in tagset [Named Entity](475) in project [Inception_Test2](58)
2020-09-03 13:52:46,742 [Ángela] Created tag [given name](7702) in tagset [Named Entity](475) in project [Inception_Test2](58)
2020-09-03 13:52:46,742 [Ángela] Created tag [given name - female](7703) in tagset [Named Entity](475) in project [Inception_Test2](58)
2020-09-03 13:52:46,742 [Ángela] Created tag [given name - male](7704) in tagset [Named Entity](475) in project [Inception_Test2](58)
2020-09-03 13:52:46,743 [Ángela] Created tag [health insurance number](7705) in tagset [Named Entity](475) in project [Inception_Test2](58)
2020-09-03 13:52:46,743 [Ángela] Created tag [id document number](7706) in tagset [Named Entity](475) in project [Inception_Test2](58)
2020-09-03 13:52:46,743 [Ángela] Created tag [licence plate number](7707) in tagset [Named Entity](475) in project [Inception_Test2](58)
2020-09-03 13:52:46,744 [Ángela] Created tag [medical record number](7708) in tagset [Named Entity](475) in project [Inception_Test2](58)
2020-09-03 13:52:46,744 [Ángela] Created tag [model](7709) in tagset [Named Entity](475) in project [Inception_Test2](58)
2020-09-03 13:52:46,744 [Ángela] Created tag [month](7710) in tagset [Named Entity](475) in project [Inception_Test2](58)
2020-09-03 13:52:46,745 [Ángela] Created tag [non-professional](7711) in tagset [Named Entity](475) in project [Inception_Test2](58)
2020-09-03 13:52:46,745 [Ángela] Created tag [other:address](7712) in tagset [Named Entity](475) in project [Inception_Test2](58)
2020-09-03 13:52:46,745 [Ángela] Created tag [other:amount](7713) in tagset [Named Entity](475) in project [Inception_Test2](58)
2020-09-03 13:52:46,746 [Ángela] Created tag [other:contact](7714) in tagset [Named Entity](475) in project [Inception_Test2](58)
2020-09-03 13:52:46,746 [Ángela] Created tag [other:date](7715) in tagset [Named Entity](475) in project [Inception_Test2](58)
2020-09-03 13:52:46,746 [Ángela] Created tag [other:id](7716) in tagset [Named Entity](475) in project [Inception_Test2](58)
2020-09-03 13:52:46,747 [Ángela] Created tag [other:name](7717) in tagset [Named Entity](475) in project [Inception_Test2](58)
2020-09-03 13:52:46,747 [Ángela] Created tag [other:role](7718) in tagset [Named Entity](475) in project [Inception_Test2](58)
2020-09-03 13:52:46,747 [Ángela] Created tag [other:vehicle](7719) in tagset [Named Entity](475) in project [Inception_Test2](58)
2020-09-03 13:52:46,748 [Ángela] Created tag [place](7720) in tagset [Named Entity](475) in project [Inception_Test2](58)
2020-09-03 13:52:46,748 [Ángela] Created tag [postcode](7721) in tagset [Named Entity](475) in project [Inception_Test2](58)
2020-09-03 13:52:46,748 [Ángela] Created tag [professional](7722) in tagset [Named Entity](475) in project [Inception_Test2](58)
2020-09-03 13:52:46,749 [Ángela] Created tag [social security number](7723) in tagset [Named Entity](475) in project [Inception_Test2](58)
2020-09-03 13:52:46,749 [Ángela] Created tag [standard abbreviation](7724) in tagset [Named Entity](475) in project [Inception_Test2](58)
2020-09-03 13:52:46,749 [Ángela] Created tag [street](7725) in tagset [Named Entity](475) in project [Inception_Test2](58)
2020-09-03 13:52:46,750 [Ángela] Created tag [telephone number](7726) in tagset [Named Entity](475) in project [Inception_Test2](58)
2020-09-03 13:52:46,750 [Ángela] Created tag [territory](7727) in tagset [Named Entity](475) in project [Inception_Test2](58)
2020-09-03 13:52:46,750 [Ángela] Created tag [title](7728) in tagset [Named Entity](475) in project [Inception_Test2](58)
2020-09-03 13:52:46,751 [Ángela] Created tag [type](7729) in tagset [Named Entity](475) in project [Inception_Test2](58)
2020-09-03 13:52:46,751 [Ángela] Created tag [unit](7730) in tagset [Named Entity](475) in project [Inception_Test2](58)
2020-09-03 13:52:46,751 [Ángela] Created tag [unresolved:address](7731) in tagset [Named Entity](475) in project [Inception_Test2](58)
2020-09-03 13:52:46,752 [Ángela] Created tag [unresolved:amount](7732) in tagset [Named Entity](475) in project [Inception_Test2](58)
2020-09-03 13:52:46,752 [Ángela] Created tag [unresolved:contact](7733) in tagset [Named Entity](475) in project [Inception_Test2](58)
2020-09-03 13:52:46,753 [Ángela] Created tag [unresolved:date](7734) in tagset [Named Entity](475) in project [Inception_Test2](58)
2020-09-03 13:52:46,753 [Ángela] Created tag [unresolved:id](7735) in tagset [Named Entity](475) in project [Inception_Test2](58)
2020-09-03 13:52:46,753 [Ángela] Created tag [unresolved:name](7736) in tagset [Named Entity](475) in project [Inception_Test2](58)
2020-09-03 13:52:46,754 [Ángela] Created tag [unresolved:role](7737) in tagset [Named Entity](475) in project [Inception_Test2](58)
2020-09-03 13:52:46,754 [Ángela] Created tag [unresolved:vehicle](7738) in tagset [Named Entity](475) in project [Inception_Test2](58)
2020-09-03 13:52:46,754 [Ángela] Created tag [url](7739) in tagset [Named Entity](475) in project [Inception_Test2](58)
2020-09-03 13:52:46,755 [Ángela] Created tag [value](7740) in tagset [Named Entity](475) in project [Inception_Test2](58)
2020-09-03 13:52:46,755 [Ángela] Created tag [year](7741) in tagset [Named Entity](475) in project [Inception_Test2](58)
2020-09-03 13:52:46,761 [Ángela] Created layer [de.tudarmstadt.ukp.dkpro.core.api.ner.type.NamedEntity](705) in project [Inception_Test2](58)
2020-09-03 13:52:52,618 [Ángela] Created layer [de.tudarmstadt.ukp.dkpro.core.api.syntax.type.chunk.Chunk](704) in project [Inception_Test2](58)
2020-09-03 13:52:55,602 [Ángela] Created layer [de.tudarmstadt.ukp.dkpro.core.api.coref.type.Coreference](707) in project [Inception_Test2](58)
2020-09-03 13:52:58,701 [Ángela] Created layer [de.tudarmstadt.ukp.dkpro.core.api.syntax.type.dependency.Dependency](708) in project [Inception_Test2](58)
2020-09-03 13:53:01,300 [Ángela] Created layer [de.tudarmstadt.ukp.dkpro.core.api.segmentation.type.Lemma](702) in project [Inception_Test2](58)
2020-09-03 13:53:03,855 [Ángela] Created layer [de.tudarmstadt.ukp.dkpro.core.api.lexmorph.type.morph.MorphologicalFeatures](701) in project [Inception_Test2](58)
2020-09-03 13:53:07,015 [Ángela] Created layer [de.tudarmstadt.ukp.dkpro.core.api.transform.type.SofaChangeAnnotation](703) in project [Inception_Test2](58)
2020-09-03 13:53:10,471 [Ángela] Created layer [de.tudarmstadt.ukp.dkpro.core.api.lexmorph.type.pos.POS](706) in project [Inception_Test2](58)
2020-09-03 13:53:13,590 [Ángela] Created layer [de.tudarmstadt.ukp.dkpro.core.api.semantics.type.SemArg](699) in project [Inception_Test2](58)
2020-09-03 13:53:16,447 [Ángela] Created layer [de.tudarmstadt.ukp.dkpro.core.api.semantics.type.SemPred](700) in project [Inception_Test2](58)
2020-09-03 13:53:19,143 [Ángela] Created layer [de.tudarmstadt.ukp.dkpro.core.api.segmentation.type.SurfaceForm](698) in project [Inception_Test2](58)
2020-09-03 13:53:34,536 [Ángela] Created layer [de.tudarmstadt.ukp.dkpro.core.api.ner.type.NamedEntity](705) in project [Inception_Test2](58)
2020-09-03 13:53:48,925 [Ángela] Created annotation document [440] for user [Ángela] for source document [Test](1880) in project [Inception_Test2](58)
2020-09-03 13:53:49,074 [Ángela] Upgraded CAS of user [Ángela] for document [Test](1880) in project [Inception_Test2](58)
2020-09-03 13:54:21,795 [Ángela] Removed source document [Test](1880) from project [Inception_Test2](58)
2020-09-03 13:54:30,308 [Ángela] Imported source document [Test](1881) to project [Inception_Test2](58)
2020-09-03 13:54:36,757 [Ángela] Created annotation document [441] for user [Ángela] for source document [Test](1881) in project [Inception_Test2](58)
2020-09-03 13:54:36,909 [Ángela] Upgraded CAS of user [Ángela] for document [Test](1881) in project [Inception_Test2](58)
2020-09-03 13:56:07,272 [Ángela] Removed source document [Test](1881) from project [Inception_Test2](58)
2020-09-03 13:56:12,550 [Ángela] Imported source document [Test](1882) to project [Inception_Test2](58)
2020-09-03 13:56:18,025 [Ángela] Created annotation document [442] for user [Ángela] for source document [Test](1882) in project [Inception_Test2](58)
2020-09-03 13:56:18,200 [Ángela] Upgraded CAS of user [Ángela] for document [Test](1882) in project [Inception_Test2](58)
2020-09-03 13:59:52,088 [Ángela] Removed source document [Test](1882) from project [Inception_Test2](58)
2020-09-03 13:59:57,305 [Ángela] Imported source document [Test](1883) to project [Inception_Test2](58)
2020-09-03 14:00:04,446 [Ángela] Created annotation document [443] for user [Ángela] for source document [Test](1883) in project [Inception_Test2](58)
2020-09-03 14:00:04,592 [Ángela] Upgraded CAS of user [Ángela] for document [Test](1883) in project [Inception_Test2](58)
2020-09-04 08:18:32,147 [Ángela] Upgraded CAS of user [Ángela] for document [Test](1883) in project [Inception_Test2](58)
2020-09-04 09:50:32,392 [Ángela] Upgraded CAS of user [Ángela] for document [Test](1883) in project [Inception_Test2](58)
2020-09-04 10:50:04,503 [Ángela] Created layer [de.tudarmstadt.ukp.dkpro.core.api.ner.type.NamedEntity](705) in project [Inception_Test2](58)
2020-09-04 10:50:11,471 [Ángela] Upgraded CAS of user [Ángela] for document [Test](1883) in project [Inception_Test2](58)
2020-09-04 10:51:59,390 [Ángela] Upgraded CAS of user [Ángela] for document [Test](1883) in project [Inception_Test2](58)
2020-09-04 10:58:06,422 [Ángela] Created layer [de.tudarmstadt.ukp.dkpro.core.api.ner.type.NamedEntity](705) in project [Inception_Test2](58)
2020-09-04 10:58:12,216 [Ángela] Upgraded CAS of user [Ángela] for document [Test](1883) in project [Inception_Test2](58)
2020-09-09 15:03:43,101 [Ángela] Exported [283] logged events for project [Inception_Test2]
2020-09-09 15:03:43,102 [Ángela] Skipped [111] logged events for [3] documents no longer existing
2020-09-09 15:03:43,102 [Ángela] Exported [0] chains for project [Inception_Test2]
2020-09-09 15:03:43,103 [Ángela] Exported [0] gazeteers for project [Inception_Test2]
2020-09-09 15:03:43,103 [Ángela] Exported [0] knowledge bases for project [Inception_Test2]
2020-09-09 15:03:43,106 [Ángela] Exported content for source document [1883] in project [Inception_Test2] with id [58]
2020-09-09 15:03:43,108 [Ángela] Exported annotation document content for user [INITIAL_CAS] for source document [1883] in project [Inception_Test2] with id [58]
2020-09-09 15:03:43,285 [Ángela] Exported annotations [Test](1883) for user [Ángela] from project [Inception_Test2](58) using format [ctsv3]
2020-09-15 10:45:24,156 [Ángela] Created project [Croatian_Legal_1](58)
2020-09-15 10:45:24,163 [Ángela] Created permission [MANAGER] for user [Ángela] on project [Croatian_Legal_1](58)
2020-09-15 10:45:24,168 [Ángela] Created permission [CURATOR] for user [Ángela] on project [Croatian_Legal_1](58)
2020-09-15 10:45:24,173 [Ángela] Created permission [ANNOTATOR] for user [Ángela] on project [Croatian_Legal_1](58)
2020-09-15 10:45:24,181 [Ángela] Created layer [de.tudarmstadt.ukp.dkpro.core.api.segmentation.type.Token](686) in project [Croatian_Legal_1](58)
2020-09-15 10:45:24,182 [Ángela] Created layer [de.tudarmstadt.ukp.dkpro.core.api.segmentation.type.SurfaceForm](687) in project [Croatian_Legal_1](58)
2020-09-15 10:45:24,190 [Ángela] Created layer [de.tudarmstadt.ukp.dkpro.core.api.semantics.type.SemArg](688) in project [Croatian_Legal_1](58)
2020-09-15 10:45:24,193 [Ángela] Created layer [de.tudarmstadt.ukp.dkpro.core.api.semantics.type.SemPred](689) in project [Croatian_Legal_1](58)
2020-09-15 10:45:24,197 [Ángela] Created layer [de.tudarmstadt.ukp.dkpro.core.api.lexmorph.type.morph.MorphologicalFeatures](690) in project [Croatian_Legal_1](58)
2020-09-15 10:45:24,207 [Ángela] Created layer [de.tudarmstadt.ukp.dkpro.core.api.segmentation.type.Lemma](691) in project [Croatian_Legal_1](58)
2020-09-15 10:45:24,209 [Ángela] Created layer [de.tudarmstadt.ukp.dkpro.core.api.transform.type.SofaChangeAnnotation](692) in project [Croatian_Legal_1](58)
2020-09-15 10:45:24,213 [Ángela] Created tagset [Operation](453) in project [Croatian_Legal_1](58)
2020-09-15 10:45:24,214 [Ángela] Created tag [replace](6994) in tagset [Operation](453) in project [Croatian_Legal_1](58)
2020-09-15 10:45:24,215 [Ángela] Created tag [insert_before](6995) in tagset [Operation](453) in project [Croatian_Legal_1](58)
2020-09-15 10:45:24,217 [Ángela] Created tag [insert_after](6996) in tagset [Operation](453) in project [Croatian_Legal_1](58)
2020-09-15 10:45:24,218 [Ángela] Created tag [delete](6997) in tagset [Operation](453) in project [Croatian_Legal_1](58)
2020-09-15 10:45:24,220 [Ángela] Created layer [de.tudarmstadt.ukp.dkpro.core.api.syntax.type.chunk.Chunk](693) in project [Croatian_Legal_1](58)
2020-09-15 10:45:24,226 [Ángela] Created tagset [Named Entity tags](454) in project [Croatian_Legal_1](58)
2020-09-15 10:45:24,227 [Ángela] Created tag [LOC](6998) in tagset [Named Entity tags](454) in project [Croatian_Legal_1](58)
2020-09-15 10:45:24,228 [Ángela] Created tag [LOCderiv](6999) in tagset [Named Entity tags](454) in project [Croatian_Legal_1](58)
2020-09-15 10:45:24,230 [Ángela] Created tag [LOCpart](7000) in tagset [Named Entity tags](454) in project [Croatian_Legal_1](58)
2020-09-15 10:45:24,231 [Ángela] Created tag [ORG](7001) in tagset [Named Entity tags](454) in project [Croatian_Legal_1](58)
2020-09-15 10:45:24,232 [Ángela] Created tag [ORGderiv](7002) in tagset [Named Entity tags](454) in project [Croatian_Legal_1](58)
2020-09-15 10:45:24,233 [Ángela] Created tag [ORGpart](7003) in tagset [Named Entity tags](454) in project [Croatian_Legal_1](58)
2020-09-15 10:45:24,234 [Ángela] Created tag [OTH](7004) in tagset [Named Entity tags](454) in project [Croatian_Legal_1](58)
2020-09-15 10:45:24,235 [Ángela] Created tag [OTHderiv](7005) in tagset [Named Entity tags](454) in project [Croatian_Legal_1](58)
2020-09-15 10:45:24,236 [Ángela] Created tag [OTHpart](7006) in tagset [Named Entity tags](454) in project [Croatian_Legal_1](58)
2020-09-15 10:45:24,237 [Ángela] Created tag [PER](7007) in tagset [Named Entity tags](454) in project [Croatian_Legal_1](58)
2020-09-15 10:45:24,238 [Ángela] Created tag [PERderiv](7008) in tagset [Named Entity tags](454) in project [Croatian_Legal_1](58)
2020-09-15 10:45:24,239 [Ángela] Created tag [PERpart](7009) in tagset [Named Entity tags](454) in project [Croatian_Legal_1](58)
2020-09-15 10:45:24,241 [Ángela] Created layer [de.tudarmstadt.ukp.dkpro.core.api.ner.type.NamedEntity](694) in project [Croatian_Legal_1](58)
2020-09-15 10:45:24,246 [Ángela] Created tagset [UD Universal POS tags (v2)](455) in project [Croatian_Legal_1](58)
2020-09-15 10:45:24,247 [Ángela] Created tag [ADJ](7010) in tagset [UD Universal POS tags (v2)](455) in project [Croatian_Legal_1](58)
2020-09-15 10:45:24,248 [Ángela] Created tag [ADP](7011) in tagset [UD Universal POS tags (v2)](455) in project [Croatian_Legal_1](58)
2020-09-15 10:45:24,249 [Ángela] Created tag [ADV](7012) in tagset [UD Universal POS tags (v2)](455) in project [Croatian_Legal_1](58)
2020-09-15 10:45:24,251 [Ángela] Created tag [AUX](7013) in tagset [UD Universal POS tags (v2)](455) in project [Croatian_Legal_1](58)
2020-09-15 10:45:24,252 [Ángela] Created tag [CCONJ](7014) in tagset [UD Universal POS tags (v2)](455) in project [Croatian_Legal_1](58)
2020-09-15 10:45:24,253 [Ángela] Created tag [DET](7015) in tagset [UD Universal POS tags (v2)](455) in project [Croatian_Legal_1](58)
2020-09-15 10:45:24,254 [Ángela] Created tag [INTJ](7016) in tagset [UD Universal POS tags (v2)](455) in project [Croatian_Legal_1](58)
2020-09-15 10:45:24,255 [Ángela] Created tag [NOUN](7017) in tagset [UD Universal POS tags (v2)](455) in project [Croatian_Legal_1](58)
2020-09-15 10:45:24,256 [Ángela] Created tag [NUM](7018) in tagset [UD Universal POS tags (v2)](455) in project [Croatian_Legal_1](58)
2020-09-15 10:45:24,257 [Ángela] Created tag [PART](7019) in tagset [UD Universal POS tags (v2)](455) in project [Croatian_Legal_1](58)
2020-09-15 10:45:24,258 [Ángela] Created tag [PRON](7020) in tagset [UD Universal POS tags (v2)](455) in project [Croatian_Legal_1](58)
2020-09-15 10:45:24,260 [Ángela] Created tag [PROPN](7021) in tagset [UD Universal POS tags (v2)](455) in project [Croatian_Legal_1](58)
2020-09-15 10:45:24,261 [Ángela] Created tag [PUNCT](7022) in tagset [UD Universal POS tags (v2)](455) in project [Croatian_Legal_1](58)
2020-09-15 10:45:24,262 [Ángela] Created tag [SCONJ](7023) in tagset [UD Universal POS tags (v2)](455) in project [Croatian_Legal_1](58)
2020-09-15 10:45:24,263 [Ángela] Created tag [SYM](7024) in tagset [UD Universal POS tags (v2)](455) in project [Croatian_Legal_1](58)
2020-09-15 10:45:24,264 [Ángela] Created tag [VERB](7025) in tagset [UD Universal POS tags (v2)](455) in project [Croatian_Legal_1](58)
2020-09-15 10:45:24,265 [Ángela] Created tag [X](7026) in tagset [UD Universal POS tags (v2)](455) in project [Croatian_Legal_1](58)
2020-09-15 10:45:24,269 [Ángela] Created layer [de.tudarmstadt.ukp.dkpro.core.api.lexmorph.type.pos.POS](695) in project [Croatian_Legal_1](58)
2020-09-15 10:45:24,275 [Ángela] Created tagset [Coreference mentions](456) in project [Croatian_Legal_1](58)
2020-09-15 10:45:24,276 [Ángela] Created tag [nam](7027) in tagset [Coreference mentions](456) in project [Croatian_Legal_1](58)
2020-09-15 10:45:24,279 [Ángela] Created tagset [Coreference relations](457) in project [Croatian_Legal_1](58)
2020-09-15 10:45:24,280 [Ángela] Created tag [anaphoric](7028) in tagset [Coreference relations](457) in project [Croatian_Legal_1](58)
2020-09-15 10:45:24,281 [Ángela] Created layer [de.tudarmstadt.ukp.dkpro.core.api.coref.type.Coreference](696) in project [Croatian_Legal_1](58)
2020-09-15 10:45:24,287 [Ángela] Created tagset [UD Universal Dependencies (v2)](458) in project [Croatian_Legal_1](58)
2020-09-15 10:45:24,288 [Ángela] Created tag [acl](7029) in tagset [UD Universal Dependencies (v2)](458) in project [Croatian_Legal_1](58)
2020-09-15 10:45:24,289 [Ángela] Created tag [advcl](7030) in tagset [UD Universal Dependencies (v2)](458) in project [Croatian_Legal_1](58)
2020-09-15 10:45:24,290 [Ángela] Created tag [advmod](7031) in tagset [UD Universal Dependencies (v2)](458) in project [Croatian_Legal_1](58)
2020-09-15 10:45:24,291 [Ángela] Created tag [amod](7032) in tagset [UD Universal Dependencies (v2)](458) in project [Croatian_Legal_1](58)
2020-09-15 10:45:24,292 [Ángela] Created tag [appos](7033) in tagset [UD Universal Dependencies (v2)](458) in project [Croatian_Legal_1](58)
2020-09-15 10:45:24,293 [Ángela] Created tag [aux](7034) in tagset [UD Universal Dependencies (v2)](458) in project [Croatian_Legal_1](58)
2020-09-15 10:45:24,294 [Ángela] Created tag [case](7035) in tagset [UD Universal Dependencies (v2)](458) in project [Croatian_Legal_1](58)
2020-09-15 10:45:24,296 [Ángela] Created tag [cc](7036) in tagset [UD Universal Dependencies (v2)](458) in project [Croatian_Legal_1](58)
2020-09-15 10:45:24,297 [Ángela] Created tag [ccomp](7037) in tagset [UD Universal Dependencies (v2)](458) in project [Croatian_Legal_1](58)
2020-09-15 10:45:24,298 [Ángela] Created tag [clf](7038) in tagset [UD Universal Dependencies (v2)](458) in project [Croatian_Legal_1](58)
2020-09-15 10:45:24,299 [Ángela] Created tag [compound](7039) in tagset [UD Universal Dependencies (v2)](458) in project [Croatian_Legal_1](58)
2020-09-15 10:45:24,300 [Ángela] Created tag [conj](7040) in tagset [UD Universal Dependencies (v2)](458) in project [Croatian_Legal_1](58)
2020-09-15 10:45:24,301 [Ángela] Created tag [cop](7041) in tagset [UD Universal Dependencies (v2)](458) in project [Croatian_Legal_1](58)
2020-09-15 10:45:24,303 [Ángela] Created tag [csubj](7042) in tagset [UD Universal Dependencies (v2)](458) in project [Croatian_Legal_1](58)
2020-09-15 10:45:24,304 [Ángela] Created tag [dep](7043) in tagset [UD Universal Dependencies (v2)](458) in project [Croatian_Legal_1](58)
2020-09-15 10:45:24,305 [Ángela] Created tag [det](7044) in tagset [UD Universal Dependencies (v2)](458) in project [Croatian_Legal_1](58)
2020-09-15 10:45:24,306 [Ángela] Created tag [discourse](7045) in tagset [UD Universal Dependencies (v2)](458) in project [Croatian_Legal_1](58)
2020-09-15 10:45:24,307 [Ángela] Created tag [dislocated](7046) in tagset [UD Universal Dependencies (v2)](458) in project [Croatian_Legal_1](58)
2020-09-15 10:45:24,308 [Ángela] Created tag [expl](7047) in tagset [UD Universal Dependencies (v2)](458) in project [Croatian_Legal_1](58)
2020-09-15 10:45:24,310 [Ángela] Created tag [fixed](7048) in tagset [UD Universal Dependencies (v2)](458) in project [Croatian_Legal_1](58)
2020-09-15 10:45:24,311 [Ángela] Created tag [flat](7049) in tagset [UD Universal Dependencies (v2)](458) in project [Croatian_Legal_1](58)
2020-09-15 10:45:24,312 [Ángela] Created tag [goeswith](7050) in tagset [UD Universal Dependencies (v2)](458) in project [Croatian_Legal_1](58)
2020-09-15 10:45:24,313 [Ángela] Created tag [iobj](7051) in tagset [UD Universal Dependencies (v2)](458) in project [Croatian_Legal_1](58)
2020-09-15 10:45:24,314 [Ángela] Created tag [list](7052) in tagset [UD Universal Dependencies (v2)](458) in project [Croatian_Legal_1](58)
2020-09-15 10:45:24,315 [Ángela] Created tag [mark](7053) in tagset [UD Universal Dependencies (v2)](458) in project [Croatian_Legal_1](58)
2020-09-15 10:45:24,317 [Ángela] Created tag [nmod](7054) in tagset [UD Universal Dependencies (v2)](458) in project [Croatian_Legal_1](58)
2020-09-15 10:45:24,318 [Ángela] Created tag [nsubj](7055) in tagset [UD Universal Dependencies (v2)](458) in project [Croatian_Legal_1](58)
2020-09-15 10:45:24,319 [Ángela] Created tag [nummod](7056) in tagset [UD Universal Dependencies (v2)](458) in project [Croatian_Legal_1](58)
2020-09-15 10:45:24,320 [Ángela] Created tag [obj](7057) in tagset [UD Universal Dependencies (v2)](458) in project [Croatian_Legal_1](58)
2020-09-15 10:45:24,321 [Ángela] Created tag [obl](7058) in tagset [UD Universal Dependencies (v2)](458) in project [Croatian_Legal_1](58)
2020-09-15 10:45:24,322 [Ángela] Created tag [orphan](7059) in tagset [UD Universal Dependencies (v2)](458) in project [Croatian_Legal_1](58)
2020-09-15 10:45:24,323 [Ángela] Created tag [parataxis](7060) in tagset [UD Universal Dependencies (v2)](458) in project [Croatian_Legal_1](58)
2020-09-15 10:45:24,325 [Ángela] Created tag [punct](7061) in tagset [UD Universal Dependencies (v2)](458) in project [Croatian_Legal_1](58)
2020-09-15 10:45:24,326 [Ángela] Created tag [reparandum](7062) in tagset [UD Universal Dependencies (v2)](458) in project [Croatian_Legal_1](58)
2020-09-15 10:45:24,327 [Ángela] Created tag [root](7063) in tagset [UD Universal Dependencies (v2)](458) in project [Croatian_Legal_1](58)
2020-09-15 10:45:24,328 [Ángela] Created tag [vocative](7064) in tagset [UD Universal Dependencies (v2)](458) in project [Croatian_Legal_1](58)
2020-09-15 10:45:24,329 [Ángela] Created tag [xcomp](7065) in tagset [UD Universal Dependencies (v2)](458) in project [Croatian_Legal_1](58)
2020-09-15 10:45:24,335 [Ángela] Created layer [de.tudarmstadt.ukp.dkpro.core.api.syntax.type.dependency.Dependency](697) in project [Croatian_Legal_1](58)
2020-09-15 10:45:24,337 [Ángela] Created tagset [Dependency flavors](459) in project [Croatian_Legal_1](58)
2020-09-15 10:45:24,338 [Ángela] Created tag [basic](7066) in tagset [Dependency flavors](459) in project [Croatian_Legal_1](58)
2020-09-15 10:45:24,340 [Ángela] Created tag [enhanced](7067) in tagset [Dependency flavors](459) in project [Croatian_Legal_1](58)
2020-09-15 10:45:54,553 [Ángela] Imported source document [Croatian_1_1.txt](1589) to project [Croatian_Legal_1](58)
2020-09-15 10:45:54,602 [Ángela] Imported source document [Croatian_1_2.txt](1590) to project [Croatian_Legal_1](58)
2020-09-15 10:45:54,664 [Ángela] Imported source document [Croatian_1_3.txt](1591) to project [Croatian_Legal_1](58)
2020-09-15 10:45:54,714 [Ángela] Imported source document [Croatian_1_4.txt](1592) to project [Croatian_Legal_1](58)
2020-09-15 10:46:05,764 [Ángela] Created permission [ANNOTATOR] for user [HRG1] on project [Croatian_Legal_1](58)
2020-09-15 10:46:17,148 [Ángela] Created layer [de.tudarmstadt.ukp.dkpro.core.api.ner.type.NamedEntity](694) in project [Croatian_Legal_1](58)
2020-09-15 10:46:17,167 [Ángela] Created tagset [Named Entity](460) in project [Croatian_Legal_1](58)
2020-09-15 10:46:17,174 [Ángela] Created tag [ADDRESS](7068) in tagset [Named Entity](460) in project [Croatian_Legal_1](58)
2020-09-15 10:46:17,181 [Ángela] Created tag [AGE](7069) in tagset [Named Entity](460) in project [Croatian_Legal_1](58)
2020-09-15 10:46:17,187 [Ángela] Created tag [AMOUNT](7070) in tagset [Named Entity](460) in project [Croatian_Legal_1](58)
2020-09-15 10:46:17,194 [Ángela] Created tag [DATE](7071) in tagset [Named Entity](460) in project [Croatian_Legal_1](58)
2020-09-15 10:46:17,201 [Ángela] Created tag [ETHNIC CATEGORY](7072) in tagset [Named Entity](460) in project [Croatian_Legal_1](58)
2020-09-15 10:46:17,208 [Ángela] Created tag [FINANCIAL](7073) in tagset [Named Entity](460) in project [Croatian_Legal_1](58)
2020-09-15 10:46:17,215 [Ángela] Created tag [MARITAL STATUS](7074) in tagset [Named Entity](460) in project [Croatian_Legal_1](58)
2020-09-15 10:46:17,222 [Ángela] Created tag [NATIONALITY](7075) in tagset [Named Entity](460) in project [Croatian_Legal_1](58)
2020-09-15 10:46:17,229 [Ángela] Created tag [ORGANISATION](7076) in tagset [Named Entity](460) in project [Croatian_Legal_1](58)
2020-09-15 10:46:17,236 [Ángela] Created tag [PERSON](7077) in tagset [Named Entity](460) in project [Croatian_Legal_1](58)
2020-09-15 10:46:17,243 [Ángela] Created tag [PROFESSION](7078) in tagset [Named Entity](460) in project [Croatian_Legal_1](58)
2020-09-15 10:46:17,250 [Ángela] Created tag [ROLE](7079) in tagset [Named Entity](460) in project [Croatian_Legal_1](58)
2020-09-15 10:46:17,257 [Ángela] Created tag [TIME](7080) in tagset [Named Entity](460) in project [Croatian_Legal_1](58)
2020-09-15 10:46:17,264 [Ángela] Created tag [build year](7081) in tagset [Named Entity](460) in project [Croatian_Legal_1](58)
2020-09-15 10:46:17,271 [Ángela] Created tag [building](7082) in tagset [Named Entity](460) in project [Croatian_Legal_1](58)
2020-09-15 10:46:17,277 [Ángela] Created tag [calendar event](7083) in tagset [Named Entity](460) in project [Croatian_Legal_1](58)
2020-09-15 10:46:17,284 [Ángela] Created tag [city](7084) in tagset [Named Entity](460) in project [Croatian_Legal_1](58)
2020-09-15 10:46:17,292 [Ángela] Created tag [colour](7085) in tagset [Named Entity](460) in project [Croatian_Legal_1](58)
2020-09-15 10:46:17,299 [Ángela] Created tag [country](7086) in tagset [Named Entity](460) in project [Croatian_Legal_1](58)
2020-09-15 10:46:17,306 [Ángela] Created tag [day](7087) in tagset [Named Entity](460) in project [Croatian_Legal_1](58)
2020-09-15 10:46:17,313 [Ángela] Created tag [day of week](7088) in tagset [Named Entity](460) in project [Croatian_Legal_1](58)
2020-09-15 10:46:17,320 [Ángela] Created tag [email](7089) in tagset [Named Entity](460) in project [Croatian_Legal_1](58)
2020-09-15 10:46:17,326 [Ángela] Created tag [family name](7090) in tagset [Named Entity](460) in project [Croatian_Legal_1](58)
2020-09-15 10:46:17,333 [Ángela] Created tag [family name - female](7091) in tagset [Named Entity](460) in project [Croatian_Legal_1](58)
2020-09-15 10:46:17,340 [Ángela] Created tag [family name - male](7092) in tagset [Named Entity](460) in project [Croatian_Legal_1](58)
2020-09-15 10:46:17,347 [Ángela] Created tag [given name](7093) in tagset [Named Entity](460) in project [Croatian_Legal_1](58)
2020-09-15 10:46:17,354 [Ángela] Created tag [given name - female](7094) in tagset [Named Entity](460) in project [Croatian_Legal_1](58)
2020-09-15 10:46:17,361 [Ángela] Created tag [given name - male](7095) in tagset [Named Entity](460) in project [Croatian_Legal_1](58)
2020-09-15 10:46:17,368 [Ángela] Created tag [health insurance number](7096) in tagset [Named Entity](460) in project [Croatian_Legal_1](58)
2020-09-15 10:46:17,375 [Ángela] Created tag [id document number](7097) in tagset [Named Entity](460) in project [Croatian_Legal_1](58)
2020-09-15 10:46:17,383 [Ángela] Created tag [initial name](7098) in tagset [Named Entity](460) in project [Croatian_Legal_1](58)
2020-09-15 10:46:17,390 [Ángela] Created tag [licence plate number](7099) in tagset [Named Entity](460) in project [Croatian_Legal_1](58)
2020-09-15 10:46:17,397 [Ángela] Created tag [medical record number](7100) in tagset [Named Entity](460) in project [Croatian_Legal_1](58)
2020-09-15 10:46:17,404 [Ángela] Created tag [model](7101) in tagset [Named Entity](460) in project [Croatian_Legal_1](58)
2020-09-15 10:46:17,411 [Ángela] Created tag [month](7102) in tagset [Named Entity](460) in project [Croatian_Legal_1](58)
2020-09-15 10:46:17,418 [Ángela] Created tag [other:address](7103) in tagset [Named Entity](460) in project [Croatian_Legal_1](58)
2020-09-15 10:46:17,425 [Ángela] Created tag [other:amount](7104) in tagset [Named Entity](460) in project [Croatian_Legal_1](58)
2020-09-15 10:46:17,432 [Ángela] Created tag [other:contact](7105) in tagset [Named Entity](460) in project [Croatian_Legal_1](58)
2020-09-15 10:46:17,440 [Ángela] Created tag [other:date](7106) in tagset [Named Entity](460) in project [Croatian_Legal_1](58)
2020-09-15 10:46:17,447 [Ángela] Created tag [other:id](7107) in tagset [Named Entity](460) in project [Croatian_Legal_1](58)
2020-09-15 10:46:17,454 [Ángela] Created tag [other:name](7108) in tagset [Named Entity](460) in project [Croatian_Legal_1](58)
2020-09-15 10:46:17,461 [Ángela] Created tag [other:vehicle](7109) in tagset [Named Entity](460) in project [Croatian_Legal_1](58)
2020-09-15 10:46:17,468 [Ángela] Created tag [place](7110) in tagset [Named Entity](460) in project [Croatian_Legal_1](58)
2020-09-15 10:46:17,475 [Ángela] Created tag [postcode](7111) in tagset [Named Entity](460) in project [Croatian_Legal_1](58)
2020-09-15 10:46:17,483 [Ángela] Created tag [social security number](7112) in tagset [Named Entity](460) in project [Croatian_Legal_1](58)
2020-09-15 10:46:17,491 [Ángela] Created tag [standard abbreviation](7113) in tagset [Named Entity](460) in project [Croatian_Legal_1](58)
2020-09-15 10:46:17,498 [Ángela] Created tag [street](7114) in tagset [Named Entity](460) in project [Croatian_Legal_1](58)
2020-09-15 10:46:17,508 [Ángela] Created tag [telephone number](7115) in tagset [Named Entity](460) in project [Croatian_Legal_1](58)
2020-09-15 10:46:17,516 [Ángela] Created tag [territory](7116) in tagset [Named Entity](460) in project [Croatian_Legal_1](58)
2020-09-15 10:46:17,523 [Ángela] Created tag [title](7117) in tagset [Named Entity](460) in project [Croatian_Legal_1](58)
2020-09-15 10:46:17,530 [Ángela] Created tag [type](7118) in tagset [Named Entity](460) in project [Croatian_Legal_1](58)
2020-09-15 10:46:17,538 [Ángela] Created tag [unit](7119) in tagset [Named Entity](460) in project [Croatian_Legal_1](58)
2020-09-15 10:46:17,545 [Ángela] Created tag [unresolved:address](7120) in tagset [Named Entity](460) in project [Croatian_Legal_1](58)
2020-09-15 10:46:17,552 [Ángela] Created tag [unresolved:amount](7121) in tagset [Named Entity](460) in project [Croatian_Legal_1](58)
2020-09-15 10:46:17,562 [Ángela] Created tag [unresolved:contact](7122) in tagset [Named Entity](460) in project [Croatian_Legal_1](58)
2020-09-15 10:46:17,569 [Ángela] Created tag [unresolved:date](7123) in tagset [Named Entity](460) in project [Croatian_Legal_1](58)
2020-09-15 10:46:17,576 [Ángela] Created tag [unresolved:id](7124) in tagset [Named Entity](460) in project [Croatian_Legal_1](58)
2020-09-15 10:46:17,584 [Ángela] Created tag [unresolved:name](7125) in tagset [Named Entity](460) in project [Croatian_Legal_1](58)
2020-09-15 10:46:17,591 [Ángela] Created tag [unresolved:vehicle](7126) in tagset [Named Entity](460) in project [Croatian_Legal_1](58)
2020-09-15 10:46:17,599 [Ángela] Created tag [url](7127) in tagset [Named Entity](460) in project [Croatian_Legal_1](58)
2020-09-15 10:46:17,606 [Ángela] Created tag [value](7128) in tagset [Named Entity](460) in project [Croatian_Legal_1](58)
2020-09-15 10:46:17,613 [Ángela] Created tag [year](7129) in tagset [Named Entity](460) in project [Croatian_Legal_1](58)
2020-09-15 10:46:17,631 [Ángela] Created layer [de.tudarmstadt.ukp.dkpro.core.api.ner.type.NamedEntity](694) in project [Croatian_Legal_1](58)
2020-09-15 10:46:46,128 [Ángela] Created layer [de.tudarmstadt.ukp.dkpro.core.api.syntax.type.chunk.Chunk](693) in project [Croatian_Legal_1](58)
2020-09-15 10:46:54,717 [Ángela] Created layer [de.tudarmstadt.ukp.dkpro.core.api.syntax.type.chunk.Chunk](693) in project [Croatian_Legal_1](58)
2020-09-15 10:46:58,897 [Ángela] Created layer [de.tudarmstadt.ukp.dkpro.core.api.coref.type.Coreference](696) in project [Croatian_Legal_1](58)
2020-09-15 10:47:01,432 [Ángela] Created layer [de.tudarmstadt.ukp.dkpro.core.api.syntax.type.dependency.Dependency](697) in project [Croatian_Legal_1](58)
2020-09-15 10:47:03,909 [Ángela] Created layer [de.tudarmstadt.ukp.dkpro.core.api.segmentation.type.Lemma](691) in project [Croatian_Legal_1](58)
2020-09-15 10:47:06,781 [Ángela] Created layer [de.tudarmstadt.ukp.dkpro.core.api.lexmorph.type.morph.MorphologicalFeatures](690) in project [Croatian_Legal_1](58)
2020-09-15 10:47:10,212 [Ángela] Created layer [de.tudarmstadt.ukp.dkpro.core.api.transform.type.SofaChangeAnnotation](692) in project [Croatian_Legal_1](58)
2020-09-15 10:47:12,899 [Ángela] Created layer [de.tudarmstadt.ukp.dkpro.core.api.lexmorph.type.pos.POS](695) in project [Croatian_Legal_1](58)
2020-09-15 10:47:15,660 [Ángela] Created layer [de.tudarmstadt.ukp.dkpro.core.api.semantics.type.SemArg](688) in project [Croatian_Legal_1](58)
2020-09-15 10:47:18,396 [Ángela] Created layer [de.tudarmstadt.ukp.dkpro.core.api.semantics.type.SemPred](689) in project [Croatian_Legal_1](58)
2020-09-15 10:47:21,100 [Ángela] Created layer [de.tudarmstadt.ukp.dkpro.core.api.segmentation.type.SurfaceForm](687) in project [Croatian_Legal_1](58)
2020-09-15 10:47:24,301 [Ángela] Created layer [de.tudarmstadt.ukp.dkpro.core.api.ner.type.NamedEntity](694) in project [Croatian_Legal_1](58)
2020-09-15 10:50:43,113 [Ángela] Created layer [de.tudarmstadt.ukp.dkpro.core.api.ner.type.NamedEntity](694) in project [Croatian_Legal_1](58)
2020-09-15 10:51:01,925 [Ángela] Created layer [de.tudarmstadt.ukp.dkpro.core.api.ner.type.NamedEntity](694) in project [Croatian_Legal_1](58)
2020-09-15 10:53:52,109 [Ángela] Created layer [de.tudarmstadt.ukp.dkpro.core.api.ner.type.NamedEntity](694) in project [Croatian_Legal_1](58)
2020-09-16 10:06:27,694 [Ángela] Created annotation document [377] for user [HRG1] for source document [Croatian_1_1.txt](1589) in project [Croatian_Legal_1](58)
2020-09-16 10:06:27,897 [Ángela] Upgraded CAS of user [HRG1] for document [Croatian_1_1.txt](1589) in project [Croatian_Legal_1](58)
2020-09-16 10:07:13,325 [Ángela] Created annotation document [378] for user [HRG1] for source document [Croatian_1_2.txt](1590) in project [Croatian_Legal_1](58)
2020-09-16 10:07:13,526 [Ángela] Upgraded CAS of user [HRG1] for document [Croatian_1_2.txt](1590) in project [Croatian_Legal_1](58)
2020-09-16 11:45:14,704 [Ángela] Upgraded CAS of user [HRG1] for document [Croatian_1_1.txt](1589) in project [Croatian_Legal_1](58)
2020-09-16 12:19:43,517 [Ángela] Upgraded CAS of user [HRG1] for document [Croatian_1_1.txt](1589) in project [Croatian_Legal_1](58)
2020-09-16 12:49:34,903 [Ángela] Upgraded CAS of user [HRG1] for document [Croatian_1_1.txt](1589) in project [Croatian_Legal_1](58)
2020-09-17 06:35:45,687 [Ángela] Upgraded CAS of user [HRG1] for document [Croatian_1_1.txt](1589) in project [Croatian_Legal_1](58)
2020-09-17 07:30:32,970 [Ángela] Created annotation document [400] for user [HRG1] for source document [Croatian_1_3.txt](1591) in project [Croatian_Legal_1](58)
2020-09-17 07:30:33,176 [Ángela] Upgraded CAS of user [HRG1] for document [Croatian_1_3.txt](1591) in project [Croatian_Legal_1](58)
2020-09-17 07:31:18,234 [Ángela] Upgraded CAS of user [HRG1] for document [Croatian_1_1.txt](1589) in project [Croatian_Legal_1](58)
2020-09-17 09:30:26,442 [Ángela] Upgraded CAS of user [HRG1] for document [Croatian_1_2.txt](1590) in project [Croatian_Legal_1](58)
2020-09-17 15:17:54,752 [Ángela] Upgraded CAS of user [HRG1] for document [Croatian_1_1.txt](1589) in project [Croatian_Legal_1](58)
2020-09-17 15:21:50,193 [Ángela] Upgraded CAS of user [HRG1] for document [Croatian_1_3.txt](1591) in project [Croatian_Legal_1](58)
2020-09-17 15:22:15,262 [Ángela] Upgraded CAS of user [HRG1] for document [Croatian_1_1.txt](1589) in project [Croatian_Legal_1](58)
2020-09-17 15:22:42,560 [Ángela] Created annotation document [411] for user [HRG1] for source document [Croatian_1_4.txt](1592) in project [Croatian_Legal_1](58)
2020-09-17 15:22:42,772 [Ángela] Upgraded CAS of user [HRG1] for document [Croatian_1_4.txt](1592) in project [Croatian_Legal_1](58)
2020-09-17 15:23:22,493 [Ángela] Upgraded CAS of user [HRG1] for document [Croatian_1_1.txt](1589) in project [Croatian_Legal_1](58)
2020-09-17 15:24:58,240 [Ángela] Upgraded CAS of user [HRG1] for document [Croatian_1_4.txt](1592) in project [Croatian_Legal_1](58)
2020-09-17 15:25:09,495 [Ángela] Upgraded CAS of user [HRG1] for document [Croatian_1_1.txt](1589) in project [Croatian_Legal_1](58)
2020-09-17 15:25:47,630 [Ángela] Upgraded CAS of user [HRG1] for document [Croatian_1_4.txt](1592) in project [Croatian_Legal_1](58)
2020-09-17 15:26:37,812 [Ángela] Upgraded CAS of user [HRG1] for document [Croatian_1_1.txt](1589) in project [Croatian_Legal_1](58)
2020-09-17 15:27:07,785 [Ángela] Upgraded CAS of user [HRG1] for document [Croatian_1_2.txt](1590) in project [Croatian_Legal_1](58)
2020-09-17 18:11:30,742 [Ángela] Upgraded CAS of user [HRG1] for document [Croatian_1_2.txt](1590) in project [Croatian_Legal_1](58)
2020-09-17 21:27:44,755 [Ángela] Upgraded CAS of user [HRG1] for document [Croatian_1_2.txt](1590) in project [Croatian_Legal_1](58)
2020-09-18 08:10:24,177 [Ángela] Upgraded CAS of user [HRG1] for document [Croatian_1_2.txt](1590) in project [Croatian_Legal_1](58)
2020-09-18 08:59:45,913 [Ángela] Upgraded CAS of user [HRG1] for document [Croatian_1_3.txt](1591) in project [Croatian_Legal_1](58)
2020-09-18 09:00:08,517 [Ángela] Upgraded CAS of user [HRG1] for document [Croatian_1_4.txt](1592) in project [Croatian_Legal_1](58)
2020-09-18 09:00:35,912 [Ángela] Upgraded CAS of user [HRG1] for document [Croatian_1_3.txt](1591) in project [Croatian_Legal_1](58)
2020-09-18 10:33:14,848 [Ángela] Upgraded CAS of user [HRG1] for document [Croatian_1_1.txt](1589) in project [Croatian_Legal_1](58)
2020-09-18 10:51:53,651 [Ángela] Upgraded CAS of user [HRG1] for document [Croatian_1_3.txt](1591) in project [Croatian_Legal_1](58)
2020-09-18 18:26:15,831 [Ángela] Upgraded CAS of user [HRG1] for document [Croatian_1_3.txt](1591) in project [Croatian_Legal_1](58)
2020-09-18 18:39:31,497 [Ángela] Upgraded CAS of user [HRG1] for document [Croatian_1_4.txt](1592) in project [Croatian_Legal_1](58)
2020-09-18 20:14:29,901 [Ángela] Upgraded CAS of user [HRG1] for document [Croatian_1_2.txt](1590) in project [Croatian_Legal_1](58)
2020-09-18 20:14:40,237 [Ángela] Upgraded CAS of user [HRG1] for document [Croatian_1_4.txt](1592) in project [Croatian_Legal_1](58)
2020-09-18 20:15:13,547 [Ángela] Upgraded CAS of user [HRG1] for document [Croatian_1_2.txt](1590) in project [Croatian_Legal_1](58)
2020-09-18 20:15:25,142 [Ángela] Upgraded CAS of user [HRG1] for document [Croatian_1_4.txt](1592) in project [Croatian_Legal_1](58)
2020-09-18 20:17:09,343 [Ángela] Upgraded CAS of user [HRG1] for document [Croatian_1_2.txt](1590) in project [Croatian_Legal_1](58)
2020-09-18 20:17:19,011 [Ángela] Upgraded CAS of user [HRG1] for document [Croatian_1_4.txt](1592) in project [Croatian_Legal_1](58)
2020-09-18 21:48:37,780 [Ángela] Upgraded CAS of user [HRG1] for document [Croatian_1_4.txt](1592) in project [Croatian_Legal_1](58)
2020-09-18 21:58:14,878 [Ángela] Upgraded CAS of user [HRG1] for document [Croatian_1_1.txt](1589) in project [Croatian_Legal_1](58)
2020-09-20 16:41:10,809 [Ángela] Upgraded CAS of user [HRG1] for document [Croatian_1_4.txt](1592) in project [Croatian_Legal_1](58)
2020-09-20 17:36:54,996 [Ángela] Upgraded CAS of user [HRG1] for document [Croatian_1_4.txt](1592) in project [Croatian_Legal_1](58)
2020-09-20 17:37:42,121 [Ángela] Upgraded CAS of user [HRG1] for document [Croatian_1_1.txt](1589) in project [Croatian_Legal_1](58)
2020-09-20 17:38:03,719 [Ángela] Upgraded CAS of user [HRG1] for document [Croatian_1_4.txt](1592) in project [Croatian_Legal_1](58)
2020-09-20 17:38:29,133 [Ángela] Upgraded CAS of user [HRG1] for document [Croatian_1_3.txt](1591) in project [Croatian_Legal_1](58)
2020-09-20 18:07:28,370 [Ángela] Upgraded CAS of user [HRG1] for document [Croatian_1_2.txt](1590) in project [Croatian_Legal_1](58)
2020-09-20 18:17:48,817 [Ángela] Upgraded CAS of user [HRG1] for document [Croatian_1_1.txt](1589) in project [Croatian_Legal_1](58)
2020-09-20 18:18:31,162 [Ángela] Upgraded CAS of user [HRG1] for document [Croatian_1_2.txt](1590) in project [Croatian_Legal_1](58)
2020-09-20 18:18:42,738 [Ángela] Upgraded CAS of user [HRG1] for document [Croatian_1_3.txt](1591) in project [Croatian_Legal_1](58)
2020-09-20 18:19:09,039 [Ángela] Upgraded CAS of user [HRG1] for document [Croatian_1_2.txt](1590) in project [Croatian_Legal_1](58)
2020-09-20 18:23:52,920 [Ángela] Upgraded CAS of user [HRG1] for document [Croatian_1_3.txt](1591) in project [Croatian_Legal_1](58)
2020-09-20 18:24:44,018 [Ángela] Upgraded CAS of user [HRG1] for document [Croatian_1_2.txt](1590) in project [Croatian_Legal_1](58)
2020-09-20 18:31:37,796 [Ángela] Upgraded CAS of user [HRG1] for document [Croatian_1_1.txt](1589) in project [Croatian_Legal_1](58)
2020-09-20 19:16:53,034 [Ángela] Upgraded CAS of user [HRG1] for document [Croatian_1_1.txt](1589) in project [Croatian_Legal_1](58)
2020-09-20 19:17:13,762 [Ángela] Upgraded CAS of user [HRG1] for document [Croatian_1_2.txt](1590) in project [Croatian_Legal_1](58)
2020-09-20 19:17:31,838 [Ángela] Upgraded CAS of user [HRG1] for document [Croatian_1_3.txt](1591) in project [Croatian_Legal_1](58)
2020-09-20 19:17:58,371 [Ángela] Upgraded CAS of user [HRG1] for document [Croatian_1_4.txt](1592) in project [Croatian_Legal_1](58)
2020-09-22 08:40:52,225 [Ángela] Upgraded CAS of user [HRG1] for document [Croatian_1_1.txt](1589) in project [Croatian_Legal_1](58)
2020-09-22 08:41:10,994 [Ángela] Upgraded CAS of user [HRG1] for document [Croatian_1_1.txt](1589) in project [Croatian_Legal_1](58)
2020-09-22 08:41:53,458 [Ángela] Created annotation document [422] for user [Ángela] for source document [Croatian_1_1.txt](1589) in project [Croatian_Legal_1](58)
2020-09-22 08:41:53,512 [Ángela] Created annotation document [423] for user [Ángela] for source document [Croatian_1_2.txt](1590) in project [Croatian_Legal_1](58)
2020-09-22 08:41:53,564 [Ángela] Created annotation document [424] for user [Ángela] for source document [Croatian_1_3.txt](1591) in project [Croatian_Legal_1](58)
2020-09-22 08:41:53,617 [Ángela] Created annotation document [425] for user [Ángela] for source document [Croatian_1_4.txt](1592) in project [Croatian_Legal_1](58)
2020-09-22 08:42:18,732 [Ángela] Upgraded CAS of user [HRG1] for document [Croatian_1_1.txt](1589) in project [Croatian_Legal_1](58)
2020-09-22 08:42:23,876 [Ángela] Upgraded CAS of user [HRG1] for document [Croatian_1_1.txt](1589) in project [Croatian_Legal_1](58)
2020-09-22 08:49:01,915 [Ángela] Upgraded CAS of user [HRG1] for document [Croatian_1_2.txt](1590) in project [Croatian_Legal_1](58)
2020-09-22 08:56:14,150 [Ángela] Upgraded CAS of user [HRG1] for document [Croatian_1_3.txt](1591) in project [Croatian_Legal_1](58)
2020-09-22 09:23:04,753 [Ángela] Upgraded CAS of user [HRG1] for document [Croatian_1_4.txt](1592) in project [Croatian_Legal_1](58)
2020-09-22 09:31:04,231 [Ángela] Upgraded CAS of user [HRG1] for document [Croatian_1_4.txt](1592) in project [Croatian_Legal_1](58)
2020-09-23 11:32:03,094 [Ángela] Upgraded CAS of user [HRG1] for document [Croatian_1_1.txt](1589) in project [Croatian_Legal_1](58)
2020-09-23 11:34:40,018 [Ángela] Upgraded CAS of user [HRG1] for document [Croatian_1_2.txt](1590) in project [Croatian_Legal_1](58)
2020-09-23 11:38:41,772 [Ángela] Upgraded CAS of user [HRG1] for document [Croatian_1_3.txt](1591) in project [Croatian_Legal_1](58)
2020-09-23 11:41:56,234 [Ángela] Upgraded CAS of user [HRG1] for document [Croatian_1_4.txt](1592) in project [Croatian_Legal_1](58)
2020-09-23 13:20:24,845 [Ángela] Upgraded CAS of user [HRG1] for document [Croatian_1_1.txt](1589) in project [Croatian_Legal_1](58)
2020-09-23 13:22:17,164 [Ángela] Upgraded CAS of user [HRG1] for document [Croatian_1_2.txt](1590) in project [Croatian_Legal_1](58)
2020-09-23 13:24:38,109 [Ángela] Upgraded CAS of user [HRG1] for document [Croatian_1_3.txt](1591) in project [Croatian_Legal_1](58)
2020-09-23 13:26:05,392 [Ángela] Upgraded CAS of user [HRG1] for document [Croatian_1_4.txt](1592) in project [Croatian_Legal_1](58)
2020-09-23 21:09:16,492 [Ángela] Upgraded CAS of user [HRG1] for document [Croatian_1_1.txt](1589) in project [Croatian_Legal_1](58)
2020-09-23 21:11:47,601 [Ángela] Upgraded CAS of user [HRG1] for document [Croatian_1_4.txt](1592) in project [Croatian_Legal_1](58)
2020-09-23 21:39:24,004 [Ángela] Upgraded CAS of user [HRG1] for document [Croatian_1_2.txt](1590) in project [Croatian_Legal_1](58)
2020-09-23 21:40:21,950 [Ángela] Upgraded CAS of user [HRG1] for document [Croatian_1_4.txt](1592) in project [Croatian_Legal_1](58)
2020-09-24 07:29:22,718 [Ángela] Upgraded CAS of user [HRG1] for document [Croatian_1_1.txt](1589) in project [Croatian_Legal_1](58)
2020-09-24 07:29:35,841 [Ángela] Upgraded CAS of user [HRG1] for document [Croatian_1_3.txt](1591) in project [Croatian_Legal_1](58)
2020-09-24 14:55:53,476 [Ángela] Upgraded CAS of user [HRG1] for document [Croatian_1_1.txt](1589) in project [Croatian_Legal_1](58)
2020-09-24 20:35:18,421 [Ángela] Upgraded CAS of user [HRG1] for document [Croatian_1_4.txt](1592) in project [Croatian_Legal_1](58)
2020-09-24 21:10:15,760 [Ángela] Upgraded CAS of user [HRG1] for document [Croatian_1_3.txt](1591) in project [Croatian_Legal_1](58)
2020-09-24 21:32:26,639 [Ángela] Upgraded CAS of user [HRG1] for document [Croatian_1_2.txt](1590) in project [Croatian_Legal_1](58)
2020-09-24 21:45:05,186 [Ángela] Upgraded CAS of user [HRG1] for document [Croatian_1_1.txt](1589) in project [Croatian_Legal_1](58)
2020-09-24 21:55:29,618 [Ángela] Upgraded CAS of user [HRG1] for document [Croatian_1_2.txt](1590) in project [Croatian_Legal_1](58)
2020-09-24 21:59:35,025 [Ángela] Upgraded CAS of user [HRG1] for document [Croatian_1_3.txt](1591) in project [Croatian_Legal_1](58)
2020-09-24 22:04:01,149 [Ángela] Upgraded CAS of user [HRG1] for document [Croatian_1_4.txt](1592) in project [Croatian_Legal_1](58)
2020-09-24 22:07:06,186 [Ángela] Upgraded CAS of user [HRG1] for document [Croatian_1_3.txt](1591) in project [Croatian_Legal_1](58)
2020-09-24 22:07:25,837 [Ángela] Upgraded CAS of user [HRG1] for document [Croatian_1_2.txt](1590) in project [Croatian_Legal_1](58)
2020-09-24 22:07:42,839 [Ángela] Upgraded CAS of user [HRG1] for document [Croatian_1_1.txt](1589) in project [Croatian_Legal_1](58)
2020-09-25 07:09:35,442 [Ángela] Upgraded CAS of user [HRG1] for document [Croatian_1_1.txt](1589) in project [Croatian_Legal_1](58)
2020-09-25 07:11:42,729 [Ángela] Upgraded CAS of user [HRG1] for document [Croatian_1_2.txt](1590) in project [Croatian_Legal_1](58)
2020-09-25 07:13:32,446 [Ángela] Upgraded CAS of user [HRG1] for document [Croatian_1_3.txt](1591) in project [Croatian_Legal_1](58)
2020-09-25 07:15:00,476 [Ángela] Upgraded CAS of user [HRG1] for document [Croatian_1_4.txt](1592) in project [Croatian_Legal_1](58)
2020-10-01 15:09:53,733 [Ángela] Exported [9794] logged events for project [Croatian_Legal_1]
2020-10-01 15:09:53,746 [Ángela] Exported [0] chains for project [Croatian_Legal_1]
2020-10-01 15:09:53,758 [Ángela] Exported [0] gazeteers for project [Croatian_Legal_1]
2020-10-01 15:09:53,770 [Ángela] Exported [0] knowledge bases for project [Croatian_Legal_1]
2020-10-01 15:09:53,802 [Ángela] Exported content for source document [1589] in project [Croatian_Legal_1] with id [58]
2020-10-01 15:09:53,803 [Ángela] Exported content for source document [1590] in project [Croatian_Legal_1] with id [58]
2020-10-01 15:09:53,803 [Ángela] Exported content for source document [1591] in project [Croatian_Legal_1] with id [58]
2020-10-01 15:09:53,803 [Ángela] Exported content for source document [1592] in project [Croatian_Legal_1] with id [58]
2020-10-01 15:09:53,850 [Ángela] Exported annotation document content for user [INITIAL_CAS] for source document [1589] in project [Croatian_Legal_1] with id [58]
2020-10-01 15:09:54,216 [Ángela] Exported annotations [Croatian_1_1.txt](1589) for user [HRG1] from project [Croatian_Legal_1](58) using format [xmi]
2020-10-01 15:09:54,323 [Ángela] Exported annotations [Croatian_1_2.txt](1590) for user [HRG1] from project [Croatian_Legal_1](58) using format [xmi]
2020-10-01 15:09:54,485 [Ángela] Exported annotations [Croatian_1_3.txt](1591) for user [HRG1] from project [Croatian_Legal_1](58) using format [xmi]
2020-10-01 15:09:54,604 [Ángela] Exported annotations [Croatian_1_4.txt](1592) for user [HRG1] from project [Croatian_Legal_1](58) using format [xmi]
2020-10-02 13:31:51,803 [Ángela] Imported source document [HRG1_1.xmi](1660) to project [Croatian_Legal_1](58)
2020-10-02 13:31:52,013 [Ángela] Imported source document [HRG1_2.xmi](1661) to project [Croatian_Legal_1](58)
2020-10-02 13:31:52,245 [Ángela] Imported source document [HRG1_3.xmi](1662) to project [Croatian_Legal_1](58)
2020-10-02 13:31:52,599 [Ángela] Imported source document [HRG1_4.xmi](1663) to project [Croatian_Legal_1](58)
2020-10-02 13:51:20,727 [Ángela] Created permission [ANNOTATOR] for user [Joanna] on project [Croatian_Legal_1](58)
2020-10-02 13:51:23,855 [Ángela] Created permission [CURATOR] for user [Joanna] on project [Croatian_Legal_1](58)
2020-10-02 13:51:23,856 [Ángela] Created permission [MANAGER] for user [Joanna] on project [Croatian_Legal_1](58)
2020-10-07 08:33:51,110 [Ángela] Removed source document [HRG1_1.xmi](1660) from project [Croatian_Legal_1](58)
2020-10-07 08:33:51,133 [Ángela] Removed source document [HRG1_2.xmi](1661) from project [Croatian_Legal_1](58)
2020-10-07 08:33:51,154 [Ángela] Removed source document [HRG1_3.xmi](1662) from project [Croatian_Legal_1](58)
2020-10-07 08:33:51,174 [Ángela] Removed source document [HRG1_4.xmi](1663) from project [Croatian_Legal_1](58)
2020-10-07 08:33:55,915 [Ángela] Removed permission [ANNOTATOR] for user [Joanna] on project [Croatian_Legal_1](58)
2020-10-07 08:34:00,746 [Ángela] Removed permission [ANNOTATOR] for user [Ángela] on project [Croatian_Legal_1](58)
2020-10-07 10:28:16,407 [Ángela] Exported annotations [Croatian_1_1.txt](1589) for user [HRG1] from project [Croatian_Legal_1](58) using format [xmi]
2020-10-07 10:28:16,493 [Ángela] Exported annotations [Croatian_1_2.txt](1590) for user [HRG1] from project [Croatian_Legal_1](58) using format [xmi]
2020-10-07 10:28:16,611 [Ángela] Exported annotations [Croatian_1_3.txt](1591) for user [HRG1] from project [Croatian_Legal_1](58) using format [xmi]
2020-10-07 10:28:16,713 [Ángela] Exported annotations [Croatian_1_4.txt](1592) for user [HRG1] from project [Croatian_Legal_1](58) using format [xmi]
2020-10-07 11:27:01,047 [Ángela] Exported annotations [Croatian_1_1.txt](1589) for user [HRG1] from project [Croatian_Legal_1](58) using format [xmi]
2020-10-07 11:27:01,135 [Ángela] Exported annotations [Croatian_1_2.txt](1590) for user [HRG1] from project [Croatian_Legal_1](58) using format [xmi]
2020-10-07 11:27:01,255 [Ángela] Exported annotations [Croatian_1_3.txt](1591) for user [HRG1] from project [Croatian_Legal_1](58) using format [xmi]
2020-10-07 11:27:01,358 [Ángela] Exported annotations [Croatian_1_4.txt](1592) for user [HRG1] from project [Croatian_Legal_1](58) using format [xmi]
2020-10-07 11:53:43,428 [Ángela] Exported annotations [Croatian_1_1.txt](1589) for user [HRG1] from project [Croatian_Legal_1](58) using format [xmi]
2020-10-07 11:53:43,514 [Ángela] Exported annotations [Croatian_1_2.txt](1590) for user [HRG1] from project [Croatian_Legal_1](58) using format [xmi]
2020-10-07 11:53:43,631 [Ángela] Exported annotations [Croatian_1_3.txt](1591) for user [HRG1] from project [Croatian_Legal_1](58) using format [xmi]
2020-10-07 11:53:43,733 [Ángela] Exported annotations [Croatian_1_4.txt](1592) for user [HRG1] from project [Croatian_Legal_1](58) using format [xmi]
2020-10-15 10:14:49,402 [Ángela] Exported [9794] logged events for project [Croatian_Legal_1]
2020-10-15 10:14:49,402 [Ángela] Skipped [8] logged events for [4] documents no longer existing
2020-10-15 10:14:49,413 [Ángela] Exported [0] chains for project [Croatian_Legal_1]
2020-10-15 10:14:49,421 [Ángela] Exported [0] gazeteers for project [Croatian_Legal_1]
2020-10-15 10:14:49,430 [Ángela] Exported [0] knowledge bases for project [Croatian_Legal_1]
2020-10-15 10:14:49,457 [Ángela] Exported content for source document [1589] in project [Croatian_Legal_1] with id [58]
2020-10-15 10:14:49,459 [Ángela] Exported content for source document [1590] in project [Croatian_Legal_1] with id [58]
2020-10-15 10:14:49,459 [Ángela] Exported content for source document [1591] in project [Croatian_Legal_1] with id [58]
2020-10-15 10:14:49,459 [Ángela] Exported content for source document [1592] in project [Croatian_Legal_1] with id [58]
2020-10-15 10:14:49,498 [Ángela] Exported annotation document content for user [INITIAL_CAS] for source document [1589] in project [Croatian_Legal_1] with id [58]
2020-10-15 10:14:49,809 [Ángela] Exported annotations [Croatian_1_1.txt](1589) for user [HRG1] from project [Croatian_Legal_1](58) using format [xmi]
2020-10-15 10:14:49,898 [Ángela] Exported annotations [Croatian_1_2.txt](1590) for user [HRG1] from project [Croatian_Legal_1](58) using format [xmi]
2020-10-15 10:14:50,017 [Ángela] Exported annotations [Croatian_1_3.txt](1591) for user [HRG1] from project [Croatian_Legal_1](58) using format [xmi]
2020-10-15 10:14:50,149 [Ángela] Exported annotations [Croatian_1_4.txt](1592) for user [HRG1] from project [Croatian_Legal_1](58) using format [xmi]
2020-11-11 15:04:50,101 [Ángela] Exported [9794] logged events for project [Croatian_Legal_1]
2020-11-11 15:04:50,102 [Ángela] Skipped [8] logged events for [4] documents no longer existing
2020-11-11 15:04:50,115 [Ángela] Exported [0] chains for project [Croatian_Legal_1]
2020-11-11 15:04:50,126 [Ángela] Exported [0] gazeteers for project [Croatian_Legal_1]
2020-11-11 15:04:50,138 [Ángela] Exported [0] knowledge bases for project [Croatian_Legal_1]
2020-11-11 15:04:50,172 [Ángela] Exported content for source document [1589] in project [Croatian_Legal_1] with id [58]
2020-11-11 15:04:50,172 [Ángela] Exported content for source document [1590] in project [Croatian_Legal_1] with id [58]
2020-11-11 15:04:50,172 [Ángela] Exported content for source document [1591] in project [Croatian_Legal_1] with id [58]
2020-11-11 15:04:50,173 [Ángela] Exported content for source document [1592] in project [Croatian_Legal_1] with id [58]
2020-11-11 15:04:50,220 [Ángela] Exported annotation document content for user [INITIAL_CAS] for source document [1589] in project [Croatian_Legal_1] with id [58]
2020-11-11 15:04:50,529 [Ángela] Exported annotations [Croatian_1_1.txt](1589) for user [HRG1] from project [Croatian_Legal_1](58) using format [xmi]
2020-11-11 15:04:50,641 [Ángela] Exported annotations [Croatian_1_2.txt](1590) for user [HRG1] from project [Croatian_Legal_1](58) using format [xmi]
2020-11-11 15:04:50,759 [Ángela] Exported annotations [Croatian_1_3.txt](1591) for user [HRG1] from project [Croatian_Legal_1](58) using format [xmi]
2020-11-11 15:04:50,900 [Ángela] Exported annotations [Croatian_1_4.txt](1592) for user [HRG1] from project [Croatian_Legal_1](58) using format [xmi]
2020-11-12 11:59:34,411 [Ángela] Upgraded CAS of user [HRG1] for document [Croatian_1_3.txt](1591) in project [Croatian_Legal_1](58)
2020-11-12 14:39:43,604 [Ángela] Upgraded CAS of user [HRG1] for document [Croatian_1_1.txt](1589) in project [Croatian_Legal_1](58)
2020-11-12 15:09:59,077 [Ángela] Upgraded CAS of user [HRG1] for document [Croatian_1_2.txt](1590) in project [Croatian_Legal_1](58)
2020-11-12 15:13:38,892 [Ángela] Upgraded CAS of user [HRG1] for document [Croatian_1_1.txt](1589) in project [Croatian_Legal_1](58)
2020-11-12 15:14:01,302 [Ángela] Upgraded CAS of user [HRG1] for document [Croatian_1_2.txt](1590) in project [Croatian_Legal_1](58)
2020-11-12 15:25:34,577 [Ángela] Upgraded CAS of user [HRG1] for document [Croatian_1_2.txt](1590) in project [Croatian_Legal_1](58)
2020-11-12 15:26:19,665 [Ángela] Upgraded CAS of user [HRG1] for document [Croatian_1_3.txt](1591) in project [Croatian_Legal_1](58)
2020-11-13 10:40:47,692 [Ángela] Upgraded CAS of user [HRG1] for document [Croatian_1_3.txt](1591) in project [Croatian_Legal_1](58)
2020-11-13 10:54:06,723 [Ángela] Upgraded CAS of user [HRG1] for document [Croatian_1_2.txt](1590) in project [Croatian_Legal_1](58)
2020-11-13 10:57:22,946 [Ángela] Upgraded CAS of user [HRG1] for document [Croatian_1_4.txt](1592) in project [Croatian_Legal_1](58)
2020-11-13 11:04:46,194 [Ángela] Upgraded CAS of user [HRG1] for document [Croatian_1_2.txt](1590) in project [Croatian_Legal_1](58)
2020-11-13 15:10:07,214 [Ángela] Upgraded CAS of user [HRG1] for document [Croatian_1_3.txt](1591) in project [Croatian_Legal_1](58)
2020-11-13 15:37:01,008 [Ángela] Upgraded CAS of user [HRG1] for document [Croatian_1_4.txt](1592) in project [Croatian_Legal_1](58)
2020-11-18 11:00:36,251 [Ángela] Upgraded CAS of user [HRG1] for document [Croatian_1_1.txt](1589) in project [Croatian_Legal_1](58)
2020-11-18 12:29:23,731 [Ángela] Upgraded CAS of user [HRG1] for document [Croatian_1_1.txt](1589) in project [Croatian_Legal_1](58)
2020-11-18 12:44:57,051 [Ángela] Upgraded CAS of user [HRG1] for document [Croatian_1_2.txt](1590) in project [Croatian_Legal_1](58)
2020-11-18 12:52:47,442 [Ángela] Upgraded CAS of user [HRG1] for document [Croatian_1_3.txt](1591) in project [Croatian_Legal_1](58)
2020-11-18 14:19:47,744 [Ángela] Upgraded CAS of user [HRG1] for document [Croatian_1_3.txt](1591) in project [Croatian_Legal_1](58)
2020-11-18 14:21:03,194 [Ángela] Upgraded CAS of user [HRG1] for document [Croatian_1_4.txt](1592) in project [Croatian_Legal_1](58)
2020-11-18 14:34:19,899 [Ángela] Upgraded CAS of user [HRG1] for document [Croatian_1_4.txt](1592) in project [Croatian_Legal_1](58)
2020-11-20 14:53:01,953 [Ángela] Upgraded CAS of user [HRG1] for document [Croatian_1_1.txt](1589) in project [Croatian_Legal_1](58)
2020-11-20 15:08:21,517 [Ángela] Upgraded CAS of user [HRG1] for document [Croatian_1_2.txt](1590) in project [Croatian_Legal_1](58)
2020-11-23 15:28:00,493 [Ángela] Upgraded CAS of user [HRG1] for document [Croatian_1_1.txt](1589) in project [Croatian_Legal_1](58)
2020-11-23 15:28:11,673 [Ángela] Upgraded CAS of user [HRG1] for document [Croatian_1_1.txt](1589) in project [Croatian_Legal_1](58)
2020-11-23 15:37:32,322 [Ángela] Upgraded CAS of user [HRG1] for document [Croatian_1_2.txt](1590) in project [Croatian_Legal_1](58)
2020-11-23 15:37:54,149 [Ángela] Upgraded CAS of user [HRG1] for document [Croatian_1_1.txt](1589) in project [Croatian_Legal_1](58)
2020-11-23 15:38:41,496 [Ángela] Upgraded CAS of user [HRG1] for document [Croatian_1_2.txt](1590) in project [Croatian_Legal_1](58)
2020-11-23 16:00:39,115 [Ángela] Upgraded CAS of user [HRG1] for document [Croatian_1_3.txt](1591) in project [Croatian_Legal_1](58)
2020-11-23 16:07:12,688 [Ángela] Upgraded CAS of user [HRG1] for document [Croatian_1_4.txt](1592) in project [Croatian_Legal_1](58)
2020-11-24 08:40:57,583 [Ángela] Upgraded CAS of user [HRG1] for document [Croatian_1_1.txt](1589) in project [Croatian_Legal_1](58)
2020-11-24 09:50:53,780 [Ángela] Upgraded CAS of user [HRG1] for document [Croatian_1_2.txt](1590) in project [Croatian_Legal_1](58)
2020-11-24 10:26:25,542 [Ángela] Upgraded CAS of user [HRG1] for document [Croatian_1_3.txt](1591) in project [Croatian_Legal_1](58)
2020-11-24 11:29:01,207 [Ángela] Upgraded CAS of user [HRG1] for document [Croatian_1_3.txt](1591) in project [Croatian_Legal_1](58)
2020-11-24 11:53:53,184 [Ángela] Upgraded CAS of user [HRG1] for document [Croatian_1_4.txt](1592) in project [Croatian_Legal_1](58)
2020-11-27 14:25:23,997 [Ángela] Exported [10647] logged events for project [Croatian_Legal_1]
2020-11-27 14:25:23,997 [Ángela] Skipped [8] logged events for [4] documents no longer existing
2020-11-27 14:25:24,011 [Ángela] Exported [0] chains for project [Croatian_Legal_1]
2020-11-27 14:25:24,023 [Ángela] Exported [0] gazeteers for project [Croatian_Legal_1]
2020-11-27 14:25:24,034 [Ángela] Exported [0] knowledge bases for project [Croatian_Legal_1]
2020-11-27 14:25:24,066 [Ángela] Exported content for source document [1589] in project [Croatian_Legal_1] with id [58]
2020-11-27 14:25:24,067 [Ángela] Exported content for source document [1590] in project [Croatian_Legal_1] with id [58]
2020-11-27 14:25:24,068 [Ángela] Exported content for source document [1591] in project [Croatian_Legal_1] with id [58]
2020-11-27 14:25:24,068 [Ángela] Exported content for source document [1592] in project [Croatian_Legal_1] with id [58]
2020-11-27 14:25:24,112 [Ángela] Exported annotation document content for user [INITIAL_CAS] for source document [1589] in project [Croatian_Legal_1] with id [58]
2020-11-27 14:25:24,452 [Ángela] Exported annotations [Croatian_1_1.txt](1589) for user [HRG1] from project [Croatian_Legal_1](58) using format [xmi]
2020-11-27 14:25:24,540 [Ángela] Exported annotations [Croatian_1_2.txt](1590) for user [HRG1] from project [Croatian_Legal_1](58) using format [xmi]
2020-11-27 14:25:24,641 [Ángela] Exported annotations [Croatian_1_3.txt](1591) for user [HRG1] from project [Croatian_Legal_1](58) using format [xmi]
2020-11-27 14:25:24,745 [Ángela] Exported annotations [Croatian_1_4.txt](1592) for user [HRG1] from project [Croatian_Legal_1](58) using format [xmi]
2020-11-27 15:42:25,906 [Ángela] Upgraded CAS of user [HRG1] for document [Croatian_1_4.txt](1592) in project [Croatian_Legal_1](58)
2020-11-27 15:43:58,505 [Ángela] Upgraded CAS of user [HRG1] for document [Croatian_1_3.txt](1591) in project [Croatian_Legal_1](58)
2020-11-27 15:44:28,716 [Ángela] Upgraded CAS of user [HRG1] for document [Croatian_1_1.txt](1589) in project [Croatian_Legal_1](58)
2020-11-27 15:51:51,857 [Ángela] Exported [10691] logged events for project [Croatian_Legal_1]
2020-11-27 15:51:51,858 [Ángela] Skipped [8] logged events for [4] documents no longer existing
2020-11-27 15:51:51,872 [Ángela] Exported [0] chains for project [Croatian_Legal_1]
2020-11-27 15:51:51,884 [Ángela] Exported [0] gazeteers for project [Croatian_Legal_1]
2020-11-27 15:51:51,896 [Ángela] Exported [0] knowledge bases for project [Croatian_Legal_1]
2020-11-27 15:51:51,934 [Ángela] Exported content for source document [1589] in project [Croatian_Legal_1] with id [58]
2020-11-27 15:51:51,934 [Ángela] Exported content for source document [1590] in project [Croatian_Legal_1] with id [58]
2020-11-27 15:51:51,934 [Ángela] Exported content for source document [1591] in project [Croatian_Legal_1] with id [58]
2020-11-27 15:51:51,935 [Ángela] Exported content for source document [1592] in project [Croatian_Legal_1] with id [58]
2020-11-27 15:51:51,985 [Ángela] Exported annotation document content for user [INITIAL_CAS] for source document [1589] in project [Croatian_Legal_1] with id [58]
2020-11-27 15:51:52,325 [Ángela] Exported annotations [Croatian_1_1.txt](1589) for user [HRG1] from project [Croatian_Legal_1](58) using format [xmi]
2020-11-27 15:51:52,412 [Ángela] Exported annotations [Croatian_1_2.txt](1590) for user [HRG1] from project [Croatian_Legal_1](58) using format [xmi]
2020-11-27 15:51:52,512 [Ángela] Exported annotations [Croatian_1_3.txt](1591) for user [HRG1] from project [Croatian_Legal_1](58) using format [xmi]
2020-11-27 15:51:52,615 [Ángela] Exported annotations [Croatian_1_4.txt](1592) for user [HRG1] from project [Croatian_Legal_1](58) using format [xmi]
2020-11-27 16:28:07,326 [Ángela] Upgraded CAS of user [HRG1] for document [Croatian_1_4.txt](1592) in project [Croatian_Legal_1](58)
2020-11-27 16:28:59,125 [Ángela] Upgraded CAS of user [HRG1] for document [Croatian_1_3.txt](1591) in project [Croatian_Legal_1](58)
2020-11-27 16:30:05,790 [Ángela] Exported [10691] logged events for project [Croatian_Legal_1]
2020-11-27 16:30:05,790 [Ángela] Skipped [8] logged events for [4] documents no longer existing
2020-11-27 16:30:05,802 [Ángela] Exported [0] chains for project [Croatian_Legal_1]
2020-11-27 16:30:05,813 [Ángela] Exported [0] gazeteers for project [Croatian_Legal_1]
2020-11-27 16:30:05,824 [Ángela] Exported [0] knowledge bases for project [Croatian_Legal_1]
2020-11-27 16:30:05,856 [Ángela] Exported content for source document [1589] in project [Croatian_Legal_1] with id [58]
2020-11-27 16:30:05,857 [Ángela] Exported content for source document [1590] in project [Croatian_Legal_1] with id [58]
2020-11-27 16:30:05,857 [Ángela] Exported content for source document [1591] in project [Croatian_Legal_1] with id [58]
2020-11-27 16:30:05,857 [Ángela] Exported content for source document [1592] in project [Croatian_Legal_1] with id [58]
2020-11-27 16:30:05,903 [Ángela] Exported annotation document content for user [INITIAL_CAS] for source document [1589] in project [Croatian_Legal_1] with id [58]
2020-11-27 16:30:06,221 [Ángela] Exported annotations [Croatian_1_1.txt](1589) for user [HRG1] from project [Croatian_Legal_1](58) using format [xmi]
2020-11-27 16:30:06,311 [Ángela] Exported annotations [Croatian_1_2.txt](1590) for user [HRG1] from project [Croatian_Legal_1](58) using format [xmi]
2020-11-27 16:30:06,416 [Ángela] Exported annotations [Croatian_1_3.txt](1591) for user [HRG1] from project [Croatian_Legal_1](58) using format [xmi]
2020-11-27 16:30:06,530 [Ángela] Exported annotations [Croatian_1_4.txt](1592) for user [HRG1] from project [Croatian_Legal_1](58) using format [xmi]
