2020-08-17 12:10:17,841 [admin] Created project [eurlex_legal_es](4)
2020-08-17 12:10:17,844 [admin] Created permission [MANAGER] for user [admin] on project [eurlex_legal_es](4)
2020-08-17 12:10:17,845 [admin] Created permission [CURATOR] for user [admin] on project [eurlex_legal_es](4)
2020-08-17 12:10:17,845 [admin] Created permission [ANNOTATOR] for user [admin] on project [eurlex_legal_es](4)
2020-08-17 12:10:17,847 [admin] Created layer [de.tudarmstadt.ukp.dkpro.core.api.segmentation.type.Token](48) in project [eurlex_legal_es](4)
2020-08-17 12:10:17,848 [admin] Created layer [de.tudarmstadt.ukp.dkpro.core.api.segmentation.type.SurfaceForm](49) in project [eurlex_legal_es](4)
2020-08-17 12:10:17,855 [admin] Created layer [de.tudarmstadt.ukp.dkpro.core.api.segmentation.type.Lemma](50) in project [eurlex_legal_es](4)
2020-08-17 12:10:17,860 [admin] Created layer [de.tudarmstadt.ukp.dkpro.core.api.semantics.type.SemArg](51) in project [eurlex_legal_es](4)
2020-08-17 12:10:17,869 [admin] Created layer [de.tudarmstadt.ukp.dkpro.core.api.semantics.type.SemPred](52) in project [eurlex_legal_es](4)
2020-08-17 12:10:17,872 [admin] Created layer [de.tudarmstadt.ukp.dkpro.core.api.lexmorph.type.morph.MorphologicalFeatures](53) in project [eurlex_legal_es](4)
2020-08-17 12:10:17,878 [admin] Created layer [de.tudarmstadt.ukp.dkpro.core.api.syntax.type.chunk.Chunk](54) in project [eurlex_legal_es](4)
2020-08-17 12:10:17,882 [admin] Created layer [de.tudarmstadt.ukp.dkpro.core.api.transform.type.SofaChangeAnnotation](55) in project [eurlex_legal_es](4)
2020-08-17 12:10:17,891 [admin] Created tagset [Operation](31) in project [eurlex_legal_es](4)
2020-08-17 12:10:17,895 [admin] Created tag [replace](1271) in tagset [Operation](31) in project [eurlex_legal_es](4)
2020-08-17 12:10:17,899 [admin] Created tag [insert_before](1272) in tagset [Operation](31) in project [eurlex_legal_es](4)
2020-08-17 12:10:17,903 [admin] Created tag [insert_after](1273) in tagset [Operation](31) in project [eurlex_legal_es](4)
2020-08-17 12:10:17,908 [admin] Created tag [delete](1274) in tagset [Operation](31) in project [eurlex_legal_es](4)
2020-08-17 12:10:17,928 [admin] Created tagset [Named Entity tags](32) in project [eurlex_legal_es](4)
2020-08-17 12:10:17,933 [admin] Created tag [LOC](1275) in tagset [Named Entity tags](32) in project [eurlex_legal_es](4)
2020-08-17 12:10:17,938 [admin] Created tag [LOCderiv](1276) in tagset [Named Entity tags](32) in project [eurlex_legal_es](4)
2020-08-17 12:10:17,942 [admin] Created tag [LOCpart](1277) in tagset [Named Entity tags](32) in project [eurlex_legal_es](4)
2020-08-17 12:10:17,947 [admin] Created tag [ORG](1278) in tagset [Named Entity tags](32) in project [eurlex_legal_es](4)
2020-08-17 12:10:17,951 [admin] Created tag [ORGderiv](1279) in tagset [Named Entity tags](32) in project [eurlex_legal_es](4)
2020-08-17 12:10:17,955 [admin] Created tag [ORGpart](1280) in tagset [Named Entity tags](32) in project [eurlex_legal_es](4)
2020-08-17 12:10:17,963 [admin] Created tag [OTH](1281) in tagset [Named Entity tags](32) in project [eurlex_legal_es](4)
2020-08-17 12:10:17,967 [admin] Created tag [OTHderiv](1282) in tagset [Named Entity tags](32) in project [eurlex_legal_es](4)
2020-08-17 12:10:17,972 [admin] Created tag [OTHpart](1283) in tagset [Named Entity tags](32) in project [eurlex_legal_es](4)
2020-08-17 12:10:17,976 [admin] Created tag [PER](1284) in tagset [Named Entity tags](32) in project [eurlex_legal_es](4)
2020-08-17 12:10:17,980 [admin] Created tag [PERderiv](1285) in tagset [Named Entity tags](32) in project [eurlex_legal_es](4)
2020-08-17 12:10:17,984 [admin] Created tag [PERpart](1286) in tagset [Named Entity tags](32) in project [eurlex_legal_es](4)
2020-08-17 12:10:17,985 [admin] Created layer [de.tudarmstadt.ukp.dkpro.core.api.ner.type.NamedEntity](56) in project [eurlex_legal_es](4)
2020-08-17 12:10:18,003 [admin] Created tagset [UD Universal POS tags (v2)](33) in project [eurlex_legal_es](4)
2020-08-17 12:10:18,007 [admin] Created tag [ADJ](1287) in tagset [UD Universal POS tags (v2)](33) in project [eurlex_legal_es](4)
2020-08-17 12:10:18,011 [admin] Created tag [ADP](1288) in tagset [UD Universal POS tags (v2)](33) in project [eurlex_legal_es](4)
2020-08-17 12:10:18,016 [admin] Created tag [ADV](1289) in tagset [UD Universal POS tags (v2)](33) in project [eurlex_legal_es](4)
2020-08-17 12:10:18,021 [admin] Created tag [AUX](1290) in tagset [UD Universal POS tags (v2)](33) in project [eurlex_legal_es](4)
2020-08-17 12:10:18,027 [admin] Created tag [CCONJ](1291) in tagset [UD Universal POS tags (v2)](33) in project [eurlex_legal_es](4)
2020-08-17 12:10:18,034 [admin] Created tag [DET](1292) in tagset [UD Universal POS tags (v2)](33) in project [eurlex_legal_es](4)
2020-08-17 12:10:18,040 [admin] Created tag [INTJ](1293) in tagset [UD Universal POS tags (v2)](33) in project [eurlex_legal_es](4)
2020-08-17 12:10:18,045 [admin] Created tag [NOUN](1294) in tagset [UD Universal POS tags (v2)](33) in project [eurlex_legal_es](4)
2020-08-17 12:10:18,049 [admin] Created tag [NUM](1295) in tagset [UD Universal POS tags (v2)](33) in project [eurlex_legal_es](4)
2020-08-17 12:10:18,054 [admin] Created tag [PART](1296) in tagset [UD Universal POS tags (v2)](33) in project [eurlex_legal_es](4)
2020-08-17 12:10:18,059 [admin] Created tag [PRON](1297) in tagset [UD Universal POS tags (v2)](33) in project [eurlex_legal_es](4)
2020-08-17 12:10:18,063 [admin] Created tag [PROPN](1298) in tagset [UD Universal POS tags (v2)](33) in project [eurlex_legal_es](4)
2020-08-17 12:10:18,067 [admin] Created tag [PUNCT](1299) in tagset [UD Universal POS tags (v2)](33) in project [eurlex_legal_es](4)
2020-08-17 12:10:18,072 [admin] Created tag [SCONJ](1300) in tagset [UD Universal POS tags (v2)](33) in project [eurlex_legal_es](4)
2020-08-17 12:10:18,081 [admin] Created tag [SYM](1301) in tagset [UD Universal POS tags (v2)](33) in project [eurlex_legal_es](4)
2020-08-17 12:10:18,086 [admin] Created tag [VERB](1302) in tagset [UD Universal POS tags (v2)](33) in project [eurlex_legal_es](4)
2020-08-17 12:10:18,092 [admin] Created tag [X](1303) in tagset [UD Universal POS tags (v2)](33) in project [eurlex_legal_es](4)
2020-08-17 12:10:18,095 [admin] Created layer [de.tudarmstadt.ukp.dkpro.core.api.lexmorph.type.pos.POS](57) in project [eurlex_legal_es](4)
2020-08-17 12:10:18,109 [admin] Created tagset [Coreference mentions](34) in project [eurlex_legal_es](4)
2020-08-17 12:10:18,114 [admin] Created tag [nam](1304) in tagset [Coreference mentions](34) in project [eurlex_legal_es](4)
2020-08-17 12:10:18,121 [admin] Created tagset [Coreference relations](35) in project [eurlex_legal_es](4)
2020-08-17 12:10:18,125 [admin] Created tag [anaphoric](1305) in tagset [Coreference relations](35) in project [eurlex_legal_es](4)
2020-08-17 12:10:18,126 [admin] Created layer [de.tudarmstadt.ukp.dkpro.core.api.coref.type.Coreference](58) in project [eurlex_legal_es](4)
2020-08-17 12:10:18,139 [admin] Created tagset [UD Universal Dependencies (v2)](36) in project [eurlex_legal_es](4)
2020-08-17 12:10:18,144 [admin] Created tag [acl](1306) in tagset [UD Universal Dependencies (v2)](36) in project [eurlex_legal_es](4)
2020-08-17 12:10:18,149 [admin] Created tag [advcl](1307) in tagset [UD Universal Dependencies (v2)](36) in project [eurlex_legal_es](4)
2020-08-17 12:10:18,155 [admin] Created tag [advmod](1308) in tagset [UD Universal Dependencies (v2)](36) in project [eurlex_legal_es](4)
2020-08-17 12:10:18,160 [admin] Created tag [amod](1309) in tagset [UD Universal Dependencies (v2)](36) in project [eurlex_legal_es](4)
2020-08-17 12:10:18,166 [admin] Created tag [appos](1310) in tagset [UD Universal Dependencies (v2)](36) in project [eurlex_legal_es](4)
2020-08-17 12:10:18,171 [admin] Created tag [aux](1311) in tagset [UD Universal Dependencies (v2)](36) in project [eurlex_legal_es](4)
2020-08-17 12:10:18,177 [admin] Created tag [case](1312) in tagset [UD Universal Dependencies (v2)](36) in project [eurlex_legal_es](4)
2020-08-17 12:10:18,182 [admin] Created tag [cc](1313) in tagset [UD Universal Dependencies (v2)](36) in project [eurlex_legal_es](4)
2020-08-17 12:10:18,186 [admin] Created tag [ccomp](1314) in tagset [UD Universal Dependencies (v2)](36) in project [eurlex_legal_es](4)
2020-08-17 12:10:18,189 [admin] Created tag [clf](1315) in tagset [UD Universal Dependencies (v2)](36) in project [eurlex_legal_es](4)
2020-08-17 12:10:18,193 [admin] Created tag [compound](1316) in tagset [UD Universal Dependencies (v2)](36) in project [eurlex_legal_es](4)
2020-08-17 12:10:18,196 [admin] Created tag [conj](1317) in tagset [UD Universal Dependencies (v2)](36) in project [eurlex_legal_es](4)
2020-08-17 12:10:18,200 [admin] Created tag [cop](1318) in tagset [UD Universal Dependencies (v2)](36) in project [eurlex_legal_es](4)
2020-08-17 12:10:18,204 [admin] Created tag [csubj](1319) in tagset [UD Universal Dependencies (v2)](36) in project [eurlex_legal_es](4)
2020-08-17 12:10:18,207 [admin] Created tag [dep](1320) in tagset [UD Universal Dependencies (v2)](36) in project [eurlex_legal_es](4)
2020-08-17 12:10:18,211 [admin] Created tag [det](1321) in tagset [UD Universal Dependencies (v2)](36) in project [eurlex_legal_es](4)
2020-08-17 12:10:18,215 [admin] Created tag [discourse](1322) in tagset [UD Universal Dependencies (v2)](36) in project [eurlex_legal_es](4)
2020-08-17 12:10:18,218 [admin] Created tag [dislocated](1323) in tagset [UD Universal Dependencies (v2)](36) in project [eurlex_legal_es](4)
2020-08-17 12:10:18,222 [admin] Created tag [expl](1324) in tagset [UD Universal Dependencies (v2)](36) in project [eurlex_legal_es](4)
2020-08-17 12:10:18,226 [admin] Created tag [fixed](1325) in tagset [UD Universal Dependencies (v2)](36) in project [eurlex_legal_es](4)
2020-08-17 12:10:18,229 [admin] Created tag [flat](1326) in tagset [UD Universal Dependencies (v2)](36) in project [eurlex_legal_es](4)
2020-08-17 12:10:18,234 [admin] Created tag [goeswith](1327) in tagset [UD Universal Dependencies (v2)](36) in project [eurlex_legal_es](4)
2020-08-17 12:10:18,239 [admin] Created tag [iobj](1328) in tagset [UD Universal Dependencies (v2)](36) in project [eurlex_legal_es](4)
2020-08-17 12:10:18,245 [admin] Created tag [list](1329) in tagset [UD Universal Dependencies (v2)](36) in project [eurlex_legal_es](4)
2020-08-17 12:10:18,248 [admin] Created tag [mark](1330) in tagset [UD Universal Dependencies (v2)](36) in project [eurlex_legal_es](4)
2020-08-17 12:10:18,252 [admin] Created tag [nmod](1331) in tagset [UD Universal Dependencies (v2)](36) in project [eurlex_legal_es](4)
2020-08-17 12:10:18,256 [admin] Created tag [nsubj](1332) in tagset [UD Universal Dependencies (v2)](36) in project [eurlex_legal_es](4)
2020-08-17 12:10:18,262 [admin] Created tag [nummod](1333) in tagset [UD Universal Dependencies (v2)](36) in project [eurlex_legal_es](4)
2020-08-17 12:10:18,266 [admin] Created tag [obj](1334) in tagset [UD Universal Dependencies (v2)](36) in project [eurlex_legal_es](4)
2020-08-17 12:10:18,270 [admin] Created tag [obl](1335) in tagset [UD Universal Dependencies (v2)](36) in project [eurlex_legal_es](4)
2020-08-17 12:10:18,274 [admin] Created tag [orphan](1336) in tagset [UD Universal Dependencies (v2)](36) in project [eurlex_legal_es](4)
2020-08-17 12:10:18,277 [admin] Created tag [parataxis](1337) in tagset [UD Universal Dependencies (v2)](36) in project [eurlex_legal_es](4)
2020-08-17 12:10:18,281 [admin] Created tag [punct](1338) in tagset [UD Universal Dependencies (v2)](36) in project [eurlex_legal_es](4)
2020-08-17 12:10:18,285 [admin] Created tag [reparandum](1339) in tagset [UD Universal Dependencies (v2)](36) in project [eurlex_legal_es](4)
2020-08-17 12:10:18,288 [admin] Created tag [root](1340) in tagset [UD Universal Dependencies (v2)](36) in project [eurlex_legal_es](4)
2020-08-17 12:10:18,292 [admin] Created tag [vocative](1341) in tagset [UD Universal Dependencies (v2)](36) in project [eurlex_legal_es](4)
2020-08-17 12:10:18,295 [admin] Created tag [xcomp](1342) in tagset [UD Universal Dependencies (v2)](36) in project [eurlex_legal_es](4)
2020-08-17 12:10:18,304 [admin] Created layer [de.tudarmstadt.ukp.dkpro.core.api.syntax.type.dependency.Dependency](59) in project [eurlex_legal_es](4)
2020-08-17 12:10:18,310 [admin] Created tagset [Dependency flavors](37) in project [eurlex_legal_es](4)
2020-08-17 12:10:18,315 [admin] Created tag [basic](1343) in tagset [Dependency flavors](37) in project [eurlex_legal_es](4)
2020-08-17 12:10:18,320 [admin] Created tag [enhanced](1344) in tagset [Dependency flavors](37) in project [eurlex_legal_es](4)
2020-08-17 12:10:39,353 [admin] Imported source document [204645_es.txt](37) to project [eurlex_legal_es](4)
2020-08-17 12:10:39,372 [admin] Imported source document [204654_es.txt](38) to project [eurlex_legal_es](4)
2020-08-17 12:10:39,387 [admin] Imported source document [205372_es.txt](39) to project [eurlex_legal_es](4)
2020-08-17 12:10:39,466 [admin] Imported source document [205379_es.txt](40) to project [eurlex_legal_es](4)
2020-08-17 12:10:39,565 [admin] Imported source document [205401_es.txt](41) to project [eurlex_legal_es](4)
2020-08-17 12:10:39,668 [admin] Imported source document [205412_es.txt](42) to project [eurlex_legal_es](4)
2020-08-17 12:10:39,701 [admin] Imported source document [205484_es.txt](43) to project [eurlex_legal_es](4)
2020-08-17 12:10:39,715 [admin] Imported source document [205486_es.txt](44) to project [eurlex_legal_es](4)
2020-08-17 12:10:39,765 [admin] Imported source document [205521_es.txt](45) to project [eurlex_legal_es](4)
2020-08-17 12:10:39,811 [admin] Imported source document [205541_es.txt](46) to project [eurlex_legal_es](4)
2020-08-17 12:10:39,887 [admin] Imported source document [205542_es.txt](47) to project [eurlex_legal_es](4)
2020-08-17 12:10:39,942 [admin] Imported source document [205543_es.txt](48) to project [eurlex_legal_es](4)
2020-08-17 12:10:55,264 [admin] Created layer [de.tudarmstadt.ukp.dkpro.core.api.syntax.type.chunk.Chunk](54) in project [eurlex_legal_es](4)
2020-08-17 12:10:58,544 [admin] Created layer [de.tudarmstadt.ukp.dkpro.core.api.coref.type.Coreference](58) in project [eurlex_legal_es](4)
2020-08-17 12:11:01,689 [admin] Created layer [de.tudarmstadt.ukp.dkpro.core.api.syntax.type.dependency.Dependency](59) in project [eurlex_legal_es](4)
2020-08-17 12:11:04,700 [admin] Created layer [de.tudarmstadt.ukp.dkpro.core.api.segmentation.type.Lemma](50) in project [eurlex_legal_es](4)
2020-08-17 12:11:07,519 [admin] Created layer [de.tudarmstadt.ukp.dkpro.core.api.lexmorph.type.morph.MorphologicalFeatures](53) in project [eurlex_legal_es](4)
2020-08-17 12:11:11,649 [admin] Created layer [de.tudarmstadt.ukp.dkpro.core.api.transform.type.SofaChangeAnnotation](55) in project [eurlex_legal_es](4)
2020-08-17 12:11:16,753 [admin] Created layer [de.tudarmstadt.ukp.dkpro.core.api.lexmorph.type.pos.POS](57) in project [eurlex_legal_es](4)
2020-08-17 12:11:19,791 [admin] Created layer [de.tudarmstadt.ukp.dkpro.core.api.semantics.type.SemArg](51) in project [eurlex_legal_es](4)
2020-08-17 12:11:24,452 [admin] Created layer [de.tudarmstadt.ukp.dkpro.core.api.semantics.type.SemPred](52) in project [eurlex_legal_es](4)
2020-08-17 12:11:27,589 [admin] Created layer [de.tudarmstadt.ukp.dkpro.core.api.segmentation.type.SurfaceForm](49) in project [eurlex_legal_es](4)
2020-08-17 12:12:08,952 [admin] Created tagset [Named Entity](38) in project [eurlex_legal_es](4)
2020-08-17 12:12:08,953 [admin] Created tag [ADDRESS](1345) in tagset [Named Entity](38) in project [eurlex_legal_es](4)
2020-08-17 12:12:08,953 [admin] Created tag [AGE](1346) in tagset [Named Entity](38) in project [eurlex_legal_es](4)
2020-08-17 12:12:08,953 [admin] Created tag [AMOUNT](1347) in tagset [Named Entity](38) in project [eurlex_legal_es](4)
2020-08-17 12:12:08,954 [admin] Created tag [DATE](1348) in tagset [Named Entity](38) in project [eurlex_legal_es](4)
2020-08-17 12:12:08,954 [admin] Created tag [ETHNIC CATEGORY](1349) in tagset [Named Entity](38) in project [eurlex_legal_es](4)
2020-08-17 12:12:08,954 [admin] Created tag [FINANCIAL](1350) in tagset [Named Entity](38) in project [eurlex_legal_es](4)
2020-08-17 12:12:08,955 [admin] Created tag [MARITAL STATUS](1351) in tagset [Named Entity](38) in project [eurlex_legal_es](4)
2020-08-17 12:12:08,955 [admin] Created tag [NATIONALITY](1352) in tagset [Named Entity](38) in project [eurlex_legal_es](4)
2020-08-17 12:12:08,955 [admin] Created tag [ORGANISATION](1353) in tagset [Named Entity](38) in project [eurlex_legal_es](4)
2020-08-17 12:12:08,956 [admin] Created tag [PERSON](1354) in tagset [Named Entity](38) in project [eurlex_legal_es](4)
2020-08-17 12:12:08,956 [admin] Created tag [PROFESSION](1355) in tagset [Named Entity](38) in project [eurlex_legal_es](4)
2020-08-17 12:12:08,956 [admin] Created tag [TIME](1356) in tagset [Named Entity](38) in project [eurlex_legal_es](4)
2020-08-17 12:12:08,956 [admin] Created tag [build year](1357) in tagset [Named Entity](38) in project [eurlex_legal_es](4)
2020-08-17 12:12:08,957 [admin] Created tag [building](1358) in tagset [Named Entity](38) in project [eurlex_legal_es](4)
2020-08-17 12:12:08,957 [admin] Created tag [calendar event](1359) in tagset [Named Entity](38) in project [eurlex_legal_es](4)
2020-08-17 12:12:08,958 [admin] Created tag [city](1360) in tagset [Named Entity](38) in project [eurlex_legal_es](4)
2020-08-17 12:12:08,958 [admin] Created tag [colour](1361) in tagset [Named Entity](38) in project [eurlex_legal_es](4)
2020-08-17 12:12:08,959 [admin] Created tag [country](1362) in tagset [Named Entity](38) in project [eurlex_legal_es](4)
2020-08-17 12:12:08,959 [admin] Created tag [day](1363) in tagset [Named Entity](38) in project [eurlex_legal_es](4)
2020-08-17 12:12:08,960 [admin] Created tag [day of week](1364) in tagset [Named Entity](38) in project [eurlex_legal_es](4)
2020-08-17 12:12:08,960 [admin] Created tag [email](1365) in tagset [Named Entity](38) in project [eurlex_legal_es](4)
2020-08-17 12:12:08,961 [admin] Created tag [family name](1366) in tagset [Named Entity](38) in project [eurlex_legal_es](4)
2020-08-17 12:12:08,961 [admin] Created tag [family name - female](1367) in tagset [Named Entity](38) in project [eurlex_legal_es](4)
2020-08-17 12:12:08,961 [admin] Created tag [family name - male](1368) in tagset [Named Entity](38) in project [eurlex_legal_es](4)
2020-08-17 12:12:08,962 [admin] Created tag [given name](1369) in tagset [Named Entity](38) in project [eurlex_legal_es](4)
2020-08-17 12:12:08,962 [admin] Created tag [given name - female](1370) in tagset [Named Entity](38) in project [eurlex_legal_es](4)
2020-08-17 12:12:08,963 [admin] Created tag [given name - male](1371) in tagset [Named Entity](38) in project [eurlex_legal_es](4)
2020-08-17 12:12:08,964 [admin] Created tag [health insurance number](1372) in tagset [Named Entity](38) in project [eurlex_legal_es](4)
2020-08-17 12:12:08,965 [admin] Created tag [id document number](1373) in tagset [Named Entity](38) in project [eurlex_legal_es](4)
2020-08-17 12:12:08,965 [admin] Created tag [licence plate number](1374) in tagset [Named Entity](38) in project [eurlex_legal_es](4)
2020-08-17 12:12:08,966 [admin] Created tag [medical record number](1375) in tagset [Named Entity](38) in project [eurlex_legal_es](4)
2020-08-17 12:12:08,966 [admin] Created tag [model](1376) in tagset [Named Entity](38) in project [eurlex_legal_es](4)
2020-08-17 12:12:08,967 [admin] Created tag [month](1377) in tagset [Named Entity](38) in project [eurlex_legal_es](4)
2020-08-17 12:12:08,967 [admin] Created tag [non-professional](1378) in tagset [Named Entity](38) in project [eurlex_legal_es](4)
2020-08-17 12:12:08,967 [admin] Created tag [other:address](1379) in tagset [Named Entity](38) in project [eurlex_legal_es](4)
2020-08-17 12:12:08,968 [admin] Created tag [other:amount](1380) in tagset [Named Entity](38) in project [eurlex_legal_es](4)
2020-08-17 12:12:08,968 [admin] Created tag [other:contact](1381) in tagset [Named Entity](38) in project [eurlex_legal_es](4)
2020-08-17 12:12:08,968 [admin] Created tag [other:date](1382) in tagset [Named Entity](38) in project [eurlex_legal_es](4)
2020-08-17 12:12:08,969 [admin] Created tag [other:id](1383) in tagset [Named Entity](38) in project [eurlex_legal_es](4)
2020-08-17 12:12:08,969 [admin] Created tag [other:name](1384) in tagset [Named Entity](38) in project [eurlex_legal_es](4)
2020-08-17 12:12:08,969 [admin] Created tag [other:role](1385) in tagset [Named Entity](38) in project [eurlex_legal_es](4)
2020-08-17 12:12:08,970 [admin] Created tag [other:vehicle](1386) in tagset [Named Entity](38) in project [eurlex_legal_es](4)
2020-08-17 12:12:08,970 [admin] Created tag [place](1387) in tagset [Named Entity](38) in project [eurlex_legal_es](4)
2020-08-17 12:12:08,970 [admin] Created tag [postcode](1388) in tagset [Named Entity](38) in project [eurlex_legal_es](4)
2020-08-17 12:12:08,971 [admin] Created tag [professional](1389) in tagset [Named Entity](38) in project [eurlex_legal_es](4)
2020-08-17 12:12:08,971 [admin] Created tag [social security number](1390) in tagset [Named Entity](38) in project [eurlex_legal_es](4)
2020-08-17 12:12:08,971 [admin] Created tag [standard abbreviation](1391) in tagset [Named Entity](38) in project [eurlex_legal_es](4)
2020-08-17 12:12:08,972 [admin] Created tag [street](1392) in tagset [Named Entity](38) in project [eurlex_legal_es](4)
2020-08-17 12:12:08,972 [admin] Created tag [telephone number](1393) in tagset [Named Entity](38) in project [eurlex_legal_es](4)
2020-08-17 12:12:08,972 [admin] Created tag [territory](1394) in tagset [Named Entity](38) in project [eurlex_legal_es](4)
2020-08-17 12:12:08,973 [admin] Created tag [title](1395) in tagset [Named Entity](38) in project [eurlex_legal_es](4)
2020-08-17 12:12:08,973 [admin] Created tag [type](1396) in tagset [Named Entity](38) in project [eurlex_legal_es](4)
2020-08-17 12:12:08,973 [admin] Created tag [unit](1397) in tagset [Named Entity](38) in project [eurlex_legal_es](4)
2020-08-17 12:12:08,974 [admin] Created tag [unresolved:address](1398) in tagset [Named Entity](38) in project [eurlex_legal_es](4)
2020-08-17 12:12:08,974 [admin] Created tag [unresolved:amount](1399) in tagset [Named Entity](38) in project [eurlex_legal_es](4)
2020-08-17 12:12:08,974 [admin] Created tag [unresolved:contact](1400) in tagset [Named Entity](38) in project [eurlex_legal_es](4)
2020-08-17 12:12:08,975 [admin] Created tag [unresolved:date](1401) in tagset [Named Entity](38) in project [eurlex_legal_es](4)
2020-08-17 12:12:08,975 [admin] Created tag [unresolved:id](1402) in tagset [Named Entity](38) in project [eurlex_legal_es](4)
2020-08-17 12:12:08,976 [admin] Created tag [unresolved:name](1403) in tagset [Named Entity](38) in project [eurlex_legal_es](4)
2020-08-17 12:12:08,976 [admin] Created tag [unresolved:role](1404) in tagset [Named Entity](38) in project [eurlex_legal_es](4)
2020-08-17 12:12:08,977 [admin] Created tag [unresolved:vehicle](1405) in tagset [Named Entity](38) in project [eurlex_legal_es](4)
2020-08-17 12:12:08,978 [admin] Created tag [url](1406) in tagset [Named Entity](38) in project [eurlex_legal_es](4)
2020-08-17 12:12:08,978 [admin] Created tag [value](1407) in tagset [Named Entity](38) in project [eurlex_legal_es](4)
2020-08-17 12:12:08,979 [admin] Created tag [year](1408) in tagset [Named Entity](38) in project [eurlex_legal_es](4)
2020-08-17 12:13:04,691 [admin] Created layer [de.tudarmstadt.ukp.dkpro.core.api.ner.type.NamedEntity](56) in project [eurlex_legal_es](4)
2020-08-17 12:13:24,381 [admin] Created annotation document [15] for user [admin] for source document [204645_es.txt](37) in project [eurlex_legal_es](4)
2020-08-17 12:13:24,547 [admin] Upgraded CAS of user [admin] for document [204645_es.txt](37) in project [eurlex_legal_es](4)
2020-08-17 12:13:36,366 [admin] Upgraded CAS of user [admin] for document [204645_es.txt](37) in project [eurlex_legal_es](4)
2020-08-17 12:13:54,075 [admin] Upgraded CAS of user [admin] for document [204645_es.txt](37) in project [eurlex_legal_es](4)
2020-08-17 12:18:57,311 [admin] Upgraded CAS of user [admin] for document [204645_es.txt](37) in project [eurlex_legal_es](4)
2020-08-17 12:20:22,444 [admin] Created layer [de.tudarmstadt.ukp.dkpro.core.api.ner.type.NamedEntity](56) in project [eurlex_legal_es](4)
2020-08-17 12:20:28,080 [admin] Upgraded CAS of user [admin] for document [204645_es.txt](37) in project [eurlex_legal_es](4)
2020-08-17 12:25:18,526 [admin] Created annotation document [16] for user [admin] for source document [204654_es.txt](38) in project [eurlex_legal_es](4)
2020-08-17 12:25:18,651 [admin] Upgraded CAS of user [admin] for document [204654_es.txt](38) in project [eurlex_legal_es](4)
2020-08-17 12:28:26,505 [admin] Upgraded CAS of user [admin] for document [204645_es.txt](37) in project [eurlex_legal_es](4)
2020-08-17 12:28:37,797 [admin] Upgraded CAS of user [admin] for document [204654_es.txt](38) in project [eurlex_legal_es](4)
2020-08-17 12:32:11,373 [admin] Created annotation document [17] for user [admin] for source document [205372_es.txt](39) in project [eurlex_legal_es](4)
2020-08-17 12:32:11,500 [admin] Upgraded CAS of user [admin] for document [205372_es.txt](39) in project [eurlex_legal_es](4)
2020-08-17 12:35:34,328 [admin] Created annotation document [18] for user [admin] for source document [205379_es.txt](40) in project [eurlex_legal_es](4)
2020-08-17 12:35:34,503 [admin] Upgraded CAS of user [admin] for document [205379_es.txt](40) in project [eurlex_legal_es](4)
2020-08-17 14:36:11,687 [admin] Upgraded CAS of user [admin] for document [205379_es.txt](40) in project [eurlex_legal_es](4)
2020-08-17 15:41:50,089 [admin] Created annotation document [19] for user [admin] for source document [205401_es.txt](41) in project [eurlex_legal_es](4)
2020-08-17 15:41:50,091 [admin] Created annotation document [20] for user [admin] for source document [205412_es.txt](42) in project [eurlex_legal_es](4)
2020-08-17 15:41:50,092 [admin] Created annotation document [21] for user [admin] for source document [205484_es.txt](43) in project [eurlex_legal_es](4)
2020-08-17 15:41:50,094 [admin] Created annotation document [22] for user [admin] for source document [205486_es.txt](44) in project [eurlex_legal_es](4)
2020-08-17 15:41:50,095 [admin] Created annotation document [23] for user [admin] for source document [205521_es.txt](45) in project [eurlex_legal_es](4)
2020-08-17 15:41:50,096 [admin] Created annotation document [24] for user [admin] for source document [205541_es.txt](46) in project [eurlex_legal_es](4)
2020-08-17 15:41:50,098 [admin] Created annotation document [25] for user [admin] for source document [205542_es.txt](47) in project [eurlex_legal_es](4)
2020-08-17 15:41:50,099 [admin] Created annotation document [26] for user [admin] for source document [205543_es.txt](48) in project [eurlex_legal_es](4)
2020-08-17 15:47:41,582 [admin] Upgraded CAS of user [admin] for document [205379_es.txt](40) in project [eurlex_legal_es](4)
2020-08-17 16:27:03,482 [admin] Upgraded CAS of user [admin] for document [205379_es.txt](40) in project [eurlex_legal_es](4)
2020-08-19 09:52:19,672 [admin] Upgraded CAS of user [admin] for document [205379_es.txt](40) in project [eurlex_legal_es](4)
2020-08-19 11:04:37,949 [admin] Upgraded CAS of user [admin] for document [205379_es.txt](40) in project [eurlex_legal_es](4)
2020-08-20 09:55:19,543 [admin] Upgraded CAS of user [admin] for document [205379_es.txt](40) in project [eurlex_legal_es](4)
2020-08-20 11:28:19,385 [admin] Upgraded CAS of user [admin] for document [205379_es.txt](40) in project [eurlex_legal_es](4)
2020-08-20 11:30:17,592 [admin] Upgraded CAS of user [admin] for document [205379_es.txt](40) in project [eurlex_legal_es](4)
2020-08-20 12:41:29,836 [admin] Upgraded CAS of user [admin] for document [204645_es.txt](37) in project [eurlex_legal_es](4)
2020-08-20 12:42:27,212 [admin] Exported annotations [204645_es.txt](37) for user [admin] from project [eurlex_legal_es](4) using format [conll2012]
2020-08-20 15:33:35,623 [admin] Upgraded CAS of user [admin] for document [205401_es.txt](41) in project [eurlex_legal_es](4)
2020-08-20 15:35:23,182 [admin] Upgraded CAS of user [admin] for document [204645_es.txt](37) in project [eurlex_legal_es](4)
2020-08-20 15:35:51,305 [admin] Upgraded CAS of user [admin] for document [205401_es.txt](41) in project [eurlex_legal_es](4)
2020-08-20 16:08:34,261 [admin] Upgraded CAS of user [admin] for document [205401_es.txt](41) in project [eurlex_legal_es](4)
2020-08-20 16:11:27,440 [admin] Upgraded CAS of user [admin] for document [205401_es.txt](41) in project [eurlex_legal_es](4)
2020-08-20 16:15:32,235 [admin] Upgraded CAS of user [admin] for document [205401_es.txt](41) in project [eurlex_legal_es](4)
2020-08-21 10:21:47,428 [admin] Upgraded CAS of user [admin] for document [205401_es.txt](41) in project [eurlex_legal_es](4)
2020-08-21 11:51:38,586 [admin] Upgraded CAS of user [admin] for document [205484_es.txt](43) in project [eurlex_legal_es](4)
2020-08-21 11:57:53,965 [admin] Upgraded CAS of user [admin] for document [205486_es.txt](44) in project [eurlex_legal_es](4)
2020-08-25 16:34:16,601 [admin] Upgraded CAS of user [admin] for document [205412_es.txt](42) in project [eurlex_legal_es](4)
2020-08-25 17:33:01,987 [admin] Upgraded CAS of user [admin] for document [205412_es.txt](42) in project [eurlex_legal_es](4)
2020-08-26 16:11:18,049 [admin] Upgraded CAS of user [admin] for document [205412_es.txt](42) in project [eurlex_legal_es](4)
2020-08-27 15:47:16,353 [admin] Upgraded CAS of user [admin] for document [205521_es.txt](45) in project [eurlex_legal_es](4)
2020-08-27 15:50:34,714 [admin] Upgraded CAS of user [admin] for document [205521_es.txt](45) in project [eurlex_legal_es](4)
2020-08-27 16:56:06,926 [admin] Upgraded CAS of user [admin] for document [205541_es.txt](46) in project [eurlex_legal_es](4)
2020-08-28 10:03:13,551 [admin] Upgraded CAS of user [admin] for document [205541_es.txt](46) in project [eurlex_legal_es](4)
2020-08-28 10:19:46,120 [admin] Upgraded CAS of user [admin] for document [205541_es.txt](46) in project [eurlex_legal_es](4)
2020-08-28 10:24:21,248 [admin] Upgraded CAS of user [admin] for document [205541_es.txt](46) in project [eurlex_legal_es](4)
2020-08-28 10:25:20,557 [admin] Upgraded CAS of user [admin] for document [205541_es.txt](46) in project [eurlex_legal_es](4)
2020-08-28 11:27:16,845 [admin] Upgraded CAS of user [admin] for document [205543_es.txt](48) in project [eurlex_legal_es](4)
2020-08-28 12:03:58,835 [admin] Upgraded CAS of user [admin] for document [205542_es.txt](47) in project [eurlex_legal_es](4)
2020-08-28 15:22:19,674 [admin] Upgraded CAS of user [admin] for document [205379_es.txt](40) in project [eurlex_legal_es](4)
2020-08-28 15:25:21,102 [admin] Upgraded CAS of user [admin] for document [205401_es.txt](41) in project [eurlex_legal_es](4)
2020-09-04 09:23:24,174 [admin] Upgraded CAS of user [admin] for document [204645_es.txt](37) in project [eurlex_legal_es](4)
2020-09-04 09:34:37,671 [admin] Upgraded CAS of user [admin] for document [204645_es.txt](37) in project [eurlex_legal_es](4)
2020-09-04 09:34:44,423 [admin] Upgraded CAS of user [admin] for document [204654_es.txt](38) in project [eurlex_legal_es](4)
2020-09-04 10:18:04,438 [admin] Upgraded CAS of user [admin] for document [204645_es.txt](37) in project [eurlex_legal_es](4)
2020-09-09 09:01:32,181 [admin] Upgraded CAS of user [admin] for document [204645_es.txt](37) in project [eurlex_legal_es](4)
2020-09-09 09:04:52,830 [admin] Upgraded CAS of user [admin] for document [204654_es.txt](38) in project [eurlex_legal_es](4)
2020-09-09 09:14:00,978 [admin] Upgraded CAS of user [admin] for document [205372_es.txt](39) in project [eurlex_legal_es](4)
2020-09-09 09:14:11,370 [admin] Upgraded CAS of user [admin] for document [204645_es.txt](37) in project [eurlex_legal_es](4)
2020-09-09 10:58:41,056 [admin] Upgraded CAS of user [admin] for document [204645_es.txt](37) in project [eurlex_legal_es](4)
2020-09-09 11:23:10,796 [admin] Upgraded CAS of user [admin] for document [204654_es.txt](38) in project [eurlex_legal_es](4)
2020-09-09 11:23:23,129 [admin] Upgraded CAS of user [admin] for document [205372_es.txt](39) in project [eurlex_legal_es](4)
2020-09-09 11:23:32,820 [admin] Upgraded CAS of user [admin] for document [205379_es.txt](40) in project [eurlex_legal_es](4)
2020-09-09 15:00:29,970 [admin] Upgraded CAS of user [admin] for document [204645_es.txt](37) in project [eurlex_legal_es](4)
2020-09-09 15:02:41,762 [admin] Created tag [ROLE](1483) in tagset [Named Entity](38) in project [eurlex_legal_es](4)
2020-09-09 15:02:56,043 [admin] Created tag [initial:name](1484) in tagset [Named Entity](38) in project [eurlex_legal_es](4)
2020-09-09 15:03:04,844 [admin] Upgraded CAS of user [admin] for document [204645_es.txt](37) in project [eurlex_legal_es](4)
2020-09-09 15:06:23,209 [admin] Upgraded CAS of user [admin] for document [204654_es.txt](38) in project [eurlex_legal_es](4)
2020-09-09 15:12:19,508 [admin] Exported [19856] logged events for project [eurlex_legal_es]
2020-09-09 15:12:19,720 [admin] Exported [8] tagsets for project [eurlex_legal_es]
2020-09-09 15:12:20,023 [admin] Exported [12] layers for project [eurlex_legal_es]
2020-09-09 15:12:20,077 [admin] Exported content for source document [37] in project [eurlex_legal_es] with id [4]
2020-09-09 15:12:20,078 [admin] Exported content for source document [38] in project [eurlex_legal_es] with id [4]
2020-09-09 15:12:20,078 [admin] Exported content for source document [39] in project [eurlex_legal_es] with id [4]
2020-09-09 15:12:20,079 [admin] Exported content for source document [40] in project [eurlex_legal_es] with id [4]
2020-09-09 15:12:20,080 [admin] Exported content for source document [41] in project [eurlex_legal_es] with id [4]
2020-09-09 15:12:20,080 [admin] Exported content for source document [42] in project [eurlex_legal_es] with id [4]
2020-09-09 15:12:20,081 [admin] Exported content for source document [43] in project [eurlex_legal_es] with id [4]
2020-09-09 15:12:20,081 [admin] Exported content for source document [44] in project [eurlex_legal_es] with id [4]
2020-09-09 15:12:20,082 [admin] Exported content for source document [45] in project [eurlex_legal_es] with id [4]
2020-09-09 15:12:20,082 [admin] Exported content for source document [46] in project [eurlex_legal_es] with id [4]
2020-09-09 15:12:20,083 [admin] Exported content for source document [47] in project [eurlex_legal_es] with id [4]
2020-09-09 15:12:20,084 [admin] Exported content for source document [48] in project [eurlex_legal_es] with id [4]
2020-09-09 15:12:20,186 [admin] Exported annotation document content for user [INITIAL_CAS] for source document [37] in project [eurlex_legal_es] with id [4]
2020-09-09 15:12:20,575 [admin] Exported annotations [204645_es.txt](37) for user [admin] from project [eurlex_legal_es](4) using format [conll2012]
2020-09-09 15:12:20,620 [admin] Exported annotations [204654_es.txt](38) for user [admin] from project [eurlex_legal_es](4) using format [conll2012]
2020-09-09 15:12:20,685 [admin] Exported annotations [205372_es.txt](39) for user [admin] from project [eurlex_legal_es](4) using format [conll2012]
2020-09-09 15:12:21,079 [admin] Exported annotations [205379_es.txt](40) for user [admin] from project [eurlex_legal_es](4) using format [conll2012]
2020-09-09 15:12:21,320 [admin] Exported annotations [205401_es.txt](41) for user [admin] from project [eurlex_legal_es](4) using format [conll2012]
2020-09-09 15:12:21,564 [admin] Exported annotations [205412_es.txt](42) for user [admin] from project [eurlex_legal_es](4) using format [conll2012]
2020-09-09 15:12:21,582 [admin] Exported annotations [205484_es.txt](43) for user [admin] from project [eurlex_legal_es](4) using format [conll2012]
2020-09-09 15:12:21,620 [admin] Exported annotations [205486_es.txt](44) for user [admin] from project [eurlex_legal_es](4) using format [conll2012]
2020-09-09 15:12:21,781 [admin] Exported annotations [205521_es.txt](45) for user [admin] from project [eurlex_legal_es](4) using format [conll2012]
2020-09-09 15:12:21,914 [admin] Exported annotations [205541_es.txt](46) for user [admin] from project [eurlex_legal_es](4) using format [conll2012]
2020-09-09 15:12:22,142 [admin] Exported annotations [205542_es.txt](47) for user [admin] from project [eurlex_legal_es](4) using format [conll2012]
2020-09-09 15:12:22,271 [admin] Exported annotations [205543_es.txt](48) for user [admin] from project [eurlex_legal_es](4) using format [conll2012]
2020-09-09 15:15:57,064 [admin] Exported [19856] logged events for project [eurlex_legal_es]
2020-09-09 13:17:49,640 [SEAD] Created permission [MANAGER] for user [SEAD] on project [eurlex_legal_es](59)
2020-09-09 13:17:49,641 [SEAD] Created permission [CURATOR] for user [SEAD] on project [eurlex_legal_es](59)
2020-09-09 13:17:49,641 [SEAD] Created permission [ANNOTATOR] for user [SEAD] on project [eurlex_legal_es](59)
2020-09-09 13:19:07,542 [SEAD] Created annotation document [535] for user [SEAD] for source document [204645_es.txt](1896) in project [eurlex_legal_es](59)
2020-09-09 13:19:07,709 [SEAD] Upgraded CAS of user [SEAD] for document [204645_es.txt](1896) in project [eurlex_legal_es](59)
2020-09-09 13:19:49,835 [SEAD] Upgraded CAS of user [SEAD] for document [204645_es.txt](1896) in project [eurlex_legal_es](59)
2020-09-09 13:20:12,659 [SEAD] Upgraded CAS of user [SEAD] for document [204645_es.txt](1896) in project [eurlex_legal_es](59)
2020-09-09 13:21:27,550 [SEAD] Created annotation document [536] for user [SEAD] for source document [204654_es.txt](1897) in project [eurlex_legal_es](59)
2020-09-09 13:21:27,552 [SEAD] Created annotation document [537] for user [SEAD] for source document [205372_es.txt](1898) in project [eurlex_legal_es](59)
2020-09-09 13:21:27,555 [SEAD] Created annotation document [538] for user [SEAD] for source document [205379_es.txt](1899) in project [eurlex_legal_es](59)
2020-09-09 13:21:27,557 [SEAD] Created annotation document [539] for user [SEAD] for source document [205401_es.txt](1900) in project [eurlex_legal_es](59)
2020-09-09 13:21:27,560 [SEAD] Created annotation document [540] for user [SEAD] for source document [205412_es.txt](1901) in project [eurlex_legal_es](59)
2020-09-09 13:21:27,562 [SEAD] Created annotation document [541] for user [SEAD] for source document [205484_es.txt](1902) in project [eurlex_legal_es](59)
2020-09-09 13:21:27,564 [SEAD] Created annotation document [542] for user [SEAD] for source document [205486_es.txt](1903) in project [eurlex_legal_es](59)
2020-09-09 13:21:27,567 [SEAD] Created annotation document [543] for user [SEAD] for source document [205521_es.txt](1904) in project [eurlex_legal_es](59)
2020-09-09 13:21:27,569 [SEAD] Created annotation document [544] for user [SEAD] for source document [205541_es.txt](1905) in project [eurlex_legal_es](59)
2020-09-09 13:21:27,572 [SEAD] Created annotation document [545] for user [SEAD] for source document [205542_es.txt](1906) in project [eurlex_legal_es](59)
2020-09-09 13:21:27,574 [SEAD] Created annotation document [546] for user [SEAD] for source document [205543_es.txt](1907) in project [eurlex_legal_es](59)
2020-09-09 13:21:49,995 [SEAD] Upgraded CAS of user [SEAD] for document [204645_es.txt](1896) in project [eurlex_legal_es](59)
2020-09-09 13:22:47,403 [SEAD] Removed source document [admin.conll](1908) from project [eurlex_legal_es](59)
2020-09-09 13:23:41,555 [SEAD] Removed source document [204645_es.conll](1909) from project [eurlex_legal_es](59)
2020-09-09 13:25:15,213 [SEAD] Imported source document [204645_es(1).conll](1910) to project [eurlex_legal_es](59)
2020-09-09 13:25:27,711 [SEAD] Created annotation document [547] for user [SEAD] for source document [204645_es(1).conll](1910) in project [eurlex_legal_es](59)
2020-09-09 13:25:27,857 [SEAD] Upgraded CAS of user [SEAD] for document [204645_es(1).conll](1910) in project [eurlex_legal_es](59)
2020-09-09 13:27:51,605 [SEAD] Imported source document [204645_es.conllu](1911) to project [eurlex_legal_es](59)
2020-09-09 13:28:02,372 [SEAD] Created annotation document [548] for user [SEAD] for source document [204645_es.conllu](1911) in project [eurlex_legal_es](59)
2020-09-09 13:28:02,518 [SEAD] Upgraded CAS of user [SEAD] for document [204645_es.conllu](1911) in project [eurlex_legal_es](59)
2020-09-09 13:28:16,417 [SEAD] Upgraded CAS of user [SEAD] for document [204645_es.conllu](1911) in project [eurlex_legal_es](59)
2020-09-09 13:28:36,563 [SEAD] Upgraded CAS of user [SEAD] for document [204645_es(1).conll](1910) in project [eurlex_legal_es](59)
2020-09-09 13:28:52,160 [SEAD] Upgraded CAS of user [SEAD] for document [204645_es.conllu](1911) in project [eurlex_legal_es](59)
2020-09-09 13:30:38,287 [SEAD] Imported source document [204645_es.xml](1912) to project [eurlex_legal_es](59)
2020-09-09 13:30:53,569 [SEAD] Created annotation document [549] for user [SEAD] for source document [204645_es.xml](1912) in project [eurlex_legal_es](59)
2020-09-09 13:30:53,724 [SEAD] Upgraded CAS of user [SEAD] for document [204645_es.xml](1912) in project [eurlex_legal_es](59)
2020-09-09 13:31:16,743 [SEAD] Removed source document [204645_es.xml](1912) from project [eurlex_legal_es](59)
2020-09-09 13:32:59,639 [SEAD] Upgraded CAS of user [SEAD] for document [204645_es(1).conll](1910) in project [eurlex_legal_es](59)
2020-09-09 13:33:45,614 [SEAD] Imported source document [204645_es.lif](1913) to project [eurlex_legal_es](59)
2020-09-09 13:33:56,037 [SEAD] Created annotation document [550] for user [SEAD] for source document [204645_es.lif](1913) in project [eurlex_legal_es](59)
2020-09-09 13:33:56,219 [SEAD] Upgraded CAS of user [SEAD] for document [204645_es.lif](1913) in project [eurlex_legal_es](59)
2020-09-09 13:34:13,168 [SEAD] Upgraded CAS of user [SEAD] for document [204645_es.lif](1913) in project [eurlex_legal_es](59)
2020-09-09 13:34:42,889 [SEAD] Upgraded CAS of user [SEAD] for document [204645_es.lif](1913) in project [eurlex_legal_es](59)
2020-09-09 13:36:51,903 [SEAD] Imported source document [204654_es.lif](1914) to project [eurlex_legal_es](59)
2020-09-09 13:37:00,650 [SEAD] Created annotation document [551] for user [SEAD] for source document [204654_es.lif](1914) in project [eurlex_legal_es](59)
2020-09-09 13:37:00,824 [SEAD] Upgraded CAS of user [SEAD] for document [204654_es.lif](1914) in project [eurlex_legal_es](59)
2020-09-09 13:44:09,382 [SEAD] Removed source document [204654_es.txt](1897) from project [eurlex_legal_es](59)
2020-09-09 13:44:09,397 [SEAD] Removed source document [205372_es.txt](1898) from project [eurlex_legal_es](59)
2020-09-09 13:44:09,409 [SEAD] Removed source document [205379_es.txt](1899) from project [eurlex_legal_es](59)
2020-09-09 13:44:09,420 [SEAD] Removed source document [205401_es.txt](1900) from project [eurlex_legal_es](59)
2020-09-09 13:44:09,433 [SEAD] Removed source document [205412_es.txt](1901) from project [eurlex_legal_es](59)
2020-09-09 13:44:09,444 [SEAD] Removed source document [205484_es.txt](1902) from project [eurlex_legal_es](59)
2020-09-09 13:44:09,456 [SEAD] Removed source document [205486_es.txt](1903) from project [eurlex_legal_es](59)
2020-09-09 13:44:09,466 [SEAD] Removed source document [205521_es.txt](1904) from project [eurlex_legal_es](59)
2020-09-09 13:44:09,477 [SEAD] Removed source document [205541_es.txt](1905) from project [eurlex_legal_es](59)
2020-09-09 13:44:09,488 [SEAD] Removed source document [205542_es.txt](1906) from project [eurlex_legal_es](59)
2020-09-09 13:44:09,500 [SEAD] Removed source document [205543_es.txt](1907) from project [eurlex_legal_es](59)
2020-09-09 13:44:14,088 [SEAD] Removed source document [204645_es.txt](1896) from project [eurlex_legal_es](59)
2020-09-09 13:44:18,946 [SEAD] Removed source document [204645_es(1).conll](1910) from project [eurlex_legal_es](59)
2020-09-09 13:44:18,962 [SEAD] Removed source document [204645_es.conllu](1911) from project [eurlex_legal_es](59)
2020-09-09 13:45:35,665 [SEAD] Imported source document [205401_es.lif](1915) to project [eurlex_legal_es](59)
2020-09-09 13:45:35,804 [SEAD] Imported source document [205379_es.lif](1916) to project [eurlex_legal_es](59)
2020-09-09 13:45:35,868 [SEAD] Imported source document [205372_es.lif](1917) to project [eurlex_legal_es](59)
2020-09-09 13:45:49,854 [SEAD] Imported source document [205486_es.lif](1918) to project [eurlex_legal_es](59)
2020-09-09 13:45:49,863 [SEAD] Imported source document [205484_es.lif](1919) to project [eurlex_legal_es](59)
2020-09-09 13:45:49,926 [SEAD] Imported source document [205412_es.lif](1920) to project [eurlex_legal_es](59)
2020-09-09 13:46:04,943 [SEAD] Imported source document [205521_es.lif](1921) to project [eurlex_legal_es](59)
2020-09-09 13:46:04,984 [SEAD] Imported source document [205541_es.lif](1922) to project [eurlex_legal_es](59)
2020-09-09 13:46:05,046 [SEAD] Imported source document [205542_es.lif](1923) to project [eurlex_legal_es](59)
2020-09-09 13:46:05,111 [SEAD] Imported source document [205543_es.lif](1924) to project [eurlex_legal_es](59)
2020-09-09 13:46:21,961 [SEAD] Created annotation document [552] for user [SEAD] for source document [205372_es.lif](1917) in project [eurlex_legal_es](59)
2020-09-09 13:46:22,123 [SEAD] Upgraded CAS of user [SEAD] for document [205372_es.lif](1917) in project [eurlex_legal_es](59)
2020-09-09 13:48:16,127 [SEAD] Upgraded CAS of user [SEAD] for document [204645_es.lif](1913) in project [eurlex_legal_es](59)
2020-09-09 13:48:55,928 [SEAD] Upgraded CAS of user [SEAD] for document [204654_es.lif](1914) in project [eurlex_legal_es](59)
2020-09-09 13:51:29,617 [SEAD] Upgraded CAS of user [SEAD] for document [204645_es.lif](1913) in project [eurlex_legal_es](59)
2020-09-09 13:52:09,846 [SEAD] Upgraded CAS of user [SEAD] for document [205372_es.lif](1917) in project [eurlex_legal_es](59)
2020-09-09 13:56:14,670 [SEAD] Upgraded CAS of user [SEAD] for document [205372_es.lif](1917) in project [eurlex_legal_es](59)
2020-09-09 13:57:59,715 [SEAD] Created annotation document [553] for user [SEAD] for source document [205379_es.lif](1916) in project [eurlex_legal_es](59)
2020-09-09 13:57:59,926 [SEAD] Upgraded CAS of user [SEAD] for document [205379_es.lif](1916) in project [eurlex_legal_es](59)
2020-09-09 15:09:26,933 [SEAD] Exported [2269] logged events for project [eurlex_legal_es]
2020-09-09 15:09:26,933 [SEAD] Skipped [18584] logged events for [17] documents no longer existing
2020-09-09 15:09:26,973 [SEAD] Exported [0] chains for project [eurlex_legal_es]
2020-09-09 15:09:27,008 [SEAD] Exported [0] gazeteers for project [eurlex_legal_es]
2020-09-09 15:09:27,048 [SEAD] Exported [0] knowledge bases for project [eurlex_legal_es]
2020-09-09 15:09:27,094 [SEAD] Exported content for source document [1913] in project [eurlex_legal_es] with id [59]
2020-09-09 15:09:27,094 [SEAD] Exported content for source document [1914] in project [eurlex_legal_es] with id [59]
2020-09-09 15:09:27,095 [SEAD] Exported content for source document [1917] in project [eurlex_legal_es] with id [59]
2020-09-09 15:09:27,097 [SEAD] Exported content for source document [1916] in project [eurlex_legal_es] with id [59]
2020-09-09 15:09:27,099 [SEAD] Exported content for source document [1915] in project [eurlex_legal_es] with id [59]
2020-09-09 15:09:27,101 [SEAD] Exported content for source document [1920] in project [eurlex_legal_es] with id [59]
2020-09-09 15:09:27,102 [SEAD] Exported content for source document [1919] in project [eurlex_legal_es] with id [59]
2020-09-09 15:09:27,102 [SEAD] Exported content for source document [1918] in project [eurlex_legal_es] with id [59]
2020-09-09 15:09:27,103 [SEAD] Exported content for source document [1921] in project [eurlex_legal_es] with id [59]
2020-09-09 15:09:27,105 [SEAD] Exported content for source document [1922] in project [eurlex_legal_es] with id [59]
2020-09-09 15:09:27,107 [SEAD] Exported content for source document [1923] in project [eurlex_legal_es] with id [59]
2020-09-09 15:09:27,108 [SEAD] Exported content for source document [1924] in project [eurlex_legal_es] with id [59]
2020-09-09 15:09:27,170 [SEAD] Exported annotation document content for user [INITIAL_CAS] for source document [1913] in project [eurlex_legal_es] with id [59]
2020-09-09 15:09:27,459 [SEAD] Exported annotations [204645_es.lif](1913) for user [SEAD] from project [eurlex_legal_es](59) using format [ctsv3]
2020-09-09 15:09:27,475 [SEAD] Exported annotations [204654_es.lif](1914) for user [SEAD] from project [eurlex_legal_es](59) using format [ctsv3]
2020-09-09 15:09:27,495 [SEAD] Exported annotations [205372_es.lif](1917) for user [SEAD] from project [eurlex_legal_es](59) using format [ctsv3]
2020-09-09 15:09:27,722 [SEAD] Exported annotations [205379_es.lif](1916) for user [SEAD] from project [eurlex_legal_es](59) using format [ctsv3]
2020-09-15 10:54:35,425 [Ángela] Created project [Croatian_Legal_2](59)
2020-09-15 10:54:35,432 [Ángela] Created permission [MANAGER] for user [Ángela] on project [Croatian_Legal_2](59)
2020-09-15 10:54:35,438 [Ángela] Created permission [CURATOR] for user [Ángela] on project [Croatian_Legal_2](59)
2020-09-15 10:54:35,443 [Ángela] Created permission [ANNOTATOR] for user [Ángela] on project [Croatian_Legal_2](59)
2020-09-15 10:54:35,449 [Ángela] Created layer [de.tudarmstadt.ukp.dkpro.core.api.segmentation.type.Token](698) in project [Croatian_Legal_2](59)
2020-09-15 10:54:35,450 [Ángela] Created layer [de.tudarmstadt.ukp.dkpro.core.api.segmentation.type.SurfaceForm](699) in project [Croatian_Legal_2](59)
2020-09-15 10:54:35,453 [Ángela] Created layer [de.tudarmstadt.ukp.dkpro.core.api.semantics.type.SemArg](700) in project [Croatian_Legal_2](59)
2020-09-15 10:54:35,456 [Ángela] Created layer [de.tudarmstadt.ukp.dkpro.core.api.semantics.type.SemPred](701) in project [Croatian_Legal_2](59)
2020-09-15 10:54:35,460 [Ángela] Created layer [de.tudarmstadt.ukp.dkpro.core.api.lexmorph.type.morph.MorphologicalFeatures](702) in project [Croatian_Legal_2](59)
2020-09-15 10:54:35,464 [Ángela] Created layer [de.tudarmstadt.ukp.dkpro.core.api.segmentation.type.Lemma](703) in project [Croatian_Legal_2](59)
2020-09-15 10:54:35,466 [Ángela] Created layer [de.tudarmstadt.ukp.dkpro.core.api.transform.type.SofaChangeAnnotation](704) in project [Croatian_Legal_2](59)
2020-09-15 10:54:35,468 [Ángela] Created tagset [Operation](461) in project [Croatian_Legal_2](59)
2020-09-15 10:54:35,470 [Ángela] Created tag [replace](7131) in tagset [Operation](461) in project [Croatian_Legal_2](59)
2020-09-15 10:54:35,470 [Ángela] Created tag [insert_before](7132) in tagset [Operation](461) in project [Croatian_Legal_2](59)
2020-09-15 10:54:35,471 [Ángela] Created tag [insert_after](7133) in tagset [Operation](461) in project [Croatian_Legal_2](59)
2020-09-15 10:54:35,472 [Ángela] Created tag [delete](7134) in tagset [Operation](461) in project [Croatian_Legal_2](59)
2020-09-15 10:54:35,475 [Ángela] Created layer [de.tudarmstadt.ukp.dkpro.core.api.syntax.type.chunk.Chunk](705) in project [Croatian_Legal_2](59)
2020-09-15 10:54:35,479 [Ángela] Created tagset [Named Entity tags](462) in project [Croatian_Legal_2](59)
2020-09-15 10:54:35,480 [Ángela] Created tag [LOC](7135) in tagset [Named Entity tags](462) in project [Croatian_Legal_2](59)
2020-09-15 10:54:35,481 [Ángela] Created tag [LOCderiv](7136) in tagset [Named Entity tags](462) in project [Croatian_Legal_2](59)
2020-09-15 10:54:35,482 [Ángela] Created tag [LOCpart](7137) in tagset [Named Entity tags](462) in project [Croatian_Legal_2](59)
2020-09-15 10:54:35,483 [Ángela] Created tag [ORG](7138) in tagset [Named Entity tags](462) in project [Croatian_Legal_2](59)
2020-09-15 10:54:35,484 [Ángela] Created tag [ORGderiv](7139) in tagset [Named Entity tags](462) in project [Croatian_Legal_2](59)
2020-09-15 10:54:35,485 [Ángela] Created tag [ORGpart](7140) in tagset [Named Entity tags](462) in project [Croatian_Legal_2](59)
2020-09-15 10:54:35,486 [Ángela] Created tag [OTH](7141) in tagset [Named Entity tags](462) in project [Croatian_Legal_2](59)
2020-09-15 10:54:35,487 [Ángela] Created tag [OTHderiv](7142) in tagset [Named Entity tags](462) in project [Croatian_Legal_2](59)
2020-09-15 10:54:35,488 [Ángela] Created tag [OTHpart](7143) in tagset [Named Entity tags](462) in project [Croatian_Legal_2](59)
2020-09-15 10:54:35,489 [Ángela] Created tag [PER](7144) in tagset [Named Entity tags](462) in project [Croatian_Legal_2](59)
2020-09-15 10:54:35,490 [Ángela] Created tag [PERderiv](7145) in tagset [Named Entity tags](462) in project [Croatian_Legal_2](59)
2020-09-15 10:54:35,491 [Ángela] Created tag [PERpart](7146) in tagset [Named Entity tags](462) in project [Croatian_Legal_2](59)
2020-09-15 10:54:35,492 [Ángela] Created layer [de.tudarmstadt.ukp.dkpro.core.api.ner.type.NamedEntity](706) in project [Croatian_Legal_2](59)
2020-09-15 10:54:35,497 [Ángela] Created tagset [UD Universal POS tags (v2)](463) in project [Croatian_Legal_2](59)
2020-09-15 10:54:35,498 [Ángela] Created tag [ADJ](7147) in tagset [UD Universal POS tags (v2)](463) in project [Croatian_Legal_2](59)
2020-09-15 10:54:35,499 [Ángela] Created tag [ADP](7148) in tagset [UD Universal POS tags (v2)](463) in project [Croatian_Legal_2](59)
2020-09-15 10:54:35,500 [Ángela] Created tag [ADV](7149) in tagset [UD Universal POS tags (v2)](463) in project [Croatian_Legal_2](59)
2020-09-15 10:54:35,501 [Ángela] Created tag [AUX](7150) in tagset [UD Universal POS tags (v2)](463) in project [Croatian_Legal_2](59)
2020-09-15 10:54:35,502 [Ángela] Created tag [CCONJ](7151) in tagset [UD Universal POS tags (v2)](463) in project [Croatian_Legal_2](59)
2020-09-15 10:54:35,503 [Ángela] Created tag [DET](7152) in tagset [UD Universal POS tags (v2)](463) in project [Croatian_Legal_2](59)
2020-09-15 10:54:35,504 [Ángela] Created tag [INTJ](7153) in tagset [UD Universal POS tags (v2)](463) in project [Croatian_Legal_2](59)
2020-09-15 10:54:35,505 [Ángela] Created tag [NOUN](7154) in tagset [UD Universal POS tags (v2)](463) in project [Croatian_Legal_2](59)
2020-09-15 10:54:35,506 [Ángela] Created tag [NUM](7155) in tagset [UD Universal POS tags (v2)](463) in project [Croatian_Legal_2](59)
2020-09-15 10:54:35,507 [Ángela] Created tag [PART](7156) in tagset [UD Universal POS tags (v2)](463) in project [Croatian_Legal_2](59)
2020-09-15 10:54:35,508 [Ángela] Created tag [PRON](7157) in tagset [UD Universal POS tags (v2)](463) in project [Croatian_Legal_2](59)
2020-09-15 10:54:35,509 [Ángela] Created tag [PROPN](7158) in tagset [UD Universal POS tags (v2)](463) in project [Croatian_Legal_2](59)
2020-09-15 10:54:35,510 [Ángela] Created tag [PUNCT](7159) in tagset [UD Universal POS tags (v2)](463) in project [Croatian_Legal_2](59)
2020-09-15 10:54:35,511 [Ángela] Created tag [SCONJ](7160) in tagset [UD Universal POS tags (v2)](463) in project [Croatian_Legal_2](59)
2020-09-15 10:54:35,512 [Ángela] Created tag [SYM](7161) in tagset [UD Universal POS tags (v2)](463) in project [Croatian_Legal_2](59)
2020-09-15 10:54:35,513 [Ángela] Created tag [VERB](7162) in tagset [UD Universal POS tags (v2)](463) in project [Croatian_Legal_2](59)
2020-09-15 10:54:35,514 [Ángela] Created tag [X](7163) in tagset [UD Universal POS tags (v2)](463) in project [Croatian_Legal_2](59)
2020-09-15 10:54:35,517 [Ángela] Created layer [de.tudarmstadt.ukp.dkpro.core.api.lexmorph.type.pos.POS](707) in project [Croatian_Legal_2](59)
2020-09-15 10:54:35,523 [Ángela] Created tagset [Coreference mentions](464) in project [Croatian_Legal_2](59)
2020-09-15 10:54:35,524 [Ángela] Created tag [nam](7164) in tagset [Coreference mentions](464) in project [Croatian_Legal_2](59)
2020-09-15 10:54:35,527 [Ángela] Created tagset [Coreference relations](465) in project [Croatian_Legal_2](59)
2020-09-15 10:54:35,528 [Ángela] Created tag [anaphoric](7165) in tagset [Coreference relations](465) in project [Croatian_Legal_2](59)
2020-09-15 10:54:35,529 [Ángela] Created layer [de.tudarmstadt.ukp.dkpro.core.api.coref.type.Coreference](708) in project [Croatian_Legal_2](59)
2020-09-15 10:54:35,534 [Ángela] Created tagset [UD Universal Dependencies (v2)](466) in project [Croatian_Legal_2](59)
2020-09-15 10:54:35,535 [Ángela] Created tag [acl](7166) in tagset [UD Universal Dependencies (v2)](466) in project [Croatian_Legal_2](59)
2020-09-15 10:54:35,536 [Ángela] Created tag [advcl](7167) in tagset [UD Universal Dependencies (v2)](466) in project [Croatian_Legal_2](59)
2020-09-15 10:54:35,537 [Ángela] Created tag [advmod](7168) in tagset [UD Universal Dependencies (v2)](466) in project [Croatian_Legal_2](59)
2020-09-15 10:54:35,538 [Ángela] Created tag [amod](7169) in tagset [UD Universal Dependencies (v2)](466) in project [Croatian_Legal_2](59)
2020-09-15 10:54:35,539 [Ángela] Created tag [appos](7170) in tagset [UD Universal Dependencies (v2)](466) in project [Croatian_Legal_2](59)
2020-09-15 10:54:35,540 [Ángela] Created tag [aux](7171) in tagset [UD Universal Dependencies (v2)](466) in project [Croatian_Legal_2](59)
2020-09-15 10:54:35,541 [Ángela] Created tag [case](7172) in tagset [UD Universal Dependencies (v2)](466) in project [Croatian_Legal_2](59)
2020-09-15 10:54:35,542 [Ángela] Created tag [cc](7173) in tagset [UD Universal Dependencies (v2)](466) in project [Croatian_Legal_2](59)
2020-09-15 10:54:35,543 [Ángela] Created tag [ccomp](7174) in tagset [UD Universal Dependencies (v2)](466) in project [Croatian_Legal_2](59)
2020-09-15 10:54:35,544 [Ángela] Created tag [clf](7175) in tagset [UD Universal Dependencies (v2)](466) in project [Croatian_Legal_2](59)
2020-09-15 10:54:35,545 [Ángela] Created tag [compound](7176) in tagset [UD Universal Dependencies (v2)](466) in project [Croatian_Legal_2](59)
2020-09-15 10:54:35,546 [Ángela] Created tag [conj](7177) in tagset [UD Universal Dependencies (v2)](466) in project [Croatian_Legal_2](59)
2020-09-15 10:54:35,547 [Ángela] Created tag [cop](7178) in tagset [UD Universal Dependencies (v2)](466) in project [Croatian_Legal_2](59)
2020-09-15 10:54:35,548 [Ángela] Created tag [csubj](7179) in tagset [UD Universal Dependencies (v2)](466) in project [Croatian_Legal_2](59)
2020-09-15 10:54:35,549 [Ángela] Created tag [dep](7180) in tagset [UD Universal Dependencies (v2)](466) in project [Croatian_Legal_2](59)
2020-09-15 10:54:35,550 [Ángela] Created tag [det](7181) in tagset [UD Universal Dependencies (v2)](466) in project [Croatian_Legal_2](59)
2020-09-15 10:54:35,551 [Ángela] Created tag [discourse](7182) in tagset [UD Universal Dependencies (v2)](466) in project [Croatian_Legal_2](59)
2020-09-15 10:54:35,552 [Ángela] Created tag [dislocated](7183) in tagset [UD Universal Dependencies (v2)](466) in project [Croatian_Legal_2](59)
2020-09-15 10:54:35,553 [Ángela] Created tag [expl](7184) in tagset [UD Universal Dependencies (v2)](466) in project [Croatian_Legal_2](59)
2020-09-15 10:54:35,554 [Ángela] Created tag [fixed](7185) in tagset [UD Universal Dependencies (v2)](466) in project [Croatian_Legal_2](59)
2020-09-15 10:54:35,555 [Ángela] Created tag [flat](7186) in tagset [UD Universal Dependencies (v2)](466) in project [Croatian_Legal_2](59)
2020-09-15 10:54:35,556 [Ángela] Created tag [goeswith](7187) in tagset [UD Universal Dependencies (v2)](466) in project [Croatian_Legal_2](59)
2020-09-15 10:54:35,557 [Ángela] Created tag [iobj](7188) in tagset [UD Universal Dependencies (v2)](466) in project [Croatian_Legal_2](59)
2020-09-15 10:54:35,558 [Ángela] Created tag [list](7189) in tagset [UD Universal Dependencies (v2)](466) in project [Croatian_Legal_2](59)
2020-09-15 10:54:35,559 [Ángela] Created tag [mark](7190) in tagset [UD Universal Dependencies (v2)](466) in project [Croatian_Legal_2](59)
2020-09-15 10:54:35,560 [Ángela] Created tag [nmod](7191) in tagset [UD Universal Dependencies (v2)](466) in project [Croatian_Legal_2](59)
2020-09-15 10:54:35,561 [Ángela] Created tag [nsubj](7192) in tagset [UD Universal Dependencies (v2)](466) in project [Croatian_Legal_2](59)
2020-09-15 10:54:35,562 [Ángela] Created tag [nummod](7193) in tagset [UD Universal Dependencies (v2)](466) in project [Croatian_Legal_2](59)
2020-09-15 10:54:35,563 [Ángela] Created tag [obj](7194) in tagset [UD Universal Dependencies (v2)](466) in project [Croatian_Legal_2](59)
2020-09-15 10:54:35,564 [Ángela] Created tag [obl](7195) in tagset [UD Universal Dependencies (v2)](466) in project [Croatian_Legal_2](59)
2020-09-15 10:54:35,565 [Ángela] Created tag [orphan](7196) in tagset [UD Universal Dependencies (v2)](466) in project [Croatian_Legal_2](59)
2020-09-15 10:54:35,566 [Ángela] Created tag [parataxis](7197) in tagset [UD Universal Dependencies (v2)](466) in project [Croatian_Legal_2](59)
2020-09-15 10:54:35,567 [Ángela] Created tag [punct](7198) in tagset [UD Universal Dependencies (v2)](466) in project [Croatian_Legal_2](59)
2020-09-15 10:54:35,568 [Ángela] Created tag [reparandum](7199) in tagset [UD Universal Dependencies (v2)](466) in project [Croatian_Legal_2](59)
2020-09-15 10:54:35,569 [Ángela] Created tag [root](7200) in tagset [UD Universal Dependencies (v2)](466) in project [Croatian_Legal_2](59)
2020-09-15 10:54:35,570 [Ángela] Created tag [vocative](7201) in tagset [UD Universal Dependencies (v2)](466) in project [Croatian_Legal_2](59)
2020-09-15 10:54:35,571 [Ángela] Created tag [xcomp](7202) in tagset [UD Universal Dependencies (v2)](466) in project [Croatian_Legal_2](59)
2020-09-15 10:54:35,578 [Ángela] Created layer [de.tudarmstadt.ukp.dkpro.core.api.syntax.type.dependency.Dependency](709) in project [Croatian_Legal_2](59)
2020-09-15 10:54:35,580 [Ángela] Created tagset [Dependency flavors](467) in project [Croatian_Legal_2](59)
2020-09-15 10:54:35,581 [Ángela] Created tag [basic](7203) in tagset [Dependency flavors](467) in project [Croatian_Legal_2](59)
2020-09-15 10:54:35,582 [Ángela] Created tag [enhanced](7204) in tagset [Dependency flavors](467) in project [Croatian_Legal_2](59)
2020-09-15 10:54:56,014 [Ángela] Imported source document [Croatian_2_1.txt](1593) to project [Croatian_Legal_2](59)
2020-09-15 10:54:56,092 [Ángela] Imported source document [Croatian_2_2.txt](1594) to project [Croatian_Legal_2](59)
2020-09-15 10:54:56,152 [Ángela] Imported source document [Croatian_2_3.txt](1595) to project [Croatian_Legal_2](59)
2020-09-15 10:54:56,226 [Ángela] Imported source document [Croatian_2_4.txt](1596) to project [Croatian_Legal_2](59)
2020-09-15 10:55:03,193 [Ángela] Created permission [ANNOTATOR] for user [HRG2] on project [Croatian_Legal_2](59)
2020-09-15 10:55:11,944 [Ángela] Created layer [de.tudarmstadt.ukp.dkpro.core.api.ner.type.NamedEntity](706) in project [Croatian_Legal_2](59)
2020-09-15 10:55:11,963 [Ángela] Created tagset [Named Entity](468) in project [Croatian_Legal_2](59)
2020-09-15 10:55:11,969 [Ángela] Created tag [ADDRESS](7205) in tagset [Named Entity](468) in project [Croatian_Legal_2](59)
2020-09-15 10:55:11,976 [Ángela] Created tag [AGE](7206) in tagset [Named Entity](468) in project [Croatian_Legal_2](59)
2020-09-15 10:55:11,983 [Ángela] Created tag [AMOUNT](7207) in tagset [Named Entity](468) in project [Croatian_Legal_2](59)
2020-09-15 10:55:11,992 [Ángela] Created tag [DATE](7208) in tagset [Named Entity](468) in project [Croatian_Legal_2](59)
2020-09-15 10:55:12,006 [Ángela] Created tag [ETHNIC CATEGORY](7209) in tagset [Named Entity](468) in project [Croatian_Legal_2](59)
2020-09-15 10:55:12,013 [Ángela] Created tag [FINANCIAL](7210) in tagset [Named Entity](468) in project [Croatian_Legal_2](59)
2020-09-15 10:55:12,019 [Ángela] Created tag [MARITAL STATUS](7211) in tagset [Named Entity](468) in project [Croatian_Legal_2](59)
2020-09-15 10:55:12,026 [Ángela] Created tag [NATIONALITY](7212) in tagset [Named Entity](468) in project [Croatian_Legal_2](59)
2020-09-15 10:55:12,033 [Ángela] Created tag [ORGANISATION](7213) in tagset [Named Entity](468) in project [Croatian_Legal_2](59)
2020-09-15 10:55:12,039 [Ángela] Created tag [PERSON](7214) in tagset [Named Entity](468) in project [Croatian_Legal_2](59)
2020-09-15 10:55:12,045 [Ángela] Created tag [PROFESSION](7215) in tagset [Named Entity](468) in project [Croatian_Legal_2](59)
2020-09-15 10:55:12,052 [Ángela] Created tag [ROLE](7216) in tagset [Named Entity](468) in project [Croatian_Legal_2](59)
2020-09-15 10:55:12,058 [Ángela] Created tag [TIME](7217) in tagset [Named Entity](468) in project [Croatian_Legal_2](59)
2020-09-15 10:55:12,065 [Ángela] Created tag [build year](7218) in tagset [Named Entity](468) in project [Croatian_Legal_2](59)
2020-09-15 10:55:12,071 [Ángela] Created tag [building](7219) in tagset [Named Entity](468) in project [Croatian_Legal_2](59)
2020-09-15 10:55:12,078 [Ángela] Created tag [calendar event](7220) in tagset [Named Entity](468) in project [Croatian_Legal_2](59)
2020-09-15 10:55:12,084 [Ángela] Created tag [city](7221) in tagset [Named Entity](468) in project [Croatian_Legal_2](59)
2020-09-15 10:55:12,091 [Ángela] Created tag [colour](7222) in tagset [Named Entity](468) in project [Croatian_Legal_2](59)
2020-09-15 10:55:12,097 [Ángela] Created tag [country](7223) in tagset [Named Entity](468) in project [Croatian_Legal_2](59)
2020-09-15 10:55:12,104 [Ángela] Created tag [day](7224) in tagset [Named Entity](468) in project [Croatian_Legal_2](59)
2020-09-15 10:55:12,111 [Ángela] Created tag [day of week](7225) in tagset [Named Entity](468) in project [Croatian_Legal_2](59)
2020-09-15 10:55:12,117 [Ángela] Created tag [email](7226) in tagset [Named Entity](468) in project [Croatian_Legal_2](59)
2020-09-15 10:55:12,124 [Ángela] Created tag [family name](7227) in tagset [Named Entity](468) in project [Croatian_Legal_2](59)
2020-09-15 10:55:12,131 [Ángela] Created tag [family name - female](7228) in tagset [Named Entity](468) in project [Croatian_Legal_2](59)
2020-09-15 10:55:12,137 [Ángela] Created tag [family name - male](7229) in tagset [Named Entity](468) in project [Croatian_Legal_2](59)
2020-09-15 10:55:12,144 [Ángela] Created tag [given name](7230) in tagset [Named Entity](468) in project [Croatian_Legal_2](59)
2020-09-15 10:55:12,151 [Ángela] Created tag [given name - female](7231) in tagset [Named Entity](468) in project [Croatian_Legal_2](59)
2020-09-15 10:55:12,158 [Ángela] Created tag [given name - male](7232) in tagset [Named Entity](468) in project [Croatian_Legal_2](59)
2020-09-15 10:55:12,165 [Ángela] Created tag [health insurance number](7233) in tagset [Named Entity](468) in project [Croatian_Legal_2](59)
2020-09-15 10:55:12,171 [Ángela] Created tag [id document number](7234) in tagset [Named Entity](468) in project [Croatian_Legal_2](59)
2020-09-15 10:55:12,178 [Ángela] Created tag [initial name](7235) in tagset [Named Entity](468) in project [Croatian_Legal_2](59)
2020-09-15 10:55:12,184 [Ángela] Created tag [licence plate number](7236) in tagset [Named Entity](468) in project [Croatian_Legal_2](59)
2020-09-15 10:55:12,191 [Ángela] Created tag [medical record number](7237) in tagset [Named Entity](468) in project [Croatian_Legal_2](59)
2020-09-15 10:55:12,198 [Ángela] Created tag [model](7238) in tagset [Named Entity](468) in project [Croatian_Legal_2](59)
2020-09-15 10:55:12,204 [Ángela] Created tag [month](7239) in tagset [Named Entity](468) in project [Croatian_Legal_2](59)
2020-09-15 10:55:12,211 [Ángela] Created tag [other:address](7240) in tagset [Named Entity](468) in project [Croatian_Legal_2](59)
2020-09-15 10:55:12,218 [Ángela] Created tag [other:amount](7241) in tagset [Named Entity](468) in project [Croatian_Legal_2](59)
2020-09-15 10:55:12,224 [Ángela] Created tag [other:contact](7242) in tagset [Named Entity](468) in project [Croatian_Legal_2](59)
2020-09-15 10:55:12,233 [Ángela] Created tag [other:date](7243) in tagset [Named Entity](468) in project [Croatian_Legal_2](59)
2020-09-15 10:55:12,240 [Ángela] Created tag [other:id](7244) in tagset [Named Entity](468) in project [Croatian_Legal_2](59)
2020-09-15 10:55:12,246 [Ángela] Created tag [other:name](7245) in tagset [Named Entity](468) in project [Croatian_Legal_2](59)
2020-09-15 10:55:12,253 [Ángela] Created tag [other:vehicle](7246) in tagset [Named Entity](468) in project [Croatian_Legal_2](59)
2020-09-15 10:55:12,260 [Ángela] Created tag [place](7247) in tagset [Named Entity](468) in project [Croatian_Legal_2](59)
2020-09-15 10:55:12,267 [Ángela] Created tag [postcode](7248) in tagset [Named Entity](468) in project [Croatian_Legal_2](59)
2020-09-15 10:55:12,273 [Ángela] Created tag [social security number](7249) in tagset [Named Entity](468) in project [Croatian_Legal_2](59)
2020-09-15 10:55:12,280 [Ángela] Created tag [standard abbreviation](7250) in tagset [Named Entity](468) in project [Croatian_Legal_2](59)
2020-09-15 10:55:12,287 [Ángela] Created tag [street](7251) in tagset [Named Entity](468) in project [Croatian_Legal_2](59)
2020-09-15 10:55:12,293 [Ángela] Created tag [telephone number](7252) in tagset [Named Entity](468) in project [Croatian_Legal_2](59)
2020-09-15 10:55:12,300 [Ángela] Created tag [territory](7253) in tagset [Named Entity](468) in project [Croatian_Legal_2](59)
2020-09-15 10:55:12,307 [Ángela] Created tag [title](7254) in tagset [Named Entity](468) in project [Croatian_Legal_2](59)
2020-09-15 10:55:12,314 [Ángela] Created tag [type](7255) in tagset [Named Entity](468) in project [Croatian_Legal_2](59)
2020-09-15 10:55:12,320 [Ángela] Created tag [unit](7256) in tagset [Named Entity](468) in project [Croatian_Legal_2](59)
2020-09-15 10:55:12,327 [Ángela] Created tag [unresolved:address](7257) in tagset [Named Entity](468) in project [Croatian_Legal_2](59)
2020-09-15 10:55:12,333 [Ángela] Created tag [unresolved:amount](7258) in tagset [Named Entity](468) in project [Croatian_Legal_2](59)
2020-09-15 10:55:12,340 [Ángela] Created tag [unresolved:contact](7259) in tagset [Named Entity](468) in project [Croatian_Legal_2](59)
2020-09-15 10:55:12,347 [Ángela] Created tag [unresolved:date](7260) in tagset [Named Entity](468) in project [Croatian_Legal_2](59)
2020-09-15 10:55:12,353 [Ángela] Created tag [unresolved:id](7261) in tagset [Named Entity](468) in project [Croatian_Legal_2](59)
2020-09-15 10:55:12,360 [Ángela] Created tag [unresolved:name](7262) in tagset [Named Entity](468) in project [Croatian_Legal_2](59)
2020-09-15 10:55:12,366 [Ángela] Created tag [unresolved:vehicle](7263) in tagset [Named Entity](468) in project [Croatian_Legal_2](59)
2020-09-15 10:55:12,373 [Ángela] Created tag [url](7264) in tagset [Named Entity](468) in project [Croatian_Legal_2](59)
2020-09-15 10:55:12,380 [Ángela] Created tag [value](7265) in tagset [Named Entity](468) in project [Croatian_Legal_2](59)
2020-09-15 10:55:12,386 [Ángela] Created tag [year](7266) in tagset [Named Entity](468) in project [Croatian_Legal_2](59)
2020-09-15 10:55:12,403 [Ángela] Created layer [de.tudarmstadt.ukp.dkpro.core.api.ner.type.NamedEntity](706) in project [Croatian_Legal_2](59)
2020-09-15 10:55:52,442 [Ángela] Created layer [de.tudarmstadt.ukp.dkpro.core.api.ner.type.NamedEntity](706) in project [Croatian_Legal_2](59)
2020-09-15 10:56:11,811 [Ángela] Created layer [de.tudarmstadt.ukp.dkpro.core.api.syntax.type.chunk.Chunk](705) in project [Croatian_Legal_2](59)
2020-09-15 10:56:14,926 [Ángela] Created layer [de.tudarmstadt.ukp.dkpro.core.api.coref.type.Coreference](708) in project [Croatian_Legal_2](59)
2020-09-15 10:56:18,117 [Ángela] Created layer [de.tudarmstadt.ukp.dkpro.core.api.syntax.type.dependency.Dependency](709) in project [Croatian_Legal_2](59)
2020-09-15 10:56:20,591 [Ángela] Created layer [de.tudarmstadt.ukp.dkpro.core.api.segmentation.type.Lemma](703) in project [Croatian_Legal_2](59)
2020-09-15 10:56:24,141 [Ángela] Created layer [de.tudarmstadt.ukp.dkpro.core.api.lexmorph.type.morph.MorphologicalFeatures](702) in project [Croatian_Legal_2](59)
2020-09-15 10:56:27,202 [Ángela] Created layer [de.tudarmstadt.ukp.dkpro.core.api.transform.type.SofaChangeAnnotation](704) in project [Croatian_Legal_2](59)
2020-09-15 10:56:30,525 [Ángela] Created layer [de.tudarmstadt.ukp.dkpro.core.api.lexmorph.type.pos.POS](707) in project [Croatian_Legal_2](59)
2020-09-15 10:56:35,242 [Ángela] Created layer [de.tudarmstadt.ukp.dkpro.core.api.semantics.type.SemArg](700) in project [Croatian_Legal_2](59)
2020-09-15 10:56:37,883 [Ángela] Created layer [de.tudarmstadt.ukp.dkpro.core.api.semantics.type.SemPred](701) in project [Croatian_Legal_2](59)
2020-09-15 10:56:41,196 [Ángela] Created layer [de.tudarmstadt.ukp.dkpro.core.api.segmentation.type.SurfaceForm](699) in project [Croatian_Legal_2](59)
2020-09-15 10:56:46,027 [Ángela] Created layer [de.tudarmstadt.ukp.dkpro.core.api.ner.type.NamedEntity](706) in project [Croatian_Legal_2](59)
2020-09-15 13:51:56,917 [Ángela] Removed permission [ANNOTATOR] for user [HRG2] on project [Croatian_Legal_2](59)
2020-09-16 09:26:01,124 [Ángela] Created permission [ANNOTATOR] for user [HRG2] on project [Croatian_Legal_2](59)
2020-09-16 09:26:52,285 [Ángela] Created layer [de.tudarmstadt.ukp.dkpro.core.api.ner.type.NamedEntity](706) in project [Croatian_Legal_2](59)
2020-09-16 12:09:34,166 [Ángela] Created annotation document [394] for user [HRG2] for source document [Croatian_2_4.txt](1596) in project [Croatian_Legal_2](59)
2020-09-16 12:09:34,373 [Ángela] Upgraded CAS of user [HRG2] for document [Croatian_2_4.txt](1596) in project [Croatian_Legal_2](59)
2020-09-16 12:12:36,944 [Ángela] Created annotation document [396] for user [HRG2] for source document [Croatian_2_2.txt](1594) in project [Croatian_Legal_2](59)
2020-09-16 12:12:37,154 [Ángela] Upgraded CAS of user [HRG2] for document [Croatian_2_2.txt](1594) in project [Croatian_Legal_2](59)
2020-09-16 12:13:33,491 [Ángela] Upgraded CAS of user [HRG2] for document [Croatian_2_2.txt](1594) in project [Croatian_Legal_2](59)
2020-09-18 10:25:06,496 [Ángela] Upgraded CAS of user [HRG2] for document [Croatian_2_2.txt](1594) in project [Croatian_Legal_2](59)
2020-09-18 10:25:43,963 [Ángela] Upgraded CAS of user [HRG2] for document [Croatian_2_4.txt](1596) in project [Croatian_Legal_2](59)
2020-09-18 10:26:06,824 [Ángela] Created annotation document [412] for user [HRG2] for source document [Croatian_2_1.txt](1593) in project [Croatian_Legal_2](59)
2020-09-18 10:26:07,031 [Ángela] Upgraded CAS of user [HRG2] for document [Croatian_2_1.txt](1593) in project [Croatian_Legal_2](59)
2020-09-19 16:15:10,779 [Ángela] Upgraded CAS of user [HRG2] for document [Croatian_2_1.txt](1593) in project [Croatian_Legal_2](59)
2020-09-20 13:43:00,180 [Ángela] Upgraded CAS of user [HRG2] for document [Croatian_2_1.txt](1593) in project [Croatian_Legal_2](59)
2020-09-20 15:10:01,263 [Ángela] Upgraded CAS of user [HRG2] for document [Croatian_2_1.txt](1593) in project [Croatian_Legal_2](59)
2020-09-20 17:18:07,961 [Ángela] Upgraded CAS of user [HRG2] for document [Croatian_2_1.txt](1593) in project [Croatian_Legal_2](59)
2020-09-20 20:15:24,100 [Ángela] Upgraded CAS of user [HRG2] for document [Croatian_2_1.txt](1593) in project [Croatian_Legal_2](59)
2020-09-20 20:26:51,285 [Ángela] Upgraded CAS of user [HRG2] for document [Croatian_2_2.txt](1594) in project [Croatian_Legal_2](59)
2020-09-21 07:52:34,289 [Ángela] Upgraded CAS of user [HRG2] for document [Croatian_2_1.txt](1593) in project [Croatian_Legal_2](59)
2020-09-21 12:02:04,942 [Ángela] Upgraded CAS of user [HRG2] for document [Croatian_2_2.txt](1594) in project [Croatian_Legal_2](59)
2020-09-21 12:47:06,472 [Ángela] Upgraded CAS of user [HRG2] for document [Croatian_2_2.txt](1594) in project [Croatian_Legal_2](59)
2020-09-21 15:02:56,901 [Ángela] Upgraded CAS of user [HRG2] for document [Croatian_2_2.txt](1594) in project [Croatian_Legal_2](59)
2020-09-21 15:38:44,225 [Ángela] Created annotation document [416] for user [HRG2] for source document [Croatian_2_3.txt](1595) in project [Croatian_Legal_2](59)
2020-09-21 15:38:44,434 [Ángela] Upgraded CAS of user [HRG2] for document [Croatian_2_3.txt](1595) in project [Croatian_Legal_2](59)
2020-09-21 17:20:21,418 [Ángela] Upgraded CAS of user [HRG2] for document [Croatian_2_3.txt](1595) in project [Croatian_Legal_2](59)
2020-09-21 18:17:15,319 [Ángela] Upgraded CAS of user [HRG2] for document [Croatian_2_4.txt](1596) in project [Croatian_Legal_2](59)
2020-09-22 08:12:03,944 [Ángela] Upgraded CAS of user [HRG2] for document [Croatian_2_4.txt](1596) in project [Croatian_Legal_2](59)
2020-09-22 09:09:19,428 [Ángela] Upgraded CAS of user [HRG2] for document [Croatian_2_2.txt](1594) in project [Croatian_Legal_2](59)
2020-09-22 09:49:41,572 [Ángela] Upgraded CAS of user [HRG2] for document [Croatian_2_1.txt](1593) in project [Croatian_Legal_2](59)
2020-09-22 09:53:23,819 [Ángela] Upgraded CAS of user [HRG2] for document [Croatian_2_1.txt](1593) in project [Croatian_Legal_2](59)
2020-09-22 10:17:57,443 [Ángela] Upgraded CAS of user [HRG2] for document [Croatian_2_2.txt](1594) in project [Croatian_Legal_2](59)
2020-09-22 10:38:44,554 [Ángela] Upgraded CAS of user [HRG2] for document [Croatian_2_3.txt](1595) in project [Croatian_Legal_2](59)
2020-09-22 10:59:27,669 [Ángela] Upgraded CAS of user [HRG2] for document [Croatian_2_4.txt](1596) in project [Croatian_Legal_2](59)
2020-09-23 08:30:39,286 [Ángela] Upgraded CAS of user [HRG2] for document [Croatian_2_1.txt](1593) in project [Croatian_Legal_2](59)
2020-09-23 08:31:14,619 [Ángela] Upgraded CAS of user [HRG2] for document [Croatian_2_1.txt](1593) in project [Croatian_Legal_2](59)
2020-09-23 10:30:21,160 [Ángela] Upgraded CAS of user [HRG2] for document [Croatian_2_1.txt](1593) in project [Croatian_Legal_2](59)
2020-09-23 10:59:29,694 [Ángela] Upgraded CAS of user [HRG2] for document [Croatian_2_2.txt](1594) in project [Croatian_Legal_2](59)
2020-09-23 11:55:36,291 [Ángela] Upgraded CAS of user [HRG2] for document [Croatian_2_1.txt](1593) in project [Croatian_Legal_2](59)
2020-09-23 13:32:28,948 [Ángela] Upgraded CAS of user [HRG2] for document [Croatian_2_2.txt](1594) in project [Croatian_Legal_2](59)
2020-09-23 13:52:36,271 [Ángela] Upgraded CAS of user [HRG2] for document [Croatian_2_3.txt](1595) in project [Croatian_Legal_2](59)
2020-09-23 13:57:36,373 [Ángela] Upgraded CAS of user [HRG2] for document [Croatian_2_3.txt](1595) in project [Croatian_Legal_2](59)
2020-09-23 13:58:14,637 [Ángela] Upgraded CAS of user [HRG2] for document [Croatian_2_3.txt](1595) in project [Croatian_Legal_2](59)
2020-09-23 13:58:43,408 [Ángela] Upgraded CAS of user [HRG2] for document [Croatian_2_3.txt](1595) in project [Croatian_Legal_2](59)
2020-09-23 14:11:00,606 [Ángela] Upgraded CAS of user [HRG2] for document [Croatian_2_4.txt](1596) in project [Croatian_Legal_2](59)
2020-09-26 14:02:41,615 [Ángela] Upgraded CAS of user [HRG2] for document [Croatian_2_1.txt](1593) in project [Croatian_Legal_2](59)
2020-09-26 16:55:26,313 [Ángela] Upgraded CAS of user [HRG2] for document [Croatian_2_1.txt](1593) in project [Croatian_Legal_2](59)
2020-09-26 17:30:55,867 [Ángela] Upgraded CAS of user [HRG2] for document [Croatian_2_2.txt](1594) in project [Croatian_Legal_2](59)
2020-09-26 17:35:59,356 [Ángela] Upgraded CAS of user [HRG2] for document [Croatian_2_3.txt](1595) in project [Croatian_Legal_2](59)
2020-09-26 17:37:24,747 [Ángela] Upgraded CAS of user [HRG2] for document [Croatian_2_4.txt](1596) in project [Croatian_Legal_2](59)
2020-09-27 17:42:20,317 [Ángela] Upgraded CAS of user [HRG2] for document [Croatian_2_1.txt](1593) in project [Croatian_Legal_2](59)
2020-09-27 17:52:25,390 [Ángela] Upgraded CAS of user [HRG2] for document [Croatian_2_2.txt](1594) in project [Croatian_Legal_2](59)
2020-09-27 18:00:40,193 [Ángela] Upgraded CAS of user [HRG2] for document [Croatian_2_3.txt](1595) in project [Croatian_Legal_2](59)
2020-09-27 18:05:44,329 [Ángela] Upgraded CAS of user [HRG2] for document [Croatian_2_4.txt](1596) in project [Croatian_Legal_2](59)
2020-09-28 08:34:24,098 [Ángela] Upgraded CAS of user [HRG2] for document [Croatian_2_1.txt](1593) in project [Croatian_Legal_2](59)
2020-09-28 08:39:09,838 [Ángela] Upgraded CAS of user [HRG2] for document [Croatian_2_2.txt](1594) in project [Croatian_Legal_2](59)
2020-09-28 08:41:34,736 [Ángela] Upgraded CAS of user [HRG2] for document [Croatian_2_3.txt](1595) in project [Croatian_Legal_2](59)
2020-09-28 08:42:29,955 [Ángela] Upgraded CAS of user [HRG2] for document [Croatian_2_1.txt](1593) in project [Croatian_Legal_2](59)
2020-09-28 08:45:19,984 [Ángela] Upgraded CAS of user [HRG2] for document [Croatian_2_1.txt](1593) in project [Croatian_Legal_2](59)
2020-09-28 08:53:33,836 [Ángela] Upgraded CAS of user [HRG2] for document [Croatian_2_1.txt](1593) in project [Croatian_Legal_2](59)
2020-09-28 08:57:44,382 [Ángela] Upgraded CAS of user [HRG2] for document [Croatian_2_2.txt](1594) in project [Croatian_Legal_2](59)
2020-09-28 08:59:47,365 [Ángela] Upgraded CAS of user [HRG2] for document [Croatian_2_3.txt](1595) in project [Croatian_Legal_2](59)
2020-09-28 09:02:11,689 [Ángela] Upgraded CAS of user [HRG2] for document [Croatian_2_4.txt](1596) in project [Croatian_Legal_2](59)
2020-09-28 09:24:24,897 [Ángela] Upgraded CAS of user [HRG2] for document [Croatian_2_4.txt](1596) in project [Croatian_Legal_2](59)
2020-09-28 11:07:29,898 [Ángela] Upgraded CAS of user [HRG2] for document [Croatian_2_1.txt](1593) in project [Croatian_Legal_2](59)
2020-09-28 11:21:16,960 [Ángela] Upgraded CAS of user [HRG2] for document [Croatian_2_2.txt](1594) in project [Croatian_Legal_2](59)
2020-09-28 11:32:01,348 [Ángela] Upgraded CAS of user [HRG2] for document [Croatian_2_3.txt](1595) in project [Croatian_Legal_2](59)
2020-09-28 11:37:01,244 [Ángela] Upgraded CAS of user [HRG2] for document [Croatian_2_4.txt](1596) in project [Croatian_Legal_2](59)
2020-09-28 14:35:55,227 [Ángela] Upgraded CAS of user [HRG2] for document [Croatian_2_1.txt](1593) in project [Croatian_Legal_2](59)
2020-09-28 14:42:48,642 [Ángela] Upgraded CAS of user [HRG2] for document [Croatian_2_2.txt](1594) in project [Croatian_Legal_2](59)
2020-09-28 14:44:31,038 [Ángela] Upgraded CAS of user [HRG2] for document [Croatian_2_3.txt](1595) in project [Croatian_Legal_2](59)
2020-09-28 14:45:37,123 [Ángela] Upgraded CAS of user [HRG2] for document [Croatian_2_3.txt](1595) in project [Croatian_Legal_2](59)
2020-09-28 14:47:00,367 [Ángela] Upgraded CAS of user [HRG2] for document [Croatian_2_4.txt](1596) in project [Croatian_Legal_2](59)
2020-09-28 14:48:31,524 [Ángela] Upgraded CAS of user [HRG2] for document [Croatian_2_1.txt](1593) in project [Croatian_Legal_2](59)
2020-09-28 15:27:43,450 [Ángela] Upgraded CAS of user [HRG2] for document [Croatian_2_1.txt](1593) in project [Croatian_Legal_2](59)
2020-09-28 15:29:30,327 [Ángela] Upgraded CAS of user [HRG2] for document [Croatian_2_2.txt](1594) in project [Croatian_Legal_2](59)
2020-09-28 15:30:39,029 [Ángela] Upgraded CAS of user [HRG2] for document [Croatian_2_3.txt](1595) in project [Croatian_Legal_2](59)
2020-09-28 15:31:24,160 [Ángela] Upgraded CAS of user [HRG2] for document [Croatian_2_4.txt](1596) in project [Croatian_Legal_2](59)
2020-09-28 15:51:19,191 [Ángela] Upgraded CAS of user [HRG2] for document [Croatian_2_1.txt](1593) in project [Croatian_Legal_2](59)
2020-09-28 15:52:16,099 [Ángela] Upgraded CAS of user [HRG2] for document [Croatian_2_2.txt](1594) in project [Croatian_Legal_2](59)
2020-09-28 15:54:30,722 [Ángela] Upgraded CAS of user [HRG2] for document [Croatian_2_1.txt](1593) in project [Croatian_Legal_2](59)
2020-09-29 07:14:11,115 [Ángela] Upgraded CAS of user [HRG2] for document [Croatian_2_1.txt](1593) in project [Croatian_Legal_2](59)
2020-09-29 07:17:10,360 [Ángela] Upgraded CAS of user [HRG2] for document [Croatian_2_2.txt](1594) in project [Croatian_Legal_2](59)
2020-09-29 07:18:31,974 [Ángela] Upgraded CAS of user [HRG2] for document [Croatian_2_3.txt](1595) in project [Croatian_Legal_2](59)
2020-09-29 07:19:48,942 [Ángela] Upgraded CAS of user [HRG2] for document [Croatian_2_4.txt](1596) in project [Croatian_Legal_2](59)
2020-09-30 22:24:39,282 [Ángela] Upgraded CAS of user [HRG2] for document [Croatian_2_2.txt](1594) in project [Croatian_Legal_2](59)
2020-10-01 09:05:14,265 [Ángela] Upgraded CAS of user [HRG2] for document [Croatian_2_1.txt](1593) in project [Croatian_Legal_2](59)
2020-10-01 09:06:00,556 [Ángela] Upgraded CAS of user [HRG2] for document [Croatian_2_2.txt](1594) in project [Croatian_Legal_2](59)
2020-10-01 15:10:59,806 [Ángela] Exported [11772] logged events for project [Croatian_Legal_2]
2020-10-01 15:10:59,822 [Ángela] Exported [0] chains for project [Croatian_Legal_2]
2020-10-01 15:10:59,836 [Ángela] Exported [0] gazeteers for project [Croatian_Legal_2]
2020-10-01 15:10:59,850 [Ángela] Exported [0] knowledge bases for project [Croatian_Legal_2]
2020-10-01 15:10:59,893 [Ángela] Exported content for source document [1593] in project [Croatian_Legal_2] with id [59]
2020-10-01 15:10:59,893 [Ángela] Exported content for source document [1594] in project [Croatian_Legal_2] with id [59]
2020-10-01 15:10:59,894 [Ángela] Exported content for source document [1595] in project [Croatian_Legal_2] with id [59]
2020-10-01 15:10:59,894 [Ángela] Exported content for source document [1596] in project [Croatian_Legal_2] with id [59]
2020-10-01 15:10:59,952 [Ángela] Exported annotation document content for user [INITIAL_CAS] for source document [1593] in project [Croatian_Legal_2] with id [59]
2020-10-01 15:11:00,352 [Ángela] Exported annotations [Croatian_2_1.txt](1593) for user [HRG2] from project [Croatian_Legal_2](59) using format [xmi]
2020-10-01 15:11:00,495 [Ángela] Exported annotations [Croatian_2_2.txt](1594) for user [HRG2] from project [Croatian_Legal_2](59) using format [xmi]
2020-10-01 15:11:00,596 [Ángela] Exported annotations [Croatian_2_3.txt](1595) for user [HRG2] from project [Croatian_Legal_2](59) using format [xmi]
2020-10-01 15:11:00,702 [Ángela] Exported annotations [Croatian_2_4.txt](1596) for user [HRG2] from project [Croatian_Legal_2](59) using format [xmi]
2020-10-02 13:33:30,958 [Ángela] Imported source document [HRG2_1.xmi](1664) to project [Croatian_Legal_2](59)
2020-10-02 13:33:31,192 [Ángela] Imported source document [HRG2_2.xmi](1665) to project [Croatian_Legal_2](59)
2020-10-02 13:33:31,412 [Ángela] Imported source document [HRG2_3.xmi](1666) to project [Croatian_Legal_2](59)
2020-10-02 13:33:31,690 [Ángela] Imported source document [HRG2_4.xmi](1667) to project [Croatian_Legal_2](59)
2020-10-02 13:51:34,666 [Ángela] Created permission [ANNOTATOR] for user [Joanna] on project [Croatian_Legal_2](59)
2020-10-02 13:51:37,390 [Ángela] Created permission [CURATOR] for user [Joanna] on project [Croatian_Legal_2](59)
2020-10-02 13:51:37,391 [Ángela] Created permission [MANAGER] for user [Joanna] on project [Croatian_Legal_2](59)
2020-10-07 08:34:23,885 [Ángela] Removed source document [HRG2_1.xmi](1664) from project [Croatian_Legal_2](59)
2020-10-07 08:34:23,913 [Ángela] Removed source document [HRG2_2.xmi](1665) from project [Croatian_Legal_2](59)
2020-10-07 08:34:23,935 [Ángela] Removed source document [HRG2_3.xmi](1666) from project [Croatian_Legal_2](59)
2020-10-07 08:34:23,961 [Ángela] Removed source document [HRG2_4.xmi](1667) from project [Croatian_Legal_2](59)
2020-10-07 08:34:27,748 [Ángela] Removed permission [ANNOTATOR] for user [Joanna] on project [Croatian_Legal_2](59)
2020-10-07 08:34:31,993 [Ángela] Removed permission [ANNOTATOR] for user [Ángela] on project [Croatian_Legal_2](59)
2020-10-07 10:28:19,503 [Ángela] Exported annotations [Croatian_2_1.txt](1593) for user [HRG2] from project [Croatian_Legal_2](59) using format [xmi]
2020-10-07 10:28:19,634 [Ángela] Exported annotations [Croatian_2_2.txt](1594) for user [HRG2] from project [Croatian_Legal_2](59) using format [xmi]
2020-10-07 10:28:19,726 [Ángela] Exported annotations [Croatian_2_3.txt](1595) for user [HRG2] from project [Croatian_Legal_2](59) using format [xmi]
2020-10-07 10:28:19,826 [Ángela] Exported annotations [Croatian_2_4.txt](1596) for user [HRG2] from project [Croatian_Legal_2](59) using format [xmi]
2020-10-07 11:27:04,332 [Ángela] Exported annotations [Croatian_2_1.txt](1593) for user [HRG2] from project [Croatian_Legal_2](59) using format [xmi]
2020-10-07 11:27:04,464 [Ángela] Exported annotations [Croatian_2_2.txt](1594) for user [HRG2] from project [Croatian_Legal_2](59) using format [xmi]
2020-10-07 11:27:04,556 [Ángela] Exported annotations [Croatian_2_3.txt](1595) for user [HRG2] from project [Croatian_Legal_2](59) using format [xmi]
2020-10-07 11:27:04,657 [Ángela] Exported annotations [Croatian_2_4.txt](1596) for user [HRG2] from project [Croatian_Legal_2](59) using format [xmi]
2020-10-07 11:53:46,694 [Ángela] Exported annotations [Croatian_2_1.txt](1593) for user [HRG2] from project [Croatian_Legal_2](59) using format [xmi]
2020-10-07 11:53:46,824 [Ángela] Exported annotations [Croatian_2_2.txt](1594) for user [HRG2] from project [Croatian_Legal_2](59) using format [xmi]
2020-10-07 11:53:46,915 [Ángela] Exported annotations [Croatian_2_3.txt](1595) for user [HRG2] from project [Croatian_Legal_2](59) using format [xmi]
2020-10-07 11:53:47,014 [Ángela] Exported annotations [Croatian_2_4.txt](1596) for user [HRG2] from project [Croatian_Legal_2](59) using format [xmi]
2020-11-11 15:05:15,806 [Ángela] Exported [11776] logged events for project [Croatian_Legal_2]
2020-11-11 15:05:15,807 [Ángela] Skipped [8] logged events for [4] documents no longer existing
2020-11-11 15:05:15,821 [Ángela] Exported [0] chains for project [Croatian_Legal_2]
2020-11-11 15:05:15,834 [Ángela] Exported [0] gazeteers for project [Croatian_Legal_2]
2020-11-11 15:05:15,848 [Ángela] Exported [0] knowledge bases for project [Croatian_Legal_2]
2020-11-11 15:05:15,885 [Ángela] Exported content for source document [1593] in project [Croatian_Legal_2] with id [59]
2020-11-11 15:05:15,886 [Ángela] Exported content for source document [1594] in project [Croatian_Legal_2] with id [59]
2020-11-11 15:05:15,886 [Ángela] Exported content for source document [1595] in project [Croatian_Legal_2] with id [59]
2020-11-11 15:05:15,886 [Ángela] Exported content for source document [1596] in project [Croatian_Legal_2] with id [59]
2020-11-11 15:05:15,960 [Ángela] Exported annotation document content for user [INITIAL_CAS] for source document [1593] in project [Croatian_Legal_2] with id [59]
2020-11-11 15:05:16,282 [Ángela] Exported annotations [Croatian_2_1.txt](1593) for user [HRG2] from project [Croatian_Legal_2](59) using format [xmi]
2020-11-11 15:05:16,393 [Ángela] Exported annotations [Croatian_2_2.txt](1594) for user [HRG2] from project [Croatian_Legal_2](59) using format [xmi]
2020-11-11 15:05:16,487 [Ángela] Exported annotations [Croatian_2_3.txt](1595) for user [HRG2] from project [Croatian_Legal_2](59) using format [xmi]
2020-11-11 15:05:16,598 [Ángela] Exported annotations [Croatian_2_4.txt](1596) for user [HRG2] from project [Croatian_Legal_2](59) using format [xmi]
2020-11-12 12:00:17,331 [Ángela] Upgraded CAS of user [HRG2] for document [Croatian_2_3.txt](1595) in project [Croatian_Legal_2](59)
2020-11-12 14:39:00,982 [Ángela] Upgraded CAS of user [HRG2] for document [Croatian_2_1.txt](1593) in project [Croatian_Legal_2](59)
2020-11-12 14:49:10,082 [Ángela] Upgraded CAS of user [HRG2] for document [Croatian_2_1.txt](1593) in project [Croatian_Legal_2](59)
2020-11-12 14:54:46,810 [Ángela] Upgraded CAS of user [HRG2] for document [Croatian_2_1.txt](1593) in project [Croatian_Legal_2](59)
2020-11-12 15:12:12,867 [Ángela] Upgraded CAS of user [HRG2] for document [Croatian_2_1.txt](1593) in project [Croatian_Legal_2](59)
2020-11-12 15:17:41,055 [Ángela] Upgraded CAS of user [HRG2] for document [Croatian_2_2.txt](1594) in project [Croatian_Legal_2](59)
2020-11-12 15:26:23,533 [Ángela] Upgraded CAS of user [HRG2] for document [Croatian_2_3.txt](1595) in project [Croatian_Legal_2](59)
2020-11-13 10:50:40,117 [Ángela] Upgraded CAS of user [HRG2] for document [Croatian_2_3.txt](1595) in project [Croatian_Legal_2](59)
2020-11-13 11:01:21,674 [Ángela] Upgraded CAS of user [HRG2] for document [Croatian_2_4.txt](1596) in project [Croatian_Legal_2](59)
2020-11-13 11:05:02,298 [Ángela] Upgraded CAS of user [HRG2] for document [Croatian_2_2.txt](1594) in project [Croatian_Legal_2](59)
2020-11-18 14:25:19,754 [Ángela] Upgraded CAS of user [HRG2] for document [Croatian_2_1.txt](1593) in project [Croatian_Legal_2](59)
2020-11-18 14:32:28,434 [Ángela] Upgraded CAS of user [HRG2] for document [Croatian_2_2.txt](1594) in project [Croatian_Legal_2](59)
2020-11-18 14:34:47,954 [Ángela] Upgraded CAS of user [HRG2] for document [Croatian_2_1.txt](1593) in project [Croatian_Legal_2](59)
2020-11-18 14:37:13,361 [Ángela] Upgraded CAS of user [HRG2] for document [Croatian_2_2.txt](1594) in project [Croatian_Legal_2](59)
2020-11-18 14:41:33,522 [Ángela] Upgraded CAS of user [HRG2] for document [Croatian_2_3.txt](1595) in project [Croatian_Legal_2](59)
2020-11-18 14:47:58,301 [Ángela] Upgraded CAS of user [HRG2] for document [Croatian_2_4.txt](1596) in project [Croatian_Legal_2](59)
2020-11-27 14:25:44,246 [Ángela] Exported [12483] logged events for project [Croatian_Legal_2]
2020-11-27 14:25:44,246 [Ángela] Skipped [8] logged events for [4] documents no longer existing
2020-11-27 14:25:44,262 [Ángela] Exported [0] chains for project [Croatian_Legal_2]
2020-11-27 14:25:44,275 [Ángela] Exported [0] gazeteers for project [Croatian_Legal_2]
2020-11-27 14:25:44,288 [Ángela] Exported [0] knowledge bases for project [Croatian_Legal_2]
2020-11-27 14:25:44,331 [Ángela] Exported content for source document [1593] in project [Croatian_Legal_2] with id [59]
2020-11-27 14:25:44,331 [Ángela] Exported content for source document [1594] in project [Croatian_Legal_2] with id [59]
2020-11-27 14:25:44,331 [Ángela] Exported content for source document [1595] in project [Croatian_Legal_2] with id [59]
2020-11-27 14:25:44,332 [Ángela] Exported content for source document [1596] in project [Croatian_Legal_2] with id [59]
2020-11-27 14:25:44,389 [Ángela] Exported annotation document content for user [INITIAL_CAS] for source document [1593] in project [Croatian_Legal_2] with id [59]
2020-11-27 14:25:44,750 [Ángela] Exported annotations [Croatian_2_1.txt](1593) for user [HRG2] from project [Croatian_Legal_2](59) using format [xmi]
2020-11-27 14:25:44,859 [Ángela] Exported annotations [Croatian_2_2.txt](1594) for user [HRG2] from project [Croatian_Legal_2](59) using format [xmi]
2020-11-27 14:25:44,950 [Ángela] Exported annotations [Croatian_2_3.txt](1595) for user [HRG2] from project [Croatian_Legal_2](59) using format [xmi]
2020-11-27 14:25:45,051 [Ángela] Exported annotations [Croatian_2_4.txt](1596) for user [HRG2] from project [Croatian_Legal_2](59) using format [xmi]
2020-11-27 15:46:48,439 [Ángela] Upgraded CAS of user [HRG2] for document [Croatian_2_2.txt](1594) in project [Croatian_Legal_2](59)
2020-11-27 15:48:27,459 [Ángela] Upgraded CAS of user [HRG2] for document [Croatian_2_4.txt](1596) in project [Croatian_Legal_2](59)
2020-11-27 15:49:56,601 [Ángela] Upgraded CAS of user [HRG2] for document [Croatian_2_3.txt](1595) in project [Croatian_Legal_2](59)
2020-11-27 15:50:21,943 [Ángela] Upgraded CAS of user [HRG2] for document [Croatian_2_1.txt](1593) in project [Croatian_Legal_2](59)
2020-11-27 15:51:35,793 [Ángela] Exported [12512] logged events for project [Croatian_Legal_2]
2020-11-27 15:51:35,793 [Ángela] Skipped [8] logged events for [4] documents no longer existing
2020-11-27 15:51:35,810 [Ángela] Exported [0] chains for project [Croatian_Legal_2]
2020-11-27 15:51:35,823 [Ángela] Exported [0] gazeteers for project [Croatian_Legal_2]
2020-11-27 15:51:35,836 [Ángela] Exported [0] knowledge bases for project [Croatian_Legal_2]
2020-11-27 15:51:35,876 [Ángela] Exported content for source document [1593] in project [Croatian_Legal_2] with id [59]
2020-11-27 15:51:35,876 [Ángela] Exported content for source document [1594] in project [Croatian_Legal_2] with id [59]
2020-11-27 15:51:35,877 [Ángela] Exported content for source document [1595] in project [Croatian_Legal_2] with id [59]
2020-11-27 15:51:35,877 [Ángela] Exported content for source document [1596] in project [Croatian_Legal_2] with id [59]
2020-11-27 15:51:35,936 [Ángela] Exported annotation document content for user [INITIAL_CAS] for source document [1593] in project [Croatian_Legal_2] with id [59]
2020-11-27 15:51:36,260 [Ángela] Exported annotations [Croatian_2_1.txt](1593) for user [HRG2] from project [Croatian_Legal_2](59) using format [xmi]
2020-11-27 15:51:36,395 [Ángela] Exported annotations [Croatian_2_2.txt](1594) for user [HRG2] from project [Croatian_Legal_2](59) using format [xmi]
2020-11-27 15:51:36,486 [Ángela] Exported annotations [Croatian_2_3.txt](1595) for user [HRG2] from project [Croatian_Legal_2](59) using format [xmi]
2020-11-27 15:51:36,587 [Ángela] Exported annotations [Croatian_2_4.txt](1596) for user [HRG2] from project [Croatian_Legal_2](59) using format [xmi]
2020-11-27 16:26:17,930 [Ángela] Upgraded CAS of user [HRG2] for document [Croatian_2_2.txt](1594) in project [Croatian_Legal_2](59)
2020-11-27 16:26:48,962 [Ángela] Upgraded CAS of user [HRG2] for document [Croatian_2_4.txt](1596) in project [Croatian_Legal_2](59)
2020-11-27 16:30:31,802 [Ángela] Exported [12512] logged events for project [Croatian_Legal_2]
2020-11-27 16:30:31,803 [Ángela] Skipped [8] logged events for [4] documents no longer existing
2020-11-27 16:30:31,819 [Ángela] Exported [0] chains for project [Croatian_Legal_2]
2020-11-27 16:30:31,832 [Ángela] Exported [0] gazeteers for project [Croatian_Legal_2]
2020-11-27 16:30:31,845 [Ángela] Exported [0] knowledge bases for project [Croatian_Legal_2]
2020-11-27 16:30:31,882 [Ángela] Exported content for source document [1593] in project [Croatian_Legal_2] with id [59]
2020-11-27 16:30:31,882 [Ángela] Exported content for source document [1594] in project [Croatian_Legal_2] with id [59]
2020-11-27 16:30:31,883 [Ángela] Exported content for source document [1595] in project [Croatian_Legal_2] with id [59]
2020-11-27 16:30:31,883 [Ángela] Exported content for source document [1596] in project [Croatian_Legal_2] with id [59]
2020-11-27 16:30:31,938 [Ángela] Exported annotation document content for user [INITIAL_CAS] for source document [1593] in project [Croatian_Legal_2] with id [59]
2020-11-27 16:30:32,305 [Ángela] Exported annotations [Croatian_2_1.txt](1593) for user [HRG2] from project [Croatian_Legal_2](59) using format [xmi]
2020-11-27 16:30:32,415 [Ángela] Exported annotations [Croatian_2_2.txt](1594) for user [HRG2] from project [Croatian_Legal_2](59) using format [xmi]
2020-11-27 16:30:32,507 [Ángela] Exported annotations [Croatian_2_3.txt](1595) for user [HRG2] from project [Croatian_Legal_2](59) using format [xmi]
2020-11-27 16:30:32,619 [Ángela] Exported annotations [Croatian_2_4.txt](1596) for user [HRG2] from project [Croatian_Legal_2](59) using format [xmi]
